[02-12 14:14:40]add harbor notice: ID[1],名称《Argent Harbor] 
[02-12 14:14:40]add harbor notice: ID[2],名称《Thundoria Harbor] 
[02-12 14:14:40]add harbor notice: ID[3],名称《Shaitan Harbor] 
[02-12 14:14:40]add harbor notice: ID[4],名称《Icicle Harbor] 
[02-12 14:14:40]add harbor notice: ID[5],名称《Zephyr Harbor] 
[02-12 14:14:40]add harbor notice: ID[6],名称《Glacier Harbor] 
[02-12 14:14:40]add harbor notice: ID[7],名称《Outlaw Harbor] 
[02-12 14:14:40]add harbor notice: ID[8],名称《Harbor of Chill] 
[02-12 14:14:40]add harbor notice: ID[9],名称《Canary Harbor] 
[02-12 14:14:40]add harbor notice: ID[10],名称《Cupid Harbor] 
[02-12 14:14:40]add harbor notice: ID[11],名称《Harbor of Fortune] 
[02-12 14:14:40]add harbor notice: ID[12],名称《Mystery Harbor] 
[02-12 14:14:40]add harbor notice: ID[13],名称《Spring Harbor] 
[02-12 14:14:40]add harbor notice: ID[14],名称《Summer Southern Harbor] 
[02-12 14:14:40]add harbor notice: ID[15],名称《Southern Summer Harbor] 
[02-12 14:21:21]add harbor notice: ID[1],名称《Argent Harbor] 
[02-12 14:21:21]add harbor notice: ID[2],名称《Thundoria Harbor] 
[02-12 14:21:21]add harbor notice: ID[3],名称《Shaitan Harbor] 
[02-12 14:21:21]add harbor notice: ID[4],名称《Icicle Harbor] 
[02-12 14:21:21]add harbor notice: ID[5],名称《Zephyr Harbor] 
[02-12 14:21:21]add harbor notice: ID[6],名称《Glacier Harbor] 
[02-12 14:21:21]add harbor notice: ID[7],名称《Outlaw Harbor] 
[02-12 14:21:21]add harbor notice: ID[8],名称《Harbor of Chill] 
[02-12 14:21:21]add harbor notice: ID[9],名称《Canary Harbor] 
[02-12 14:21:21]add harbor notice: ID[10],名称《Cupid Harbor] 
[02-12 14:21:21]add harbor notice: ID[11],名称《Harbor of Fortune] 
[02-12 14:21:21]add harbor notice: ID[12],名称《Mystery Harbor] 
[02-12 14:21:21]add harbor notice: ID[13],名称《Spring Harbor] 
[02-12 14:21:21]add harbor notice: ID[14],名称《Summer Southern Harbor] 
[02-12 14:21:21]add harbor notice: ID[15],名称《Southern Summer Harbor] 
