[02-12 14:21:00]execute memory move	 currently time 11189453，remain time 298，passes time 11189328，passes time 125。
[02-12 14:21:01]execute memory move	 currently time 11189765，remain time 298，passes time 11189328，passes time 437。
[02-12 14:21:01]execute memory move request[Packet: 0]
[02-12 14:21:01]$$$PacketID:	0
[02-12 14:21:01]===Recieve(Move):	Tick 11189765
[02-12 14:21:01]Point:	  2
[02-12 14:21:01]	226731, 	112615
[02-12 14:21:01]	227103, 	112505
[02-12 14:21:01]
[02-12 14:21:01]move stat	currently time 11189765，move distance 0，cost time 0，	accumulative distance 0，taccumulative cost time 0。
[02-12 14:21:01]$$$PacketID:	0
[02-12 14:21:01]###Send(Move):	Tick 11189765
[02-12 14:21:01]Point:	  2
[02-12 14:21:01]	226651, 	112475
[02-12 14:21:01]	226651, 	112475
[02-12 14:21:01]Elapse: 0
[02-12 14:21:01]Distance: 0
[02-12 14:21:01]@@@End Move	State:2
[02-12 14:21:01]
[02-12 14:21:01]Add action(Move) ActionData[-1, 0]
[02-12 14:21:01]request move	 currently time 11190390，remain time 0，passes time 11189765，passes time 625。
[02-12 14:21:01]$$$PacketID:	0
[02-12 14:21:01]===Recieve(Move):	Tick 11190390
[02-12 14:21:01]Point:	  2
[02-12 14:21:01]	226651, 	112475
[02-12 14:21:01]	226354, 	112795
[02-12 14:21:01]
[02-12 14:21:01]move stat	currently time 11190390，move distance 323，cost time 600，	accumulative distance 323，taccumulative cost time 600。
[02-12 14:21:01]$$$PacketID:	0
[02-12 14:21:01]###Send(Move):	Tick 11190390
[02-12 14:21:01]Point:	  2
[02-12 14:21:01]	226651, 	112475
[02-12 14:21:01]	226431, 	112712
[02-12 14:21:01]Elapse: 600
[02-12 14:21:01]Distance: 323
[02-12 14:21:01]
[02-12 14:21:01]Add action(Move) ActionData[0, 1]
[02-12 14:21:01]$$$PacketID:	0
[02-12 14:21:01]===Recieve(Stop Move):	Tick 11190390
[02-12 14:21:01]$$$PacketID:	0
[02-12 14:21:01]###Send(Move):	Tick 11190390
[02-12 14:21:01]Point:	  2
[02-12 14:21:01]	226651, 	112475
[02-12 14:21:01]	226431, 	112712
[02-12 14:21:01]Elapse: 600
[02-12 14:21:01]Distance: 323
[02-12 14:21:01]@@@End Move	State:4
[02-12 14:21:01]
[02-12 14:21:01]request move	 currently time 11190390，remain time 600，passes time 11190390，passes time 0。
[02-12 14:21:01]$$$PacketID:	0
[02-12 14:21:01]DesireMoveBegin memory move request	LeftTime: 600	Ping: 0

[02-12 14:21:01]execute memory move	 currently time 11190390，remain time 600，passes time 11190390，passes time 0。
[02-12 14:21:01]execute memory move	 currently time 11190640，remain time 600，passes time 11190390，passes time 250。
[02-12 14:21:02]execute memory move	 currently time 11190953，remain time 600，passes time 11190390，passes time 563。
[02-12 14:21:02]execute memory move	 currently time 11191265，remain time 600，passes time 11190390，passes time 875。
[02-12 14:21:02]execute memory move request[Packet: 0]
[02-12 14:21:02]$$$PacketID:	0
[02-12 14:21:02]===Recieve(Move):	Tick 11191265
[02-12 14:21:02]Point:	  2
[02-12 14:21:02]	226651, 	112475
[02-12 14:21:02]	227103, 	112505
[02-12 14:21:02]
[02-12 14:21:02]move stat	currently time 11191265，move distance 323，cost time 600，	accumulative distance 323，taccumulative cost time 600。
[02-12 14:21:02]$$$PacketID:	0
[02-12 14:21:02]###Send(Move):	Tick 11191265
[02-12 14:21:02]Point:	  2
[02-12 14:21:02]	226431, 	112712
[02-12 14:21:02]	226740, 	112617
[02-12 14:21:02]Elapse: 600
[02-12 14:21:02]Distance: 323
[02-12 14:21:02]
[02-12 14:21:02]the aim point of move is currently move point,request be ignore [PacketID: 0]
[02-12 14:21:03]move stat	currently time 11191828，move distance 0，cost time 0，	accumulative distance 323，taccumulative cost time 598。
[02-12 14:21:03]$$$PacketID:	0
[02-12 14:21:03]###Send(Move):	Tick 11191828
[02-12 14:21:03]Point:	  2
[02-12 14:21:03]	226740, 	112617
[02-12 14:21:03]	226740, 	112617
[02-12 14:21:03]Elapse: 0
[02-12 14:21:03]Distance: 0
[02-12 14:21:03]@@@End Move	State:2
[02-12 14:21:03]
[02-12 14:21:03]cease execute OnMove[State:2]
