[02-12 14:14:41]Attrib file: [id=0] -> [./resource/garner\garner.atr]
[02-12 14:14:42]Attrib file: [id=1] -> [./resource/teampk\teampk.atr]
[02-12 14:14:42]Attrib file: [id=2] -> [./resource/lonetower\lonetower.atr]
[02-12 14:14:42]Attrib file: [id=3] -> [./resource/abandonedcity\abandonedcity.atr]
[02-12 14:14:42]Attrib file: [id=4] -> [./resource/abandonedcity2\abandonedcity2.atr]
[02-12 14:14:42]Attrib file: [id=5] -> [./resource/abandonedcity3\abandonedcity3.atr]
[02-12 14:14:42]Attrib file: [id=6] -> [./resource/pkmap\pkmap.atr]
[02-12 14:14:42]Attrib file: [id=7] -> [./resource/ctf\ctf.atr]
[02-12 14:14:42]Attrib file: [id=8] -> [./resource/egtown\egtown.atr]
[02-12 14:14:42]Attrib file: [id=9] -> [./resource/07xmas2\07xmas2.atr]
[02-12 14:14:42]Attrib file: [id=10] -> [./resource/jialebi\jialebi.atr]
[02-12 14:14:43]Attrib file: [id=11] -> [./resource/bountypk\bountypk.atr]
[02-12 14:21:23]Attrib file: [id=0] -> [./resource/garner\garner.atr]
[02-12 14:21:24]Attrib file: [id=1] -> [./resource/teampk\teampk.atr]
[02-12 14:21:24]Attrib file: [id=2] -> [./resource/lonetower\lonetower.atr]
[02-12 14:21:24]Attrib file: [id=3] -> [./resource/abandonedcity\abandonedcity.atr]
[02-12 14:21:24]Attrib file: [id=4] -> [./resource/abandonedcity2\abandonedcity2.atr]
[02-12 14:21:24]Attrib file: [id=5] -> [./resource/abandonedcity3\abandonedcity3.atr]
[02-12 14:21:24]Attrib file: [id=6] -> [./resource/pkmap\pkmap.atr]
[02-12 14:21:24]Attrib file: [id=7] -> [./resource/ctf\ctf.atr]
[02-12 14:21:24]Attrib file: [id=8] -> [./resource/egtown\egtown.atr]
[02-12 14:21:24]Attrib file: [id=9] -> [./resource/07xmas2\07xmas2.atr]
[02-12 14:21:25]Attrib file: [id=10] -> [./resource/jialebi\jialebi.atr]
[02-12 14:21:25]Attrib file: [id=11] -> [./resource/bountypk\bountypk.atr]
