[02-12 14:14:41]set makp (garner)，ID = 1!
[02-12 14:14:42]set makp (teampk)，ID = 13!
[02-12 14:14:42]set makp (lonetower)，ID = 5!
[02-12 14:14:42]set makp (abandonedcity)，ID = 8!
[02-12 14:14:42]set makp (abandonedcity2)，ID = 9!
[02-12 14:14:42]set makp (abandonedcity3)，ID = 10!
[02-12 14:14:42]set makp (pkmap)，ID = 56!
[02-12 14:14:42]set makp (ctf)，ID = 57!
[02-12 14:14:42]set makp (egtown)，ID = 55!
[02-12 14:14:42]set makp (07xmas2)，ID = 29!
[02-12 14:14:42]set makp (jialebi)，ID = 14!
[02-12 14:14:43]set makp (bountypk)，ID = 53!
[02-12 14:21:23]set makp (garner)，ID = 1!
[02-12 14:21:24]set makp (teampk)，ID = 13!
[02-12 14:21:24]set makp (lonetower)，ID = 5!
[02-12 14:21:24]set makp (abandonedcity)，ID = 8!
[02-12 14:21:24]set makp (abandonedcity2)，ID = 9!
[02-12 14:21:24]set makp (abandonedcity3)，ID = 10!
[02-12 14:21:24]set makp (pkmap)，ID = 56!
[02-12 14:21:24]set makp (ctf)，ID = 57!
[02-12 14:21:24]set makp (egtown)，ID = 55!
[02-12 14:21:24]set makp (07xmas2)，ID = 29!
[02-12 14:21:24]set makp (jialebi)，ID = 14!
[02-12 14:21:25]set makp (bountypk)，ID = 53!
