[02-12 14:14:38]135,Arrow 01,cha ID:1
[02-12 14:14:38]149,Gunpowder 01,cha ID:1
[02-12 14:14:38]200,Left Plaster Glove,cha ID:1
[02-12 14:14:38]201,Left Brawler Glove,cha ID:1
[02-12 14:14:38]202,Left Master Glove,cha ID:1
[02-12 14:14:38]203,Left Jagged Blade,cha ID:1
[02-12 14:14:38]204,Left Cosmo Blade,cha ID:1
[02-12 14:14:38]205,Left Tiger Glove,cha ID:1
[02-12 14:14:38]206,Left Hand of Death,cha ID:1
[02-12 14:14:38]635,Lv 1 Strike Coral,cha ID:2
[02-12 14:14:38]636,Lv 2 Strike Coral,cha ID:2
[02-12 14:14:38]637,Lv 3 Strike Coral,cha ID:2
[02-12 14:14:38]638,Lv 4 Strike Coral,cha ID:2
[02-12 14:14:38]639,Lv 5 Strike Coral,cha ID:2
[02-12 14:14:38]1124,Chaos Framestone,cha ID:1
[02-12 14:14:38]1125,Chaos Clawstone,cha ID:1
[02-12 14:14:38]1126,Chaos Pawstone,cha ID:1
[02-12 14:14:38]1127,Chaos Crownstone,cha ID:1
[02-12 14:14:39]1999,Lance Failed Hairdo 1,cha ID:2
[02-12 14:14:39]2000,Hairdo 1,cha ID:2
[02-12 14:14:39]2001,Hairdo 2,cha ID:2
[02-12 14:14:39]2002,Hairdo 3,cha ID:2
[02-12 14:14:39]2003,Hairdo 4,cha ID:2
[02-12 14:14:39]2004,Hairdo 5,cha ID:2
[02-12 14:14:39]2005,Hairdo 6,cha ID:2
[02-12 14:14:39]2006,Hairdo 7,cha ID:2
[02-12 14:14:39]2007,Hairdo 8,cha ID:2
[02-12 14:14:39]2008,Event Commissioner,cha ID:2
[02-12 14:14:39]2009,Hairdo 1,cha ID:2
[02-12 14:14:39]2010,Hairdo 1,cha ID:2
[02-12 14:14:39]2011,Hairdo 1,cha ID:2
[02-12 14:14:39]2012,Hairdo 1,cha ID:2
[02-12 14:14:39]2013,Hairdo 1,cha ID:2
[02-12 14:14:39]2014,Hairdo 1,cha ID:2
[02-12 14:14:39]2015,Hairdo 2,cha ID:2
[02-12 14:14:39]2016,Hairdo 2,cha ID:2
[02-12 14:14:39]2017,Hairdo 2,cha ID:2
[02-12 14:14:39]2018,Hairdo 2,cha ID:2
[02-12 14:14:39]2019,Hairdo 2,cha ID:2
[02-12 14:14:39]2020,Hairdo 2,cha ID:2
[02-12 14:14:39]2021,Hairdo 3,cha ID:2
[02-12 14:14:39]2022,Hairdo 3,cha ID:2
[02-12 14:14:39]2023,Hairdo 3,cha ID:2
[02-12 14:14:39]2024,Hairdo 3,cha ID:2
[02-12 14:14:39]2025,Hairdo 3,cha ID:2
[02-12 14:14:39]2026,Hairdo 3,cha ID:2
[02-12 14:14:39]2027,Hairdo 4,cha ID:2
[02-12 14:14:39]2028,Hairdo 4,cha ID:2
[02-12 14:14:39]2029,Hairdo 4,cha ID:2
[02-12 14:14:39]2030,Hairdo 4,cha ID:2
[02-12 14:14:39]2031,Hairdo 4,cha ID:2
[02-12 14:14:39]2032,Hairdo 4,cha ID:2
[02-12 14:14:39]2033,Hairdo 5,cha ID:2
[02-12 14:14:39]2034,Hairdo 5,cha ID:2
[02-12 14:14:39]2035,Hairdo 5,cha ID:2
[02-12 14:14:39]2036,Hairdo 5,cha ID:2
[02-12 14:14:39]2037,Hairdo 5,cha ID:2
[02-12 14:14:39]2038,Hairdo 5,cha ID:2
[02-12 14:14:39]2039,Hairdo 5,cha ID:2
[02-12 14:14:39]2040,Hairdo 6,cha ID:2
[02-12 14:14:39]2041,Hairdo 6,cha ID:2
[02-12 14:14:39]2042,Hairdo 6,cha ID:2
[02-12 14:14:39]2043,Hairdo 6,cha ID:2
[02-12 14:14:39]2044,Hairdo 6,cha ID:2
[02-12 14:14:39]2045,Hairdo 6,cha ID:2
[02-12 14:14:39]2046,Hairdo 6,cha ID:2
[02-12 14:14:39]2047,Hairdo 7,cha ID:2
[02-12 14:14:39]2048,Hairdo 7,cha ID:2
[02-12 14:14:39]2049,Hairdo 7,cha ID:2
[02-12 14:14:39]2050,Hairdo 7,cha ID:2
[02-12 14:14:39]2051,Hairdo 7,cha ID:2
[02-12 14:14:39]2052,Hairdo 7,cha ID:2
[02-12 14:14:39]2053,Hairdo 7,cha ID:2
[02-12 14:14:39]2054,Hairdo 8,cha ID:2
[02-12 14:14:39]2055,Hairdo 8,cha ID:2
[02-12 14:14:39]2056,Hairdo 8,cha ID:2
[02-12 14:14:39]2057,Hairdo 8,cha ID:2
[02-12 14:14:39]2058,Hairdo 8,cha ID:2
[02-12 14:14:39]2059,Hairdo 8,cha ID:2
[02-12 14:14:39]2060,Guy 1 Bald Hairdo,cha ID:2
[02-12 14:14:39]2061,Lance Failed Hairdo 2,cha ID:2
[02-12 14:14:39]2062,Hairdo 1,cha ID:1
[02-12 14:14:39]2063,Hairdo 2,cha ID:1
[02-12 14:14:39]2064,Hairdo 3,cha ID:1
[02-12 14:14:39]2065,Hairdo 4,cha ID:1
[02-12 14:14:39]2066,Hairdo 5,cha ID:1
[02-12 14:14:39]2067,Hairdo 6,cha ID:1
[02-12 14:14:39]2068,Hairdo 7,cha ID:1
[02-12 14:14:39]2069,Hairdo 8,cha ID:1
[02-12 14:14:39]2070,Event Commissioner,cha ID:1
[02-12 14:14:39]2071,Hairdo 1,cha ID:1
[02-12 14:14:39]2072,Hairdo 1,cha ID:1
[02-12 14:14:39]2073,Hairdo 1,cha ID:1
[02-12 14:14:39]2074,Hairdo 1,cha ID:1
[02-12 14:14:39]2075,Hairdo 1,cha ID:1
[02-12 14:14:39]2076,Hairdo 1,cha ID:1
[02-12 14:14:39]2077,Hairdo 1,cha ID:1
[02-12 14:14:39]2078,Hairdo 2,cha ID:1
[02-12 14:14:39]2079,Hairdo 2,cha ID:1
[02-12 14:14:39]2080,Hairdo 2,cha ID:1
[02-12 14:14:39]2081,Hairdo 2,cha ID:1
[02-12 14:14:39]2082,Hairdo 2,cha ID:1
[02-12 14:14:39]2083,Hairdo 2,cha ID:1
[02-12 14:14:39]2084,Hairdo 3,cha ID:1
[02-12 14:14:39]2085,Hairdo 3,cha ID:1
[02-12 14:14:39]2086,Hairdo 3,cha ID:1
[02-12 14:14:39]2087,Hairdo 3,cha ID:1
[02-12 14:14:39]2088,Hairdo 3,cha ID:1
[02-12 14:14:39]2089,Hairdo 3,cha ID:1
[02-12 14:14:39]2090,Hairdo 4,cha ID:1
[02-12 14:14:39]2091,Hairdo 4,cha ID:1
[02-12 14:14:39]2092,Hairdo 4,cha ID:1
[02-12 14:14:39]2093,Hairdo 4,cha ID:1
[02-12 14:14:39]2094,Hairdo 4,cha ID:1
[02-12 14:14:39]2095,Hairdo 4,cha ID:1
[02-12 14:14:39]2096,Hairdo 4,cha ID:1
[02-12 14:14:39]2097,Hairdo 5,cha ID:1
[02-12 14:14:39]2098,Hairdo 5,cha ID:1
[02-12 14:14:39]2099,Hairdo 5,cha ID:1
[02-12 14:14:39]2100,Hairdo 5,cha ID:1
[02-12 14:14:39]2101,Hairdo 6,cha ID:1
[02-12 14:14:39]2102,Hairdo 6,cha ID:1
[02-12 14:14:39]2103,Hairdo 6,cha ID:1
[02-12 14:14:39]2104,Hairdo 6,cha ID:1
[02-12 14:14:39]2105,Hairdo 6,cha ID:1
[02-12 14:14:39]2106,Hairdo 6,cha ID:1
[02-12 14:14:39]2107,Hairdo 6,cha ID:1
[02-12 14:14:39]2108,Hairdo 7,cha ID:1
[02-12 14:14:39]2109,Hairdo 7,cha ID:1
[02-12 14:14:39]2110,Hairdo 7,cha ID:1
[02-12 14:14:39]2111,Hairdo 7,cha ID:1
[02-12 14:14:39]2112,Hairdo 7,cha ID:1
[02-12 14:14:39]2113,Hairdo 7,cha ID:1
[02-12 14:14:39]2114,Hairdo 8,cha ID:1
[02-12 14:14:39]2115,Hairdo 8,cha ID:1
[02-12 14:14:39]2116,Hairdo 8,cha ID:1
[02-12 14:14:39]2117,Hairdo 8,cha ID:1
[02-12 14:14:39]2118,Hairdo 8,cha ID:1
[02-12 14:14:39]2119,Hairdo 8,cha ID:1
[02-12 14:14:39]2120,Hairdo 8,cha ID:1
[02-12 14:14:39]2121,Carsise Failed Hairdo 1,cha ID:1
[02-12 14:14:39]2122,Guy 2 Bald Hairdo,cha ID:1
[02-12 14:14:39]2123,Carsise Failed Hairdo 2,cha ID:1
[02-12 14:14:39]2124,Hairdo 1,cha ID:1
[02-12 14:14:39]2125,Hairdo 2,cha ID:1
[02-12 14:14:39]2126,Hairdo 3,cha ID:1
[02-12 14:14:39]2127,Hairdo 4,cha ID:1
[02-12 14:14:39]2128,Hairdo 5,cha ID:1
[02-12 14:14:39]2129,Hairdo 6,cha ID:1
[02-12 14:14:39]2130,Hairdo 7,cha ID:1
[02-12 14:14:39]2131,Hairdo 8,cha ID:1
[02-12 14:14:39]2132,Event Commissioner,cha ID:1
[02-12 14:14:39]2133,Hairdo 1,cha ID:1
[02-12 14:14:39]2134,Hairdo 1,cha ID:1
[02-12 14:14:39]2135,Hairdo 1,cha ID:1
[02-12 14:14:39]2136,Hairdo 1,cha ID:1
[02-12 14:14:39]2137,Hairdo 1,cha ID:1
[02-12 14:14:39]2138,Hairdo 1,cha ID:1
[02-12 14:14:39]2139,Hairdo 1,cha ID:1
[02-12 14:14:39]2140,Hairdo 2,cha ID:1
[02-12 14:14:39]2141,Hairdo 2,cha ID:1
[02-12 14:14:39]2142,Hairdo 2,cha ID:1
[02-12 14:14:39]2143,Hairdo 2,cha ID:1
[02-12 14:14:39]2144,Hairdo 2,cha ID:1
[02-12 14:14:39]2145,Hairdo 2,cha ID:1
[02-12 14:14:39]2146,Hairdo 3,cha ID:1
[02-12 14:14:39]2147,Hairdo 3,cha ID:1
[02-12 14:14:39]2148,Hairdo 3,cha ID:1
[02-12 14:14:39]2149,Hairdo 3,cha ID:1
[02-12 14:14:39]2150,Hairdo 3,cha ID:1
[02-12 14:14:39]2151,Hairdo 3,cha ID:1
[02-12 14:14:39]2152,Hairdo 4,cha ID:1
[02-12 14:14:39]2153,Hairdo 4,cha ID:1
[02-12 14:14:39]2154,Hairdo 4,cha ID:1
[02-12 14:14:39]2155,Hairdo 4,cha ID:1
[02-12 14:14:39]2156,Hairdo 4,cha ID:1
[02-12 14:14:39]2157,Hairdo 4,cha ID:1
[02-12 14:14:39]2158,Hairdo 5,cha ID:1
[02-12 14:14:39]2159,Hairdo 5,cha ID:1
[02-12 14:14:39]2160,Hairdo 5,cha ID:1
[02-12 14:14:39]2161,Hairdo 5,cha ID:1
[02-12 14:14:39]2162,Hairdo 5,cha ID:1
[02-12 14:14:39]2163,Hairdo 5,cha ID:1
[02-12 14:14:39]2164,Hairdo 6,cha ID:1
[02-12 14:14:39]2165,Hairdo 6,cha ID:1
[02-12 14:14:39]2166,Hairdo 6,cha ID:1
[02-12 14:14:39]2167,Hairdo 6,cha ID:1
[02-12 14:14:39]2168,Hairdo 6,cha ID:1
[02-12 14:14:39]2169,Hairdo 6,cha ID:1
[02-12 14:14:39]2170,Hairdo 7,cha ID:1
[02-12 14:14:39]2171,Hairdo 7,cha ID:1
[02-12 14:14:39]2172,Hairdo 7,cha ID:1
[02-12 14:14:39]2173,Hairdo 7,cha ID:1
[02-12 14:14:39]2174,Hairdo 7,cha ID:1
[02-12 14:14:39]2175,Hairdo 7,cha ID:1
[02-12 14:14:39]2176,Hairdo 8,cha ID:1
[02-12 14:14:39]2177,Hairdo 8,cha ID:1
[02-12 14:14:39]2178,Hairdo 8,cha ID:1
[02-12 14:14:39]2179,Hairdo 8,cha ID:1
[02-12 14:14:39]2180,Hairdo 8,cha ID:1
[02-12 14:14:39]2181,Hairdo 8,cha ID:1
[02-12 14:14:39]2182,Phyllis Failed Hairdo 1,cha ID:1
[02-12 14:14:39]2183,Phyllis Failed Hairdo 2,cha ID:1
[02-12 14:14:39]2184,Girl 1 Bald Hairdo,cha ID:1
[02-12 14:14:39]2185,Girl 1 Hair Makeup 01,cha ID:1
[02-12 14:14:39]2186,Girl 2 Hair 00,cha ID:1
[02-12 14:14:39]2275,Lance Trendy Hairdo 1,cha ID:4
[02-12 14:14:39]2276,Lance Trendy Hairdo 2,cha ID:4
[02-12 14:14:39]2277,Lance Trendy Hairdo 3,cha ID:4
[02-12 14:14:39]2278,Lance Trendy Hairdo 4,cha ID:4
[02-12 14:14:39]2279,Carsise Trendy Hairdo 1,cha ID:4
[02-12 14:14:39]2280,Carsise Trendy Hairdo 2,cha ID:4
[02-12 14:14:39]2281,Carsise Trendy Hairdo 3,cha ID:4
[02-12 14:14:39]2282,Carsise Trendy Hairdo 4,cha ID:4
[02-12 14:14:39]2283,Phyllis Trendy Hairdo 1,cha ID:4
[02-12 14:14:39]2284,Phyllis Trendy Hairdo 2,cha ID:4
[02-12 14:14:39]2285,Phyllis Trendy Hairdo 3,cha ID:4
[02-12 14:14:39]2286,Phyllis Trendy Hairdo 4,cha ID:4
[02-12 14:14:39]2434,Arrow 02,cha ID:1
[02-12 14:14:39]2448,Gunpowder 02,cha ID:1
[02-12 14:14:39]2499,Left Plaster Glove,cha ID:1
[02-12 14:14:39]2500,Left Brawler Glove,cha ID:1
[02-12 14:14:39]2501,Left Master Glove,cha ID:1
[02-12 14:14:39]2502,Left Jagged Blade,cha ID:1
[02-12 14:14:39]2503,Left Cosmo Blade,cha ID:1
[02-12 14:14:39]2504,Left Tiger Glove,cha ID:1
[02-12 14:14:39]2505,Left Hand of Death,cha ID:1
[02-12 14:14:39]2530,Hephaestus Framestone,cha ID:2
[02-12 14:14:39]2531,Hephaestus Clawstone,cha ID:2
[02-12 14:14:39]2532,Hephaestus Pawstone,cha ID:2
[02-12 14:14:39]2533,Hermes Framestone,cha ID:1
[02-12 14:14:39]2534,Hermes Clawstone,cha ID:1
[02-12 14:14:39]2535,Hermes Pawstone,cha ID:1
[02-12 14:14:39]2536,Apollo Framestone,cha ID:1
[02-12 14:14:39]2537,Apollo Clawstone,cha ID:1
[02-12 14:14:39]2538,Apollo Pawstone,cha ID:1
[02-12 14:14:39]2539,Poseidon Framestone,cha ID:1
[02-12 14:14:39]2540,Poseidon Clawstone,cha ID:1
[02-12 14:14:39]2541,Poseidon Pawstone,cha ID:1
[02-12 14:14:39]2542,Hestia Framestone,cha ID:3
[02-12 14:14:39]2543,Hestia Clawstone,cha ID:3
[02-12 14:14:39]2544,Hestia Pawstone,cha ID:3
[02-12 14:14:39]2545,Athena Framestone,cha ID:3
[02-12 14:14:39]2546,Athena Clawstone,cha ID:3
[02-12 14:14:39]2547,Athena Pawstone,cha ID:3
[02-12 14:14:39]2548,Artemis Crownstone,cha ID:1
[02-12 14:14:39]3061,Bear Shoes,cha ID:4
[02-12 14:14:39]3285,Calculator,cha ID:1
[02-12 14:14:39]3287,Laptop Computer,cha ID:1
[02-12 14:21:18]135,Arrow 01,cha ID:1
[02-12 14:21:19]149,Gunpowder 01,cha ID:1
[02-12 14:21:19]200,Left Plaster Glove,cha ID:1
[02-12 14:21:19]201,Left Brawler Glove,cha ID:1
[02-12 14:21:19]202,Left Master Glove,cha ID:1
[02-12 14:21:19]203,Left Jagged Blade,cha ID:1
[02-12 14:21:19]204,Left Cosmo Blade,cha ID:1
[02-12 14:21:19]205,Left Tiger Glove,cha ID:1
[02-12 14:21:19]206,Left Hand of Death,cha ID:1
[02-12 14:21:19]635,Lv 1 Strike Coral,cha ID:2
[02-12 14:21:19]636,Lv 2 Strike Coral,cha ID:2
[02-12 14:21:19]637,Lv 3 Strike Coral,cha ID:2
[02-12 14:21:19]638,Lv 4 Strike Coral,cha ID:2
[02-12 14:21:19]639,Lv 5 Strike Coral,cha ID:2
[02-12 14:21:19]1124,Chaos Framestone,cha ID:1
[02-12 14:21:19]1125,Chaos Clawstone,cha ID:1
[02-12 14:21:19]1126,Chaos Pawstone,cha ID:1
[02-12 14:21:19]1127,Chaos Crownstone,cha ID:1
[02-12 14:21:19]1999,Lance Failed Hairdo 1,cha ID:2
[02-12 14:21:19]2000,Hairdo 1,cha ID:2
[02-12 14:21:19]2001,Hairdo 2,cha ID:2
[02-12 14:21:19]2002,Hairdo 3,cha ID:2
[02-12 14:21:19]2003,Hairdo 4,cha ID:2
[02-12 14:21:19]2004,Hairdo 5,cha ID:2
[02-12 14:21:19]2005,Hairdo 6,cha ID:2
[02-12 14:21:19]2006,Hairdo 7,cha ID:2
[02-12 14:21:19]2007,Hairdo 8,cha ID:2
[02-12 14:21:19]2008,Event Commissioner,cha ID:2
[02-12 14:21:19]2009,Hairdo 1,cha ID:2
[02-12 14:21:19]2010,Hairdo 1,cha ID:2
[02-12 14:21:19]2011,Hairdo 1,cha ID:2
[02-12 14:21:19]2012,Hairdo 1,cha ID:2
[02-12 14:21:19]2013,Hairdo 1,cha ID:2
[02-12 14:21:19]2014,Hairdo 1,cha ID:2
[02-12 14:21:19]2015,Hairdo 2,cha ID:2
[02-12 14:21:19]2016,Hairdo 2,cha ID:2
[02-12 14:21:19]2017,Hairdo 2,cha ID:2
[02-12 14:21:19]2018,Hairdo 2,cha ID:2
[02-12 14:21:19]2019,Hairdo 2,cha ID:2
[02-12 14:21:19]2020,Hairdo 2,cha ID:2
[02-12 14:21:19]2021,Hairdo 3,cha ID:2
[02-12 14:21:19]2022,Hairdo 3,cha ID:2
[02-12 14:21:19]2023,Hairdo 3,cha ID:2
[02-12 14:21:19]2024,Hairdo 3,cha ID:2
[02-12 14:21:19]2025,Hairdo 3,cha ID:2
[02-12 14:21:19]2026,Hairdo 3,cha ID:2
[02-12 14:21:19]2027,Hairdo 4,cha ID:2
[02-12 14:21:19]2028,Hairdo 4,cha ID:2
[02-12 14:21:19]2029,Hairdo 4,cha ID:2
[02-12 14:21:19]2030,Hairdo 4,cha ID:2
[02-12 14:21:19]2031,Hairdo 4,cha ID:2
[02-12 14:21:19]2032,Hairdo 4,cha ID:2
[02-12 14:21:19]2033,Hairdo 5,cha ID:2
[02-12 14:21:19]2034,Hairdo 5,cha ID:2
[02-12 14:21:19]2035,Hairdo 5,cha ID:2
[02-12 14:21:19]2036,Hairdo 5,cha ID:2
[02-12 14:21:19]2037,Hairdo 5,cha ID:2
[02-12 14:21:19]2038,Hairdo 5,cha ID:2
[02-12 14:21:19]2039,Hairdo 5,cha ID:2
[02-12 14:21:19]2040,Hairdo 6,cha ID:2
[02-12 14:21:19]2041,Hairdo 6,cha ID:2
[02-12 14:21:19]2042,Hairdo 6,cha ID:2
[02-12 14:21:19]2043,Hairdo 6,cha ID:2
[02-12 14:21:19]2044,Hairdo 6,cha ID:2
[02-12 14:21:19]2045,Hairdo 6,cha ID:2
[02-12 14:21:19]2046,Hairdo 6,cha ID:2
[02-12 14:21:19]2047,Hairdo 7,cha ID:2
[02-12 14:21:19]2048,Hairdo 7,cha ID:2
[02-12 14:21:19]2049,Hairdo 7,cha ID:2
[02-12 14:21:19]2050,Hairdo 7,cha ID:2
[02-12 14:21:19]2051,Hairdo 7,cha ID:2
[02-12 14:21:19]2052,Hairdo 7,cha ID:2
[02-12 14:21:19]2053,Hairdo 7,cha ID:2
[02-12 14:21:19]2054,Hairdo 8,cha ID:2
[02-12 14:21:19]2055,Hairdo 8,cha ID:2
[02-12 14:21:19]2056,Hairdo 8,cha ID:2
[02-12 14:21:19]2057,Hairdo 8,cha ID:2
[02-12 14:21:19]2058,Hairdo 8,cha ID:2
[02-12 14:21:19]2059,Hairdo 8,cha ID:2
[02-12 14:21:19]2060,Guy 1 Bald Hairdo,cha ID:2
[02-12 14:21:19]2061,Lance Failed Hairdo 2,cha ID:2
[02-12 14:21:19]2062,Hairdo 1,cha ID:1
[02-12 14:21:19]2063,Hairdo 2,cha ID:1
[02-12 14:21:19]2064,Hairdo 3,cha ID:1
[02-12 14:21:19]2065,Hairdo 4,cha ID:1
[02-12 14:21:19]2066,Hairdo 5,cha ID:1
[02-12 14:21:19]2067,Hairdo 6,cha ID:1
[02-12 14:21:19]2068,Hairdo 7,cha ID:1
[02-12 14:21:19]2069,Hairdo 8,cha ID:1
[02-12 14:21:19]2070,Event Commissioner,cha ID:1
[02-12 14:21:19]2071,Hairdo 1,cha ID:1
[02-12 14:21:19]2072,Hairdo 1,cha ID:1
[02-12 14:21:19]2073,Hairdo 1,cha ID:1
[02-12 14:21:19]2074,Hairdo 1,cha ID:1
[02-12 14:21:19]2075,Hairdo 1,cha ID:1
[02-12 14:21:19]2076,Hairdo 1,cha ID:1
[02-12 14:21:19]2077,Hairdo 1,cha ID:1
[02-12 14:21:19]2078,Hairdo 2,cha ID:1
[02-12 14:21:19]2079,Hairdo 2,cha ID:1
[02-12 14:21:19]2080,Hairdo 2,cha ID:1
[02-12 14:21:19]2081,Hairdo 2,cha ID:1
[02-12 14:21:19]2082,Hairdo 2,cha ID:1
[02-12 14:21:19]2083,Hairdo 2,cha ID:1
[02-12 14:21:19]2084,Hairdo 3,cha ID:1
[02-12 14:21:19]2085,Hairdo 3,cha ID:1
[02-12 14:21:19]2086,Hairdo 3,cha ID:1
[02-12 14:21:19]2087,Hairdo 3,cha ID:1
[02-12 14:21:19]2088,Hairdo 3,cha ID:1
[02-12 14:21:19]2089,Hairdo 3,cha ID:1
[02-12 14:21:19]2090,Hairdo 4,cha ID:1
[02-12 14:21:19]2091,Hairdo 4,cha ID:1
[02-12 14:21:19]2092,Hairdo 4,cha ID:1
[02-12 14:21:19]2093,Hairdo 4,cha ID:1
[02-12 14:21:19]2094,Hairdo 4,cha ID:1
[02-12 14:21:19]2095,Hairdo 4,cha ID:1
[02-12 14:21:19]2096,Hairdo 4,cha ID:1
[02-12 14:21:19]2097,Hairdo 5,cha ID:1
[02-12 14:21:19]2098,Hairdo 5,cha ID:1
[02-12 14:21:19]2099,Hairdo 5,cha ID:1
[02-12 14:21:19]2100,Hairdo 5,cha ID:1
[02-12 14:21:19]2101,Hairdo 6,cha ID:1
[02-12 14:21:19]2102,Hairdo 6,cha ID:1
[02-12 14:21:19]2103,Hairdo 6,cha ID:1
[02-12 14:21:19]2104,Hairdo 6,cha ID:1
[02-12 14:21:19]2105,Hairdo 6,cha ID:1
[02-12 14:21:19]2106,Hairdo 6,cha ID:1
[02-12 14:21:19]2107,Hairdo 6,cha ID:1
[02-12 14:21:19]2108,Hairdo 7,cha ID:1
[02-12 14:21:19]2109,Hairdo 7,cha ID:1
[02-12 14:21:19]2110,Hairdo 7,cha ID:1
[02-12 14:21:19]2111,Hairdo 7,cha ID:1
[02-12 14:21:19]2112,Hairdo 7,cha ID:1
[02-12 14:21:19]2113,Hairdo 7,cha ID:1
[02-12 14:21:19]2114,Hairdo 8,cha ID:1
[02-12 14:21:19]2115,Hairdo 8,cha ID:1
[02-12 14:21:19]2116,Hairdo 8,cha ID:1
[02-12 14:21:19]2117,Hairdo 8,cha ID:1
[02-12 14:21:19]2118,Hairdo 8,cha ID:1
[02-12 14:21:19]2119,Hairdo 8,cha ID:1
[02-12 14:21:19]2120,Hairdo 8,cha ID:1
[02-12 14:21:19]2121,Carsise Failed Hairdo 1,cha ID:1
[02-12 14:21:19]2122,Guy 2 Bald Hairdo,cha ID:1
[02-12 14:21:19]2123,Carsise Failed Hairdo 2,cha ID:1
[02-12 14:21:19]2124,Hairdo 1,cha ID:1
[02-12 14:21:19]2125,Hairdo 2,cha ID:1
[02-12 14:21:19]2126,Hairdo 3,cha ID:1
[02-12 14:21:19]2127,Hairdo 4,cha ID:1
[02-12 14:21:19]2128,Hairdo 5,cha ID:1
[02-12 14:21:19]2129,Hairdo 6,cha ID:1
[02-12 14:21:19]2130,Hairdo 7,cha ID:1
[02-12 14:21:19]2131,Hairdo 8,cha ID:1
[02-12 14:21:19]2132,Event Commissioner,cha ID:1
[02-12 14:21:19]2133,Hairdo 1,cha ID:1
[02-12 14:21:19]2134,Hairdo 1,cha ID:1
[02-12 14:21:19]2135,Hairdo 1,cha ID:1
[02-12 14:21:19]2136,Hairdo 1,cha ID:1
[02-12 14:21:19]2137,Hairdo 1,cha ID:1
[02-12 14:21:19]2138,Hairdo 1,cha ID:1
[02-12 14:21:19]2139,Hairdo 1,cha ID:1
[02-12 14:21:19]2140,Hairdo 2,cha ID:1
[02-12 14:21:19]2141,Hairdo 2,cha ID:1
[02-12 14:21:19]2142,Hairdo 2,cha ID:1
[02-12 14:21:19]2143,Hairdo 2,cha ID:1
[02-12 14:21:19]2144,Hairdo 2,cha ID:1
[02-12 14:21:19]2145,Hairdo 2,cha ID:1
[02-12 14:21:19]2146,Hairdo 3,cha ID:1
[02-12 14:21:19]2147,Hairdo 3,cha ID:1
[02-12 14:21:19]2148,Hairdo 3,cha ID:1
[02-12 14:21:19]2149,Hairdo 3,cha ID:1
[02-12 14:21:19]2150,Hairdo 3,cha ID:1
[02-12 14:21:19]2151,Hairdo 3,cha ID:1
[02-12 14:21:19]2152,Hairdo 4,cha ID:1
[02-12 14:21:19]2153,Hairdo 4,cha ID:1
[02-12 14:21:19]2154,Hairdo 4,cha ID:1
[02-12 14:21:19]2155,Hairdo 4,cha ID:1
[02-12 14:21:19]2156,Hairdo 4,cha ID:1
[02-12 14:21:19]2157,Hairdo 4,cha ID:1
[02-12 14:21:19]2158,Hairdo 5,cha ID:1
[02-12 14:21:19]2159,Hairdo 5,cha ID:1
[02-12 14:21:19]2160,Hairdo 5,cha ID:1
[02-12 14:21:19]2161,Hairdo 5,cha ID:1
[02-12 14:21:19]2162,Hairdo 5,cha ID:1
[02-12 14:21:19]2163,Hairdo 5,cha ID:1
[02-12 14:21:19]2164,Hairdo 6,cha ID:1
[02-12 14:21:19]2165,Hairdo 6,cha ID:1
[02-12 14:21:19]2166,Hairdo 6,cha ID:1
[02-12 14:21:19]2167,Hairdo 6,cha ID:1
[02-12 14:21:19]2168,Hairdo 6,cha ID:1
[02-12 14:21:19]2169,Hairdo 6,cha ID:1
[02-12 14:21:19]2170,Hairdo 7,cha ID:1
[02-12 14:21:19]2171,Hairdo 7,cha ID:1
[02-12 14:21:19]2172,Hairdo 7,cha ID:1
[02-12 14:21:19]2173,Hairdo 7,cha ID:1
[02-12 14:21:19]2174,Hairdo 7,cha ID:1
[02-12 14:21:19]2175,Hairdo 7,cha ID:1
[02-12 14:21:19]2176,Hairdo 8,cha ID:1
[02-12 14:21:19]2177,Hairdo 8,cha ID:1
[02-12 14:21:19]2178,Hairdo 8,cha ID:1
[02-12 14:21:19]2179,Hairdo 8,cha ID:1
[02-12 14:21:19]2180,Hairdo 8,cha ID:1
[02-12 14:21:19]2181,Hairdo 8,cha ID:1
[02-12 14:21:19]2182,Phyllis Failed Hairdo 1,cha ID:1
[02-12 14:21:19]2183,Phyllis Failed Hairdo 2,cha ID:1
[02-12 14:21:19]2184,Girl 1 Bald Hairdo,cha ID:1
[02-12 14:21:19]2185,Girl 1 Hair Makeup 01,cha ID:1
[02-12 14:21:19]2186,Girl 2 Hair 00,cha ID:1
[02-12 14:21:19]2275,Lance Trendy Hairdo 1,cha ID:4
[02-12 14:21:19]2276,Lance Trendy Hairdo 2,cha ID:4
[02-12 14:21:19]2277,Lance Trendy Hairdo 3,cha ID:4
[02-12 14:21:19]2278,Lance Trendy Hairdo 4,cha ID:4
[02-12 14:21:19]2279,Carsise Trendy Hairdo 1,cha ID:4
[02-12 14:21:19]2280,Carsise Trendy Hairdo 2,cha ID:4
[02-12 14:21:19]2281,Carsise Trendy Hairdo 3,cha ID:4
[02-12 14:21:19]2282,Carsise Trendy Hairdo 4,cha ID:4
[02-12 14:21:19]2283,Phyllis Trendy Hairdo 1,cha ID:4
[02-12 14:21:19]2284,Phyllis Trendy Hairdo 2,cha ID:4
[02-12 14:21:19]2285,Phyllis Trendy Hairdo 3,cha ID:4
[02-12 14:21:19]2286,Phyllis Trendy Hairdo 4,cha ID:4
[02-12 14:21:19]2434,Arrow 02,cha ID:1
[02-12 14:21:19]2448,Gunpowder 02,cha ID:1
[02-12 14:21:19]2499,Left Plaster Glove,cha ID:1
[02-12 14:21:19]2500,Left Brawler Glove,cha ID:1
[02-12 14:21:19]2501,Left Master Glove,cha ID:1
[02-12 14:21:19]2502,Left Jagged Blade,cha ID:1
[02-12 14:21:19]2503,Left Cosmo Blade,cha ID:1
[02-12 14:21:19]2504,Left Tiger Glove,cha ID:1
[02-12 14:21:19]2505,Left Hand of Death,cha ID:1
[02-12 14:21:19]2530,Hephaestus Framestone,cha ID:2
[02-12 14:21:19]2531,Hephaestus Clawstone,cha ID:2
[02-12 14:21:19]2532,Hephaestus Pawstone,cha ID:2
[02-12 14:21:19]2533,Hermes Framestone,cha ID:1
[02-12 14:21:19]2534,Hermes Clawstone,cha ID:1
[02-12 14:21:19]2535,Hermes Pawstone,cha ID:1
[02-12 14:21:19]2536,Apollo Framestone,cha ID:1
[02-12 14:21:19]2537,Apollo Clawstone,cha ID:1
[02-12 14:21:19]2538,Apollo Pawstone,cha ID:1
[02-12 14:21:19]2539,Poseidon Framestone,cha ID:1
[02-12 14:21:19]2540,Poseidon Clawstone,cha ID:1
[02-12 14:21:19]2541,Poseidon Pawstone,cha ID:1
[02-12 14:21:19]2542,Hestia Framestone,cha ID:3
[02-12 14:21:19]2543,Hestia Clawstone,cha ID:3
[02-12 14:21:19]2544,Hestia Pawstone,cha ID:3
[02-12 14:21:19]2545,Athena Framestone,cha ID:3
[02-12 14:21:19]2546,Athena Clawstone,cha ID:3
[02-12 14:21:19]2547,Athena Pawstone,cha ID:3
[02-12 14:21:19]2548,Artemis Crownstone,cha ID:1
[02-12 14:21:19]3061,Bear Shoes,cha ID:4
[02-12 14:21:19]3285,Calculator,cha ID:1
[02-12 14:21:19]3287,Laptop Computer,cha ID:1
