[02-12 14:14:37]Add LG [util_db]
[02-12 14:14:38]Add LG [iteminfoerror]
[02-12 14:14:40]Add LG [npcinfo]
[02-12 14:14:40]Add LG [boat_init]
[02-12 14:14:40]Add LG [packbag_init]
[02-12 14:14:40]Add LG [boatlevel_init]
[02-12 14:14:40]Add LG [PfTable]
[02-12 14:14:40]Add LG [randmission_prize_error]
[02-12 14:14:41]Add LG [npcinit]
[02-12 14:14:41]Add LG [initmap]
[02-12 14:14:41]Add LG [Common]
[02-12 14:14:42]Add LG [spawn_mum_garner]
[02-12 14:14:42]Add LG [missioninit]
[02-12 14:14:42]Add LG [npcinit_trade]
[02-12 14:14:42]Add LG [entity_init]
[02-12 14:14:42]Add LG [weather]
[02-12 14:14:42]Add LG [create_cha]
[02-12 14:14:42]Add LG [lua_ai]
[02-12 14:14:42]Add LG [help]
[02-12 14:14:42]Add LG [lua_invalidfunc]
[02-12 14:14:43]Add LG [size]
[02-12 14:14:43]Add LG [Store_data]
[02-12 14:14:43]Add LG [EntityNum]
[02-12 14:14:43]Add LG [Connect]
[02-12 14:14:43]Add LG [GameLogin]
[02-12 14:14:47]Add LG [lua_return_value_error]
[02-12 14:14:47]Add LG [the_map_entrance_flow_]
[02-12 14:14:47]Add LG [map_entry_flow]
[02-12 14:14:47]Add LG [WorldNotice]
[02-12 14:14:47]Add LG [ForsakenCity_12]
[02-12 14:15:13]Add LG [GameRunTime]
[02-12 14:18:35]Add LG [enter_map]
[02-12 14:18:35]Add LG [trade2026_2_12_14]
[02-12 14:18:41]Add LG [getshipid_err]
[02-12 14:18:43]Add LG [map_time]
[02-12 14:19:52]Add LG [save_data_waste_time]
[02-12 14:20:02]Add LG [map_entrance_flow]
[02-12 14:21:00]Add LG [Cha_Sakura_Pirate_Fighter_2952801430]
[02-12 14:21:01]Add LG [Cha_Sakura_Pirate_Militia_2952801428]
[02-12 14:21:02]Add LG [Cha_Fish_Swarm__Bountiful__2952800758]
[02-12 14:21:02]Add LG [Cha_Tusk_Softwood_2952801431]
[02-12 14:21:17]Add LG [util_db]
[02-12 14:21:18]Add LG [iteminfoerror]
[02-12 14:21:21]Add LG [npcinfo]
[02-12 14:21:21]Add LG [boat_init]
[02-12 14:21:21]Add LG [packbag_init]
[02-12 14:21:21]Add LG [boatlevel_init]
[02-12 14:21:21]Add LG [PfTable]
[02-12 14:21:22]Add LG [randmission_prize_error]
[02-12 14:21:23]Add LG [npcinit]
[02-12 14:21:23]Add LG [initmap]
[02-12 14:21:23]Add LG [Common]
[02-12 14:21:24]Add LG [spawn_mum_garner]
[02-12 14:21:24]Add LG [missioninit]
[02-12 14:21:24]Add LG [npcinit_trade]
[02-12 14:21:24]Add LG [entity_init]
[02-12 14:21:24]Add LG [weather]
[02-12 14:21:24]Add LG [create_cha]
[02-12 14:21:24]Add LG [lua_ai]
[02-12 14:21:24]Add LG [help]
[02-12 14:21:24]Add LG [lua_invalidfunc]
[02-12 14:21:25]Add LG [size]
[02-12 14:21:25]Add LG [Store_data]
[02-12 14:21:25]Add LG [EntityNum]
[02-12 14:21:25]Add LG [Connect]
[02-12 14:21:25]Add LG [GameLogin]
[02-12 14:21:27]Add LG [enter_map]
