[02-12 14:14:42]create character failed
[02-12 14:14:43]create character failed
[02-12 14:14:43]create character failed
[02-12 14:14:43]create character failed
[02-12 14:14:43]create character failed
[02-12 14:14:43]create character failed
[02-12 14:14:43]create character failed
[02-12 14:14:43]create character failed
[02-12 14:14:43]create character failed
[02-12 14:14:43]create character failed
[02-12 14:14:43]create character failed
[02-12 14:14:43]create character failed
[02-12 14:14:43]create character failed
[02-12 14:14:43]can't find pointer map[magicsea], keep former map!
[02-12 14:14:43]can't find pointer map[darkblue], keep former map!
[02-12 14:14:43]can't find pointer map[secretgarden], keep former map!
[02-12 14:14:43]can't find pointer map[secretgarden], keep former map!
[02-12 14:14:43]can't find pointer map[secretgarden], keep former map!
[02-12 14:14:43]can't find pointer map[eastgoaf], keep former map!
[02-12 14:14:43]can't find pointer map[guildwar], keep former map!
[02-12 14:14:43]can't find pointer map[guildwar2], keep former map!
[02-12 14:14:43]can't find pointer map[guildwar], keep former map!
[02-12 14:14:43]can't find pointer map[guildwar2], keep former map!
[02-12 14:21:24]create character failed
[02-12 14:21:25]create character failed
[02-12 14:21:25]create character failed
[02-12 14:21:25]create character failed
[02-12 14:21:25]create character failed
[02-12 14:21:25]create character failed
[02-12 14:21:25]create character failed
[02-12 14:21:25]create character failed
[02-12 14:21:25]create character failed
[02-12 14:21:25]create character failed
[02-12 14:21:25]create character failed
[02-12 14:21:25]create character failed
[02-12 14:21:25]create character failed
[02-12 14:21:25]can't find pointer map[magicsea], keep former map!
[02-12 14:21:25]can't find pointer map[darkblue], keep former map!
[02-12 14:21:25]can't find pointer map[secretgarden], keep former map!
[02-12 14:21:25]can't find pointer map[secretgarden], keep former map!
[02-12 14:21:25]can't find pointer map[secretgarden], keep former map!
[02-12 14:21:25]can't find pointer map[eastgoaf], keep former map!
[02-12 14:21:25]can't find pointer map[guildwar], keep former map!
[02-12 14:21:25]can't find pointer map[guildwar2], keep former map!
[02-12 14:21:25]can't find pointer map[guildwar], keep former map!
[02-12 14:21:25]can't find pointer map[guildwar2], keep former map!
