[02-12 14:14:42]Set quest [1]: [203]: [Secretary Message] 
[02-12 14:14:42]Set quest [2]: [204]: [Secretary Message] 
[02-12 14:14:42]Set quest [3]: [205]: [Secretary Message] 
[02-12 14:14:42]Set quest [4]: [206]: [A Small Task] 
[02-12 14:14:42]Set quest [5]: [221]: [Ditto's Report] 
[02-12 14:14:42]Set quest [6]: [222]: [A New Task] 
[02-12 14:14:42]Set quest [7]: [1002]: [A Swordsman's Life] 
[02-12 14:14:42]Set quest [8]: [1057]: [A Hunter's Life] 
[02-12 14:14:42]Set quest [9]: [1112]: [Doctor Class Quest] 
[02-12 14:14:42]Set quest [10]: [1166]: [An Explorer's Life] 
[02-12 14:14:42]Set quest [11]: [55]: [Letter for Salvier] 
[02-12 14:14:42]Set quest [12]: [56]: [Shroom Population] 
[02-12 14:14:42]Set quest [13]: [57]: [Letter for Goldie] 
[02-12 14:14:42]Set quest [14]: [1220]: [Commerce Quest] 
[02-12 14:14:42]Set quest [15]: [319]: [Nameless One] 
[02-12 14:14:42]Set quest [16]: [325]: [Lone Warrior] 
[02-12 14:14:42]Set quest [17]: [326]: [Powerful Backing] 
[02-12 14:14:42]Set quest [18]: [5037]: [Dust of the Century] 
[02-12 14:14:42]Set quest [1]: [703]: [Blacksmith's Greetings] 
[02-12 14:14:42]Set quest [2]: [1044]: [A Swordsman's Life] 
[02-12 14:14:42]Set quest [3]: [1096]: [A Hunter's Life] 
[02-12 14:14:42]Set quest [4]: [1155]: [Doctor Class Quest] 
[02-12 14:14:42]Set quest [5]: [1207]: [An Explorer's Life] 
[02-12 14:14:42]Set quest [6]: [58]: [Letter for Goldie] 
[02-12 14:14:42]Set quest [7]: [59]: [Conservation Activity] 
[02-12 14:14:42]Set quest [8]: [60]: [Letter for Senna] 
[02-12 14:14:42]Set quest [9]: [1221]: [Commerce Quest] 
[02-12 14:14:42]Set quest [1]: [100]: [A Swordsman's Life] 
[02-12 14:14:42]Set quest [2]: [204]: [Secretary Message] 
[02-12 14:14:42]Set quest [3]: [279]: [Behemoth's Escape] 
[02-12 14:14:42]Set quest [4]: [281]: [Scary Monsters] 
[02-12 14:14:42]Set quest [5]: [404]: [Tundra Exploration] 
[02-12 14:14:42]Set quest [6]: [749]: [Code of the Crusader] 
[02-12 14:14:42]Set quest [7]: [750]: [Champion's Valor] 
[02-12 14:14:42]Set quest [8]: [66]: [Swordsman Promotion] 
[02-12 14:14:42]Set quest [9]: [67]: [Swordsman Promotion] 
[02-12 14:14:42]Set quest [10]: [68]: [Swordsman Promotion] 
[02-12 14:14:42]Set quest [11]: [72]: [Swordsman Promotion] 
[02-12 14:14:42]Set quest [12]: [1222]: [Commerce Quest] 
[02-12 14:14:42]Set quest [13]: [5056]: [Sang Di's guidance] 
[02-12 14:14:42]Set quest [14]: [5060]: [Peter's suggestion] 
[02-12 14:14:42]Set quest [15]: [5068]: [Story of the Enlightened One] 
[02-12 14:14:42]Set quest [16]: [5167]: [Who is the Enlightened One] 
[02-12 14:14:42]Set quest [17]: [5089]: [Top Disciple] 
[02-12 14:14:42]Set quest [18]: [5093]: [Initial Disciple] 
[02-12 14:14:42]Set quest [19]: [5094]: [Lv2 Disciple] 
[02-12 14:14:42]Set quest [20]: [5095]: [3rd Grade Disciple] 
[02-12 14:14:42]Set quest [21]: [5096]: [Advance Disciple] 
[02-12 14:14:42]Set quest [22]: [5109]: [Qualified Disciple] 
[02-12 14:14:42]Set quest [23]: [6078]: [Report situation] 
[02-12 14:14:42]Set quest [24]: [6079]: [Gather feathers] 
[02-12 14:14:42]Set quest [25]: [6080]: [Help other people] 
[02-12 14:14:42]Set quest [26]: [6097]: [Spy for army information] 
[02-12 14:14:42]Set quest [27]: [6100]: [Spy for army information] 
[02-12 14:14:42]Set quest [28]: [6101]: [Peter's Revenge] 
[02-12 14:14:42]Set quest [1]: [1023]: [A Swordsman's Life] 
[02-12 14:14:42]Set quest [2]: [1080]: [A Hunter's Life] 
[02-12 14:14:42]Set quest [3]: [1135]: [Doctor Class Quest] 
[02-12 14:14:42]Set quest [4]: [1186]: [An Explorer's Life] 
[02-12 14:14:42]Set quest [5]: [1223]: [Commerce Quest] 
[02-12 14:14:42]Set quest [1]: [282]: [Scary Monsters] 
[02-12 14:14:42]Set quest [2]: [283]: [Granny's Pastries] 
[02-12 14:14:42]Set quest [3]: [1026]: [A Swordsman's Life] 
[02-12 14:14:42]Set quest [4]: [1084]: [A Hunter's Life] 
[02-12 14:14:42]Set quest [5]: [1137]: [Doctor Class Quest] 
[02-12 14:14:42]Set quest [6]: [1189]: [An Explorer's Life] 
[02-12 14:14:42]Set quest [7]: [1224]: [Commerce Quest] 
[02-12 14:14:42]Set quest [8]: [373]: [Beldi] 
[02-12 14:14:42]Set quest [9]: [374]: [Hometown] 
[02-12 14:14:42]Set quest [10]: [388]: [Language Barrier] 
[02-12 14:14:42]Set quest [11]: [5631]: [TOP Ambassador 4] 
[02-12 14:14:42]Set quest [12]: [5632]: [TOP Ambassador 5] 
[02-12 14:14:42]Set quest [1]: [748]: [Survival Compass] 
[02-12 14:14:42]Set quest [2]: [1045]: [A Swordsman's Life] 
[02-12 14:14:42]Set quest [3]: [1099]: [A Hunter's Life] 
[02-12 14:14:42]Set quest [4]: [1157]: [Doctor Class Quest] 
[02-12 14:14:42]Set quest [5]: [758]: [Journey of the Voyager] 
[02-12 14:14:42]Set quest [6]: [103]: [An Explorer's Life] 
[02-12 14:14:42]Set quest [7]: [191]: [Explorer Promotion] 
[02-12 14:14:42]Set quest [8]: [192]: [Explorer Promotion] 
[02-12 14:14:42]Set quest [9]: [193]: [Explorer Promotion] 
[02-12 14:14:42]Set quest [10]: [197]: [Explorer Promotion] 
[02-12 14:14:42]Set quest [11]: [1225]: [Commerce Quest] 
[02-12 14:14:42]Set quest [12]: [503]: [Skeleton of Sorrow Warrior] 
[02-12 14:14:42]Set quest [13]: [330]: [Secret of the Will] 
[02-12 14:14:42]Set quest [14]: [331]: [Jack Introduction] 
[02-12 14:14:42]Set quest [15]: [332]: [Rumour of the Bar] 
[02-12 14:14:42]Set quest [16]: [335]: [Love Entanglement] 
[02-12 14:14:42]Set quest [17]: [359]: [Exploration Spirit] 
[02-12 14:14:42]Set quest [18]: [360]: [Exploration Spirit] 
[02-12 14:14:42]Set quest [19]: [361]: [Exploration Spirit] 
[02-12 14:14:42]Set quest [20]: [362]: [Exploration Test] 
[02-12 14:14:42]Set quest [21]: [363]: [Exploration Test] 
[02-12 14:14:42]Set quest [22]: [364]: [Exploration Test] 
[02-12 14:14:42]Set quest [23]: [365]: [Exploration Test] 
[02-12 14:14:42]Set quest [24]: [366]: [Exploration Test] 
[02-12 14:14:42]Set quest [25]: [367]: [Exploration Test] 
[02-12 14:14:42]Set quest [26]: [368]: [Exploration Test] 
[02-12 14:14:42]Set quest [27]: [369]: [Exploration Test] 
[02-12 14:14:42]Set quest [28]: [370]: [Exploration Test] 
[02-12 14:14:42]Set quest [29]: [371]: [Exploration Test] 
[02-12 14:14:42]Set quest [30]: [522]: [Heart of Mermaid] 
[02-12 14:14:42]Set quest [31]: [5058]: [Sang Di's guidance] 
[02-12 14:14:42]Set quest [32]: [5062]: [Daniel's Suggestion] 
[02-12 14:14:42]Set quest [1]: [443]: [World's Finest Merchant] 
[02-12 14:14:42]Set quest [2]: [445]: [Argent Trade Center] 
[02-12 14:14:42]Set quest [3]: [447]: [Sea Commerce] 
[02-12 14:14:42]Set quest [4]: [1020]: [A Swordsman's Life] 
[02-12 14:14:42]Set quest [5]: [1076]: [A Hunter's Life] 
[02-12 14:14:42]Set quest [6]: [1132]: [Doctor Class Quest] 
[02-12 14:14:42]Set quest [7]: [1183]: [An Explorer's Life] 
[02-12 14:14:42]Set quest [8]: [1226]: [Commerce Quest] 
[02-12 14:14:42]Set quest [1]: [707]: [Physician's Greetings] 
[02-12 14:14:42]Set quest [2]: [214]: [Food Poisoning] 
[02-12 14:14:42]Set quest [3]: [215]: [Quest for Antidote] 
[02-12 14:14:42]Set quest [4]: [217]: [Tommy's Request] 
[02-12 14:14:42]Set quest [5]: [218]: [A Crazy Reason] 
[02-12 14:14:42]Set quest [6]: [219]: [Thorough Investigation] 
[02-12 14:14:42]Set quest [7]: [220]: [Ditto's Report] 
[02-12 14:14:42]Set quest [8]: [1046]: [A Swordsman's Life] 
[02-12 14:14:42]Set quest [9]: [1208]: [An Explorer's Life] 
[02-12 14:14:42]Set quest [10]: [73]: [Letter for Ditto] 
[02-12 14:14:42]Set quest [11]: [74]: [Decoction Recipe] 
[02-12 14:14:42]Set quest [12]: [75]: [Letter for Rouri] 
[02-12 14:14:42]Set quest [13]: [5027]: [Ingredient of Restoration Potion] 
[02-12 14:14:42]Set quest [14]: [5035]: [Whereabouts of Sunstone] 
[02-12 14:14:42]Set quest [15]: [5036]: [Eyedrop] 
[02-12 14:14:42]Set quest [1]: [1009]: [A Swordsman's Life] 
[02-12 14:14:42]Set quest [2]: [1173]: [An Explorer's Life] 
[02-12 14:14:42]Set quest [3]: [6123]: [The Fifth Task] 
[02-12 14:14:42]Set quest [4]: [6124]: [The Sixth Task] 
[02-12 14:14:42]Set quest [1]: [1039]: [A Swordsman's Life] 
[02-12 14:14:42]Set quest [2]: [1202]: [An Explorer's Life] 
[02-12 14:14:42]Set quest [3]: [80]: [Lost Items] 
[02-12 14:14:42]Set quest [4]: [81]: [Letter for Senna] 
[02-12 14:14:42]Set quest [5]: [79]: [Letter for Coddy] 
[02-12 14:14:42]Set quest [6]: [5510]: [Challenge Genesis] 
[02-12 14:14:42]Set quest [1]: [207]: [A Small Task] 
[02-12 14:14:42]Set quest [2]: [208]: [Food for the Navy] 
[02-12 14:14:42]Set quest [3]: [209]: [Missing Tommy] 
[02-12 14:14:42]Set quest [4]: [212]: [Report to General] 
[02-12 14:14:42]Set quest [5]: [213]: [Food Poisoning] 
[02-12 14:14:42]Set quest [6]: [216]: [Tommy's Request] 
[02-12 14:14:42]Set quest [7]: [274]: [Chairman's Dark Secret] 
[02-12 14:14:42]Set quest [8]: [275]: [Mine Investigation] 
[02-12 14:14:42]Set quest [9]: [276]: [Secret of the Slip] 
[02-12 14:14:42]Set quest [10]: [1016]: [A Swordsman's Life] 
[02-12 14:14:42]Set quest [11]: [1179]: [An Explorer's Life] 
[02-12 14:14:42]Set quest [12]: [69]: [Swordsman Promotion] 
[02-12 14:14:42]Set quest [13]: [70]: [Swordsman Promotion] 
[02-12 14:14:42]Set quest [14]: [71]: [Swordsman Promotion] 
[02-12 14:14:42]Set quest [15]: [194]: [Explorer Promotion] 
[02-12 14:14:42]Set quest [16]: [195]: [Explorer Promotion] 
[02-12 14:14:42]Set quest [17]: [196]: [Explorer Promotion] 
[02-12 14:14:42]Set quest [18]: [318]: [Soul of Navy] 
[02-12 14:14:42]Set quest [19]: [323]: [Sever Relationship] 
[02-12 14:14:42]Set quest [20]: [324]: [I'm not a PIRATE!] 
[02-12 14:14:42]Set quest [21]: [5053]: [Enchanted Pouch] 
[02-12 14:14:42]Set quest [1]: [1032]: [A Swordsman's Life] 
[02-12 14:14:42]Set quest [2]: [1195]: [An Explorer's Life] 
[02-12 14:14:42]Set quest [1]: [271]: [A Long Long Time Ago] 
[02-12 14:14:42]Set quest [2]: [277]: [Secret of the Slip] 
[02-12 14:14:42]Set quest [3]: [278]: [Behemoth's Escape] 
[02-12 14:14:42]Set quest [4]: [280]: [Ancient Bounty Token] 
[02-12 14:14:42]Set quest [5]: [286]: [Sea Haven] 
[02-12 14:14:42]Set quest [6]: [5076]: [Who is the Enlightened One] 
[02-12 14:14:42]Set quest [7]: [5077]: [Who is the Enlightened One] 
[02-12 14:14:42]Set quest [8]: [5078]: [Who is the Enlightened One] 
[02-12 14:14:42]Set quest [9]: [5079]: [Who is the Enlightened One] 
[02-12 14:14:42]Set quest [10]: [5088]: [Top Disciple] 
[02-12 14:14:42]Set quest [11]: [5110]: [Qualified Disciple] 
[02-12 14:14:42]Set quest [12]: [5112]: [Qualified Disciple] 
[02-12 14:14:42]Set quest [13]: [5114]: [Qualified Disciple] 
[02-12 14:14:42]Set quest [14]: [5116]: [Qualified Disciple] 
[02-12 14:14:42]Set quest [15]: [5147]: [The mystery has been solved] 
[02-12 14:14:42]Set quest [1]: [266]: [Wisdom of Argent] 
[02-12 14:14:42]Set quest [2]: [267]: [Blurry] 
[02-12 14:14:42]Set quest [3]: [270]: [A Long Long Time Ago] 
[02-12 14:14:42]Set quest [4]: [272]: [Wrong Question] 
[02-12 14:14:42]Set quest [5]: [273]: [Chairman's Dark Secret] 
[02-12 14:14:42]Set quest [6]: [337]: [Mystic Diary] 
[02-12 14:14:42]Set quest [7]: [338]: [Goddess's Follower] 
[02-12 14:14:42]Set quest [8]: [554]: [Tragedy] 
[02-12 14:14:42]Set quest [9]: [555]: [Tragedy] 
[02-12 14:14:42]Set quest [10]: [901]: [Pet Event] 
[02-12 14:14:42]Set quest [11]: [5557]: [TOP Ambassador 3] 
[02-12 14:14:42]Set quest [12]: [5558]: [TOP Ambassador 4] 
[02-12 14:14:42]Set quest [13]: [6168]: [The Hero’s Relic] 
[02-12 14:14:42]Set quest [14]: [6169]: [The Hero’s Relic] 
[02-12 14:14:42]Set quest [15]: [6170]: [The Brave Love] 
[02-12 14:14:42]Set quest [16]: [6173]: [The Brave Love] 
[02-12 14:14:42]Set quest [1]: [705]: [Tailor's Greetings] 
[02-12 14:14:42]Set quest [1]: [76]: [Letter for Rouri] 
[02-12 14:14:42]Set quest [2]: [77]: [Mushroom Mushroom] 
[02-12 14:14:42]Set quest [3]: [78]: [Letter for Coddy] 
[02-12 14:14:42]Set quest [1]: [2000]: [Adventure Start!] 
[02-12 14:14:42]Set quest [2]: [2001]: [Adventure Start 2] 
[02-12 14:14:42]Set quest [1]: [6086]: [The Dream for Loric Dragon Set] 
[02-12 14:14:42]Set quest [2]: [6089]: [The Dream for Loric Dragon Set] 
[02-12 14:14:42]Set quest [3]: [6090]: [The Dream for Loric Dragon Set] 
[02-12 14:14:42]Set quest [1]: [500]: [Drunkyard Secrets] 
[02-12 14:14:42]Set quest [2]: [501]: [Another Cup Please!] 
[02-12 14:14:42]Set quest [3]: [358]: [Exploration Spirit] 
[02-12 14:14:42]Set quest [4]: [372]: [Beldi] 
[02-12 14:14:42]Set quest [5]: [6082]: [Charm of the rose] 
[02-12 14:14:42]Set quest [1]: [210]: [Missing Tommy] 
[02-12 14:14:42]Set quest [2]: [211]: [Report to General] 
[02-12 14:14:42]Set quest [3]: [1034]: [A Swordsman's Life] 
[02-12 14:14:42]Set quest [4]: [1197]: [An Explorer's Life] 
[02-12 14:14:42]Set quest [1]: [1054]: [A Swordsman's Life] 
[02-12 14:14:42]Set quest [2]: [1216]: [An Explorer's Life] 
[02-12 14:14:42]Set quest [1]: [1000]: [A Swordsman's Life] 
[02-12 14:14:42]Set quest [2]: [1164]: [An Explorer's Life] 
[02-12 14:14:42]Set quest [1]: [1022]: [A Swordsman's Life] 
[02-12 14:14:42]Set quest [2]: [1079]: [A Hunter's Life] 
[02-12 14:14:42]Set quest [3]: [1134]: [Doctor Class Quest] 
[02-12 14:14:42]Set quest [4]: [1185]: [An Explorer's Life] 
[02-12 14:14:42]Set quest [5]: [378]: [Ancient Brooch] 
[02-12 14:14:42]Set quest [1]: [1038]: [A Swordsman's Life] 
[02-12 14:14:42]Set quest [2]: [1092]: [A Hunter's Life] 
[02-12 14:14:42]Set quest [3]: [1150]: [Doctor Class Quest] 
[02-12 14:14:42]Set quest [4]: [1201]: [An Explorer's Life] 
[02-12 14:14:42]Set quest [5]: [5535]: [Challenge Genesis 13] 
[02-12 14:14:42]Set quest [1]: [1021]: [A Swordsman's Life] 
[02-12 14:14:42]Set quest [2]: [1077]: [A Hunter's Life] 
[02-12 14:14:42]Set quest [3]: [1133]: [Doctor Class Quest] 
[02-12 14:14:42]Set quest [4]: [1184]: [An Explorer's Life] 
[02-12 14:14:42]Set quest [5]: [5728]: [TOP Ambassador 20] 
[02-12 14:14:42]Set quest [6]: [5729]: [TOP Ambassador 21] 
[02-12 14:14:42]Set quest [1]: [1024]: [A Swordsman's Life] 
[02-12 14:14:42]Set quest [2]: [1081]: [A Hunter's Life] 
[02-12 14:14:42]Set quest [3]: [1136]: [Doctor Class Quest] 
[02-12 14:14:42]Set quest [4]: [1187]: [An Explorer's Life] 
[02-12 14:14:42]Set quest [5]: [5130]: [Goodbye to 4th Gate] 
[02-12 14:14:42]Set quest [6]: [5131]: [5th Gate] 
[02-12 14:14:42]Set quest [7]: [5132]: [Goodbye to 5th Gate] 
[02-12 14:14:42]Set quest [1]: [1049]: [A Swordsman's Life] 
[02-12 14:14:42]Set quest [2]: [1103]: [A Hunter's Life] 
[02-12 14:14:42]Set quest [3]: [1159]: [Doctor Class Quest] 
[02-12 14:14:42]Set quest [4]: [1211]: [An Explorer's Life] 
[02-12 14:14:42]Set quest [5]: [320]: [Thundoria Bank] 
[02-12 14:14:42]Set quest [6]: [375]: [Earring of Beldi] 
[02-12 14:14:42]Set quest [7]: [376]: [Hometown] 
[02-12 14:14:42]Set quest [8]: [377]: [Hometown] 
[02-12 14:14:42]Set quest [9]: [432]: [Desert Exploration] 
[02-12 14:14:42]Set quest [10]: [560]: [Hometown] 
[02-12 14:14:42]Set quest [11]: [561]: [Hometown] 
[02-12 14:14:42]Set quest [12]: [542]: [Hassli's Deposit] 
[02-12 14:14:42]Set quest [13]: [562]: [Hometown] 
[02-12 14:14:42]Set quest [1]: [1042]: [A Swordsman's Life] 
[02-12 14:14:42]Set quest [2]: [1094]: [A Hunter's Life] 
[02-12 14:14:42]Set quest [3]: [1153]: [Doctor Class Quest] 
[02-12 14:14:42]Set quest [4]: [1205]: [An Explorer's Life] 
[02-12 14:14:42]Set quest [1]: [1036]: [A Swordsman's Life] 
[02-12 14:14:42]Set quest [2]: [1090]: [A Hunter's Life] 
[02-12 14:14:42]Set quest [3]: [1148]: [Doctor Class Quest] 
[02-12 14:14:42]Set quest [4]: [1199]: [An Explorer's Life] 
[02-12 14:14:42]Set quest [5]: [867]: [Phantom Blood Test] 
[02-12 14:14:42]Set quest [6]: [863]: [Test of the Sacred Forest] 
[02-12 14:14:42]Set quest [7]: [5536]: [Vampiric Aries Battle Hero] 
[02-12 14:14:42]Set quest [8]: [5537]: [Vampiric Aries Renown Hero] 
[02-12 14:14:42]Set quest [9]: [5538]: [Vampiric Aries Hero] 
[02-12 14:14:42]Set quest [10]: [5539]: [Vampiric Aries Honorable Hero] 
[02-12 14:14:42]Set quest [11]: [5540]: [Vampiric Aries Gatherer Ambassador] 
[02-12 14:14:42]Set quest [12]: [5541]: [Vampiric Aries C Sleeping Aries] 
[02-12 14:14:42]Set quest [13]: [5542]: [Vampiric Aries Battle Hero] 
[02-12 14:14:42]Set quest [14]: [5543]: [Vampiric Aries Renown Hero] 
[02-12 14:14:42]Set quest [15]: [5544]: [Vampiric Aries Hero] 
[02-12 14:14:42]Set quest [16]: [5545]: [Vampiric Aries Honorable Hero] 
[02-12 14:14:42]Set quest [17]: [5546]: [Vampiric Aries Gatherer Ambassador] 
[02-12 14:14:42]Set quest [18]: [5547]: [Vampiric Aries Battle Hero] 
[02-12 14:14:42]Set quest [19]: [5548]: [Vampiric Aries Renown Hero] 
[02-12 14:14:42]Set quest [20]: [5549]: [Vampiric Aries Hero] 
[02-12 14:14:42]Set quest [21]: [5550]: [Vampiric Aries Honorable Hero] 
[02-12 14:14:42]Set quest [22]: [5551]: [Vampiric Aries Gatherer Ambassador] 
[02-12 14:14:42]Set quest [23]: [5552]: [Vampiric Aries TOP Ambassador] 
[02-12 14:14:42]Set quest [24]: [5597]: [TOP Hero 22] 
[02-12 14:14:42]Set quest [25]: [5600]: [Special Operation C Vampiric Aries] 
[02-12 14:14:42]Set quest [1]: [1033]: [A Swordsman's Life] 
[02-12 14:14:42]Set quest [2]: [1088]: [A Hunter's Life] 
[02-12 14:14:42]Set quest [3]: [1145]: [Doctor Class Quest] 
[02-12 14:14:42]Set quest [4]: [1196]: [An Explorer's Life] 
[02-12 14:14:42]Set quest [1]: [1008]: [A Swordsman's Life] 
[02-12 14:14:42]Set quest [2]: [1063]: [A Hunter's Life] 
[02-12 14:14:42]Set quest [3]: [1118]: [Doctor Class Quest] 
[02-12 14:14:42]Set quest [4]: [1172]: [An Explorer's Life] 
[02-12 14:14:42]Set quest [5]: [850]: [Bloodied Hammer] 
[02-12 14:14:42]Set quest [6]: [861]: [Fallen Helmet] 
[02-12 14:14:42]Set quest [7]: [868]: [Dark Bow] 
[02-12 14:14:42]Set quest [1]: [1030]: [A Swordsman's Life] 
[02-12 14:14:42]Set quest [2]: [1086]: [A Hunter's Life] 
[02-12 14:14:42]Set quest [3]: [1139]: [Doctor Class Quest] 
[02-12 14:14:42]Set quest [4]: [1193]: [An Explorer's Life] 
[02-12 14:14:42]Set quest [1]: [1010]: [A Swordsman's Life] 
[02-12 14:14:42]Set quest [2]: [1066]: [A Hunter's Life] 
[02-12 14:14:42]Set quest [3]: [1122]: [Doctor Class Quest] 
[02-12 14:14:42]Set quest [4]: [1174]: [An Explorer's Life] 
[02-12 14:14:42]Set quest [1]: [1003]: [A Swordsman's Life] 
[02-12 14:14:42]Set quest [2]: [1058]: [A Hunter's Life] 
[02-12 14:14:42]Set quest [3]: [1113]: [Doctor Class Quest] 
[02-12 14:14:42]Set quest [4]: [1167]: [An Explorer's Life] 
[02-12 14:14:42]Set quest [5]: [6025]: [Visit the guardian of Thundoria] 
[02-12 14:14:42]Set quest [6]: [6026]: [Battle of Aries Palace] 
[02-12 14:14:42]Set quest [7]: [6027]: [Visit guardian of Shaitan] 
[02-12 14:14:42]Set quest [1]: [1019]: [A Swordsman's Life] 
[02-12 14:14:42]Set quest [2]: [1074]: [A Hunter's Life] 
[02-12 14:14:42]Set quest [3]: [1130]: [Doctor Class Quest] 
[02-12 14:14:42]Set quest [4]: [1182]: [An Explorer's Life] 
[02-12 14:14:42]Set quest [5]: [852]: [Vengence] 
[02-12 14:14:42]Set quest [6]: [855]: [Repel Spirit] 
[02-12 14:14:42]Set quest [7]: [865]: [Hidden Shadow] 
[02-12 14:14:42]Set quest [8]: [473]: [Thundoria Navy] 
[02-12 14:14:42]Set quest [1]: [1053]: [A Swordsman's Life] 
[02-12 14:14:42]Set quest [2]: [1107]: [A Hunter's Life] 
[02-12 14:14:42]Set quest [3]: [1163]: [Doctor Class Quest] 
[02-12 14:14:42]Set quest [4]: [1215]: [An Explorer's Life] 
[02-12 14:14:42]Set quest [1]: [1035]: [A Swordsman's Life] 
[02-12 14:14:42]Set quest [2]: [1089]: [A Hunter's Life] 
[02-12 14:14:42]Set quest [3]: [1147]: [Doctor Class Quest] 
[02-12 14:14:42]Set quest [4]: [1198]: [An Explorer's Life] 
[02-12 14:14:42]Set quest [1]: [1017]: [A Swordsman's Life] 
[02-12 14:14:42]Set quest [2]: [1071]: [A Hunter's Life] 
[02-12 14:14:42]Set quest [3]: [1127]: [Doctor Class Quest] 
[02-12 14:14:42]Set quest [4]: [1180]: [An Explorer's Life] 
[02-12 14:14:42]Set quest [5]: [5575]: [TOP Ambassador 11] 
[02-12 14:14:42]Set quest [6]: [5576]: [TOP Ambassador 12] 
[02-12 14:14:42]Set quest [1]: [849]: [Disintegration] 
[02-12 14:14:42]Set quest [2]: [856]: [Tribal Invasion] 
[02-12 14:14:42]Set quest [3]: [858]: [New Weapon] 
[02-12 14:14:42]Set quest [4]: [860]: [Expedition] 
[02-12 14:14:42]Set quest [5]: [866]: [Last Enemy] 
[02-12 14:14:42]Set quest [1]: [851]: [First Ingredient] 
[02-12 14:14:42]Set quest [2]: [853]: [Third Ingredient] 
[02-12 14:14:42]Set quest [3]: [854]: [Second Ingredient] 
[02-12 14:14:42]Set quest [4]: [862]: [Fourth Ingredient] 
[02-12 14:14:42]Set quest [5]: [864]: [Last Ingredient] 
[02-12 14:14:42]Set quest [1]: [859]: [Fallen Angel] 
[02-12 14:14:42]Set quest [2]: [857]: [Battle Reward] 
[02-12 14:14:42]Set quest [3]: [5690]: [TOP Ambassador] 
[02-12 14:14:42]Set quest [4]: [5691]: [TOP Ambassador 2] 
[02-12 14:14:42]Set quest [1]: [474]: [Deep Deep Forest] 
[02-12 14:14:42]Set quest [1]: [400]: [Wandering Creatures] 
[02-12 14:14:42]Set quest [2]: [52]: [Send a letter to Marcusa] 
[02-12 14:14:42]Set quest [3]: [53]: [Emergency] 
[02-12 14:14:42]Set quest [4]: [54]: [Letter for Salvier] 
[02-12 14:14:42]Set quest [5]: [5696]: [TOP Ambassador 4] 
[02-12 14:14:42]Set quest [6]: [5697]: [TOP Ambassador 5] 
[02-12 14:14:42]Set quest [1]: [471]: [Occupation Change] 
[02-12 14:14:42]Set quest [2]: [472]: [Thundoria Navy] 
[02-12 14:14:42]Set quest [3]: [753]: [Walk of the Cleric] 
[02-12 14:14:42]Set quest [1]: [1442]: [Commerce Quest] 
[02-12 14:14:42]Set quest [2]: [1900]: [Mid Lv Commerce] 
[02-12 14:14:42]Set quest [3]: [5567]: [TOP Ambassador 8] 
[02-12 14:14:42]Set quest [4]: [5568]: [TOP Ambassador 9] 
[02-12 14:14:42]Set quest [5]: [6052]: [World Tour] 
[02-12 14:14:42]Set quest [6]: [6053]: [World Tour] 
[02-12 14:14:42]Set quest [1]: [409]: [Argent's Invitation] 
[02-12 14:14:42]Set quest [2]: [415]: [Warrior Recruitment] 
[02-12 14:14:42]Set quest [3]: [424]: [Forest Exploration] 
[02-12 14:14:42]Set quest [4]: [426]: [Dangerous Times] 
[02-12 14:14:42]Set quest [5]: [449]: [Ambushed Swordsman] 
[02-12 14:14:42]Set quest [6]: [809]: [Vampiric Monster] 
[02-12 14:14:42]Set quest [7]: [813]: [Miner Mole] 
[02-12 14:14:42]Set quest [8]: [1431]: [Commerce Quest] 
[02-12 14:14:42]Set quest [9]: [1901]: [Mid Lv Commerce] 
[02-12 14:14:42]Set quest [10]: [5048]: [Mask of Zorro] 
[02-12 14:14:42]Set quest [11]: [5049]: [Final Password] 
[02-12 14:14:42]Set quest [12]: [5050]: [Stone of Destiny] 
[02-12 14:14:42]Set quest [13]: [5051]: [Destroy the mask] 
[02-12 14:14:42]Set quest [14]: [5052]: [Enchanted Pouch] 
[02-12 14:14:42]Set quest [15]: [6030]: [World Tour] 
[02-12 14:14:42]Set quest [16]: [6031]: [World Tour] 
[02-12 14:14:42]Set quest [1]: [603]: [Scholar Owlie] 
[02-12 14:14:42]Set quest [2]: [608]: [Unusual Satchet] 
[02-12 14:14:42]Set quest [3]: [613]: [The Contest] 
[02-12 14:14:42]Set quest [4]: [615]: [Grass Tortoise's Tradegy] 
[02-12 14:14:42]Set quest [5]: [618]: [A Terrible Curse] 
[02-12 14:14:42]Set quest [6]: [5702]: [TOP Ambassador 7] 
[02-12 14:14:42]Set quest [7]: [5703]: [TOP Ambassador 8] 
[02-12 14:14:42]Set quest [1]: [451]: [Traversing] 
[02-12 14:14:42]Set quest [2]: [457]: [Waala's Crisis] 
[02-12 14:14:42]Set quest [3]: [621]: [Expensive Herbs] 
[02-12 14:14:42]Set quest [4]: [625]: [Revenge] 
[02-12 14:14:42]Set quest [5]: [1590]: [Commerce Quest] 
[02-12 14:14:42]Set quest [6]: [1902]: [Mid Lv Commerce] 
[02-12 14:14:42]Set quest [7]: [1940]: [High Lv Commerce] 
[02-12 14:14:42]Set quest [8]: [5708]: [TOP Ambassador 10] 
[02-12 14:14:42]Set quest [9]: [5709]: [TOP Ambassador 11] 
[02-12 14:14:42]Set quest [1]: [425]: [Forest Exploration] 
[02-12 14:14:42]Set quest [2]: [431]: [Awakening] 
[02-12 14:14:42]Set quest [3]: [436]: [Dream Sea] 
[02-12 14:14:42]Set quest [4]: [442]: [World's Finest Merchant] 
[02-12 14:14:42]Set quest [5]: [448]: [Ambushed Swordsman] 
[02-12 14:14:42]Set quest [6]: [601]: [Bee Eradication] 
[02-12 14:14:42]Set quest [7]: [607]: [No More Odour!] 
[02-12 14:14:42]Set quest [8]: [610]: [The Terrible Bandits] 
[02-12 14:14:42]Set quest [9]: [612]: [Eradicate Stramonium] 
[02-12 14:14:42]Set quest [10]: [1001]: [A Swordsman's Life] 
[02-12 14:14:42]Set quest [11]: [1165]: [An Explorer's Life] 
[02-12 14:14:42]Set quest [1]: [475]: [Deep Deep Forest] 
[02-12 14:14:42]Set quest [1]: [437]: [Dream Sea] 
[02-12 14:14:42]Set quest [2]: [439]: [Navy Registration Now Open!] 
[02-12 14:14:42]Set quest [3]: [441]: [The Navy Office] 
[02-12 14:14:42]Set quest [4]: [5800]: [温情巨蟹之乱斗英雄] 
[02-12 14:14:42]Set quest [5]: [5801]: [温情巨蟹之名声英雄] 
[02-12 14:14:42]Set quest [6]: [5802]: [温情巨蟹之等级英雄] 
[02-12 14:14:42]Set quest [7]: [5803]: [温情巨蟹之荣誉英雄] 
[02-12 14:14:42]Set quest [8]: [5804]: [温情巨蟹之采集大使] 
[02-12 14:14:42]Set quest [9]: [5805]: [温情巨蟹之巨蟹末日] 
[02-12 14:14:42]Set quest [10]: [5806]: [温情巨蟹之乱斗英雄] 
[02-12 14:14:42]Set quest [11]: [5807]: [温情巨蟹之名声英雄] 
[02-12 14:14:42]Set quest [12]: [5808]: [温情巨蟹之等级英雄] 
[02-12 14:14:42]Set quest [13]: [5809]: [温情巨蟹之荣誉英雄] 
[02-12 14:14:42]Set quest [14]: [5810]: [温情巨蟹之采集大使] 
[02-12 14:14:42]Set quest [15]: [5811]: [温情巨蟹之乱斗英雄] 
[02-12 14:14:42]Set quest [16]: [5812]: [温情巨蟹之名声英雄] 
[02-12 14:14:42]Set quest [17]: [5813]: [温情巨蟹之等级英雄] 
[02-12 14:14:42]Set quest [18]: [5814]: [温情巨蟹之荣誉英雄] 
[02-12 14:14:42]Set quest [19]: [5815]: [温情巨蟹之采集大使] 
[02-12 14:14:42]Set quest [20]: [5816]: [社交大使1] 
[02-12 14:14:42]Set quest [21]: [5857]: [Community Hero 21] 
[02-12 14:14:42]Set quest [22]: [5858]: [巨蟹之特别行动一] 
[02-12 14:14:42]Set quest [23]: [5862]: [巨蟹之水手过关奖励] 
[02-12 14:14:42]Set quest [24]: [5863]: [巨蟹之海盗过关奖励] 
[02-12 14:14:42]Set quest [25]: [5864]: [巨蟹之船长过关奖励] 
[02-12 14:14:42]Set quest [1]: [289]: [Sea Haven] 
[02-12 14:14:42]Set quest [2]: [290]: [Navigation Map] 
[02-12 14:14:42]Set quest [1]: [419]: [Jungle Exploration] 
[02-12 14:14:42]Set quest [2]: [460]: [Mine Labyrinth] 
[02-12 14:14:42]Set quest [3]: [600]: [Honey Combs Heist] 
[02-12 14:14:42]Set quest [4]: [604]: [Cunning Owl] 
[02-12 14:14:42]Set quest [5]: [606]: [Tusk Boar's Resistance] 
[02-12 14:14:42]Set quest [6]: [611]: [Burning of Stramonium] 
[02-12 14:14:42]Set quest [7]: [614]: [Boxing Gloves] 
[02-12 14:14:42]Set quest [8]: [619]: [Boar Independence Day] 
[02-12 14:14:42]Set quest [9]: [1028]: [A Swordsman's Life] 
[02-12 14:14:42]Set quest [10]: [1191]: [An Explorer's Life] 
[02-12 14:14:42]Set quest [11]: [1434]: [Commerce Quest] 
[02-12 14:14:42]Set quest [12]: [1903]: [Mid Lv Commerce] 
[02-12 14:14:42]Set quest [13]: [5587]: [TOP Ambassador 17] 
[02-12 14:14:42]Set quest [14]: [5588]: [TOP Ambassador 18] 
[02-12 14:14:42]Set quest [15]: [6042]: [World Tour] 
[02-12 14:14:42]Set quest [16]: [6043]: [World Tour] 
[02-12 14:14:42]Set quest [1]: [450]: [Traversing] 
[02-12 14:14:42]Set quest [2]: [452]: [The Labyrinth Mystery] 
[02-12 14:14:42]Set quest [3]: [602]: [Unsettling Dream] 
[02-12 14:14:42]Set quest [4]: [605]: [Temptation of BBQ Tails] 
[02-12 14:14:42]Set quest [5]: [609]: [Missing Gold Coin] 
[02-12 14:14:42]Set quest [6]: [616]: [Stealing Tortoise Eggs] 
[02-12 14:14:42]Set quest [7]: [617]: [Smuggle Tortoise Shells] 
[02-12 14:14:42]Set quest [8]: [1435]: [Commerce Quest] 
[02-12 14:14:42]Set quest [9]: [1904]: [Mid Lv Commerce] 
[02-12 14:14:42]Set quest [1]: [623]: [Deer Skin Coat] 
[02-12 14:14:42]Set quest [2]: [627]: [Cruel Massacre] 
[02-12 14:14:42]Set quest [3]: [634]: [Mysterious Cape] 
[02-12 14:14:42]Set quest [4]: [1031]: [A Swordsman's Life] 
[02-12 14:14:42]Set quest [5]: [1194]: [An Explorer's Life] 
[02-12 14:14:42]Set quest [6]: [1591]: [Commerce Quest] 
[02-12 14:14:42]Set quest [7]: [1905]: [Mid Lv Commerce] 
[02-12 14:14:42]Set quest [8]: [1941]: [High Lv Commerce] 
[02-12 14:14:42]Set quest [9]: [5583]: [TOP Ambassador 15] 
[02-12 14:14:42]Set quest [10]: [5584]: [TOP Ambassador 16] 
[02-12 14:14:42]Set quest [1]: [622]: [Secret of the Grassland Elk] 
[02-12 14:14:42]Set quest [2]: [624]: [White Owlie] 
[02-12 14:14:42]Set quest [3]: [628]: [Boxing Trouble] 
[02-12 14:14:42]Set quest [4]: [630]: [Investigation of Slowpoke Snail] 
[02-12 14:14:42]Set quest [5]: [636]: [Emerald Fog] 
[02-12 14:14:42]Set quest [6]: [1006]: [A Swordsman's Life] 
[02-12 14:14:42]Set quest [7]: [1170]: [An Explorer's Life] 
[02-12 14:14:42]Set quest [8]: [1592]: [Commerce Quest] 
[02-12 14:14:42]Set quest [9]: [1906]: [Mid Lv Commerce] 
[02-12 14:14:42]Set quest [10]: [1942]: [High Lv Commerce] 
[02-12 14:14:42]Set quest [11]: [6036]: [World Tour] 
[02-12 14:14:42]Set quest [12]: [6037]: [World Tour] 
[02-12 14:14:42]Set quest [1]: [463]: [Search for Talent] 
[02-12 14:14:42]Set quest [2]: [620]: [Boar Challenge] 
[02-12 14:14:42]Set quest [3]: [626]: [Pursue of the Wolf] 
[02-12 14:14:42]Set quest [4]: [629]: [Lucky Magical Stone] 
[02-12 14:14:42]Set quest [5]: [631]: [The Slowpoke Snails] 
[02-12 14:14:42]Set quest [6]: [632]: [Fallen] 
[02-12 14:14:42]Set quest [7]: [633]: [Song of the Stinging Beak] 
[02-12 14:14:42]Set quest [8]: [635]: [Trading Fake Gems] 
[02-12 14:14:42]Set quest [9]: [637]: [Search for Velvet Stone] 
[02-12 14:14:42]Set quest [10]: [1015]: [A Swordsman's Life] 
[02-12 14:14:42]Set quest [11]: [1178]: [An Explorer's Life] 
[02-12 14:14:42]Set quest [12]: [1593]: [Commerce Quest] 
[02-12 14:14:42]Set quest [13]: [1907]: [Mid Lv Commerce] 
[02-12 14:14:42]Set quest [14]: [1943]: [High Lv Commerce] 
[02-12 14:14:42]Set quest [1]: [223]: [A New Task] 
[02-12 14:14:42]Set quest [2]: [224]: [The Lost Tool] 
[02-12 14:14:42]Set quest [3]: [225]: [Kill the Shrooms] 
[02-12 14:14:42]Set quest [4]: [226]: [Ditto's Request] 
[02-12 14:14:42]Set quest [5]: [227]: [Bandit Hideout Map] 
[02-12 14:14:42]Set quest [6]: [228]: [Ambush Bandit] 
[02-12 14:14:42]Set quest [7]: [229]: [Bounty] 
[02-12 14:14:42]Set quest [8]: [230]: [Desert Visit] 
[02-12 14:14:42]Set quest [9]: [1055]: [A Swordsman's Life] 
[02-12 14:14:42]Set quest [10]: [1217]: [An Explorer's Life] 
[02-12 14:14:42]Set quest [11]: [1432]: [Commerce Quest] 
[02-12 14:14:42]Set quest [12]: [1908]: [Mid Lv Commerce] 
[02-12 14:14:42]Set quest [1]: [401]: [Wandering Creatures] 
[02-12 14:14:42]Set quest [2]: [810]: [Miner Mole Safety Helmet] 
[02-12 14:14:42]Set quest [3]: [1040]: [A Swordsman's Life] 
[02-12 14:14:42]Set quest [4]: [1203]: [An Explorer's Life] 
[02-12 14:14:42]Set quest [5]: [1433]: [Commerce Quest] 
[02-12 14:14:42]Set quest [6]: [1909]: [Mid Lv Commerce] 
[02-12 14:14:42]Set quest [7]: [5579]: [TOP Ambassador 13] 
[02-12 14:14:42]Set quest [8]: [5580]: [TOP Ambassador 14] 
[02-12 14:14:42]Set quest [1]: [428]: [Reinforcement for Atlantis] 
[02-12 14:14:42]Set quest [2]: [812]: [Revenge of the Mud] 
[02-12 14:14:42]Set quest [3]: [1025]: [A Swordsman's Life] 
[02-12 14:14:42]Set quest [4]: [1188]: [An Explorer's Life] 
[02-12 14:14:42]Set quest [1]: [455]: [Mine Exploration] 
[02-12 14:14:42]Set quest [2]: [461]: [Mine Labyrinth] 
[02-12 14:14:42]Set quest [3]: [811]: [Weird Mud] 
[02-12 14:14:42]Set quest [4]: [814]: [Ninja Sword] 
[02-12 14:14:42]Set quest [5]: [1013]: [A Swordsman's Life] 
[02-12 14:14:42]Set quest [6]: [1014]: [A Swordsman's Life] 
[02-12 14:14:42]Set quest [7]: [1177]: [An Explorer's Life] 
[02-12 14:14:42]Set quest [8]: [6121]: [The Fourth Task] 
[02-12 14:14:42]Set quest [9]: [6122]: [The Fifth Task] 
[02-12 14:14:42]Set quest [1]: [1027]: [A Swordsman's Life] 
[02-12 14:14:42]Set quest [2]: [1190]: [An Explorer's Life] 
[02-12 14:14:42]Set quest [3]: [5139]: [Goodbye to 7th Gate] 
[02-12 14:14:42]Set quest [4]: [5140]: [8th Gate] 
[02-12 14:14:42]Set quest [5]: [5141]: [Instructions for last Gate] 
[02-12 14:14:42]Set quest [6]: [6044]: [World Tour] 
[02-12 14:14:42]Set quest [7]: [6045]: [World Tour] 
[02-12 14:14:42]Set quest [1]: [5563]: [TOP Ambassador 6] 
[02-12 14:14:42]Set quest [2]: [5564]: [TOP Ambassador 7] 
[02-12 14:14:42]Set quest [1]: [763]: [Journey of the Voyager] 
[02-12 14:14:42]Set quest [2]: [1742]: [Commerce Quest] 
[02-12 14:14:42]Set quest [3]: [1938]: [Mid Lv Commerce] 
[02-12 14:14:42]Set quest [4]: [1953]: [High Lv Commerce] 
[02-12 14:14:42]Set quest [5]: [5511]: [Challenge Genesis] 
[02-12 14:14:42]Set quest [6]: [5512]: [Challenge Genesis 2] 
[02-12 14:14:42]Set quest [1]: [379]: [Wheel of Fate] 
[02-12 14:14:42]Set quest [2]: [380]: [Wheel of Fate] 
[02-12 14:14:42]Set quest [3]: [5533]: [Challenge Genesis 12] 
[02-12 14:14:42]Set quest [4]: [5534]: [Challenge Genesis 13] 
[02-12 14:14:42]Set quest [1]: [1740]: [Commerce Quest] 
[02-12 14:14:42]Set quest [2]: [1936]: [Mid Lv Commerce] 
[02-12 14:14:42]Set quest [3]: [1951]: [High Lv Commerce] 
[02-12 14:14:42]Set quest [4]: [381]: [Wheel of Fate] 
[02-12 14:14:42]Set quest [5]: [382]: [Wheel of Fate] 
[02-12 14:14:42]Set quest [6]: [5531]: [Challenge Genesis 11] 
[02-12 14:14:42]Set quest [7]: [5532]: [Challenge Genesis 12] 
[02-12 14:14:42]Set quest [8]: [5655]: [TOP Ambassador 16] 
[02-12 14:14:42]Set quest [9]: [5656]: [TOP Ambassador 17] 
[02-12 14:14:42]Set quest [10]: [5861]: [巨蟹之特别行动二] 
[02-12 14:14:42]Set quest [1]: [1739]: [Commerce Quest] 
[02-12 14:14:42]Set quest [2]: [1935]: [Mid Lv Commerce] 
[02-12 14:14:42]Set quest [3]: [1950]: [High Lv Commerce] 
[02-12 14:14:42]Set quest [4]: [383]: [Wheel of Fate] 
[02-12 14:14:42]Set quest [5]: [384]: [Wheel of Fate] 
[02-12 14:14:42]Set quest [6]: [385]: [Wheel of Fate] 
[02-12 14:14:42]Set quest [7]: [5529]: [Challenge Genesis10] 
[02-12 14:14:42]Set quest [8]: [5530]: [Challenge Genesis 11] 
[02-12 14:14:42]Set quest [1]: [760]: [Journey of the Voyager] 
[02-12 14:14:42]Set quest [1]: [761]: [Journey of the Voyager] 
[02-12 14:14:42]Set quest [2]: [5643]: [TOP Ambassador 10] 
[02-12 14:14:42]Set quest [3]: [5644]: [TOP Ambassador 11] 
[02-12 14:14:42]Set quest [1]: [762]: [Journey of the Voyager] 
[02-12 14:14:42]Set quest [1]: [5720]: [TOP Ambassador 16] 
[02-12 14:14:42]Set quest [2]: [5721]: [TOP Ambassador 17] 
[02-12 14:14:42]Set quest [1]: [1436]: [Commerce Quest] 
[02-12 14:14:42]Set quest [2]: [1930]: [Mid Lv Commerce] 
[02-12 14:14:42]Set quest [1]: [5637]: [TOP Ambassador 7] 
[02-12 14:14:42]Set quest [2]: [5638]: [TOP Ambassador 8] 
[02-12 14:14:42]Set quest [1]: [5118]: [Grandeur Oracle] 
[02-12 14:14:42]Set quest [2]: [5119]: [First Gate] 
[02-12 14:14:42]Set quest [3]: [5120]: [Goodbye to First Gate] 
[02-12 14:14:42]Set quest [1]: [837]: [Test] 
[02-12 14:14:42]Set quest [2]: [838]: [Test] 
[02-12 14:14:42]Set quest [3]: [839]: [Hidden Agenda] 
[02-12 14:14:42]Set quest [1]: [840]: [Enthusiast] 
[02-12 14:14:42]Set quest [2]: [5591]: [TOP Ambassador 19] 
[02-12 14:14:42]Set quest [3]: [5592]: [TOP Ambassador 20] 
[02-12 14:14:42]Set quest [4]: [6048]: [World Tour] 
[02-12 14:14:42]Set quest [5]: [6049]: [World Tour] 
[02-12 14:14:42]Set quest [1]: [844]: [Candle Research] 
[02-12 14:14:42]Set quest [2]: [841]: [Sampling] 
[02-12 14:14:42]Set quest [3]: [842]: [Never Dying Candle] 
[02-12 14:14:42]Set quest [4]: [843]: [Black Monster] 
[02-12 14:14:42]Set quest [5]: [5625]: [TOP Ambassador] 
[02-12 14:14:42]Set quest [6]: [5626]: [TOP Ambassador 2] 
[02-12 14:14:42]Set quest [1]: [845]: [Rock Golem] 
[02-12 14:14:42]Set quest [2]: [846]: [Velvet Stone Research] 
[02-12 14:14:42]Set quest [3]: [847]: [Validity] 
[02-12 14:14:42]Set quest [4]: [848]: [Unyielding Helmet] 
[02-12 14:14:42]Set quest [5]: [5714]: [TOP Ambassador 13] 
[02-12 14:14:42]Set quest [6]: [5715]: [TOP Ambassador 14] 
[02-12 14:14:42]Set quest [1]: [5649]: [TOP Ambassador 13] 
[02-12 14:14:42]Set quest [2]: [5650]: [TOP Ambassador 14] 
[02-12 14:14:42]Set quest [1]: [918]: [Love Revival] 
[02-12 14:14:42]Set quest [2]: [5018]: [Amber Tear] 
[02-12 14:14:42]Set quest [3]: [5020]: [Calcium Replenishment] 
[02-12 14:14:42]Set quest [4]: [5021]: [Revival Clover] 
[02-12 14:14:42]Set quest [5]: [5022]: [Side effect] 
[02-12 14:14:42]Set quest [1]: [6001]: [Mark of a Warrior] 
[02-12 14:14:42]Set quest [2]: [6002]: [Little Mystery Man] 
[02-12 14:14:42]Set quest [3]: [5823]: [TOP Ambassador 4] 
[02-12 14:14:42]Set quest [4]: [5824]: [TOP Ambassador 5] 
[02-12 14:14:43]Set quest [1]: [505]: [Blacksmith's Worries] 
[02-12 14:14:43]Set quest [2]: [506]: [Elizabeth's Love Keepsake] 
[02-12 14:14:43]Set quest [3]: [507]: [Necklace of Love] 
[02-12 14:14:43]Set quest [4]: [579]: [General's Confession of Love] 
[02-12 14:14:43]Set quest [5]: [580]: [Elizabeth's Prayer] 
[02-12 14:14:43]Set quest [6]: [587]: [The Gift] 
[02-12 14:14:43]Set quest [7]: [588]: [Undeserving Love] 
[02-12 14:14:43]Set quest [8]: [591]: [Wellington's Blessing] 
[02-12 14:14:43]Set quest [9]: [5573]: [TOP Ambassador 10] 
[02-12 14:14:43]Set quest [10]: [5574]: [TOP Ambassador 11] 
[02-12 14:14:43]Set quest [11]: [5661]: [TOP Ambassador 19] 
[02-12 14:14:43]Set quest [12]: [5662]: [TOP Ambassador 20] 
[02-12 14:14:43]Set quest [13]: [6171]: [The Brave Love] 
[02-12 14:14:43]Set quest [14]: [6172]: [The Brave Love] 
[02-12 14:14:43]Set quest [1]: [897]: [Pirate's Food] 
[02-12 14:14:43]Set quest [2]: [898]: [Pirate's Annihilation] 
[02-12 14:14:43]Set quest [3]: [899]: [Cursed Black Jewel] 
[02-12 14:14:43]Set quest [4]: [476]: [Commander's Complaint] 
[02-12 14:14:43]Set quest [5]: [479]: [Secret of the Commander] 
[02-12 14:14:43]Set quest [6]: [480]: [Navy's Weapon] 
[02-12 14:14:43]Set quest [7]: [481]: [Navy Manual] 
[02-12 14:14:43]Set quest [8]: [576]: [Pirate Vs Navy] 
[02-12 14:14:43]Set quest [9]: [577]: [General's Confession of Love] 
[02-12 14:14:43]Set quest [10]: [578]: [General's Confession of Love] 
[02-12 14:14:43]Set quest [11]: [589]: [Undeserving Love] 
[02-12 14:14:43]Set quest [12]: [590]: [Wellington's Blessing] 
[02-12 14:14:43]Set quest [1]: [895]: [Peerless Pirate] 
[02-12 14:14:43]Set quest [2]: [896]: [Commander's Head] 
[02-12 14:14:43]Set quest [3]: [482]: [SOS] 
[02-12 14:14:43]Set quest [4]: [485]: [Jack Vs Jack] 
[02-12 14:14:43]Set quest [5]: [486]: [Treasure of the Caribbean] 
[02-12 14:14:43]Set quest [6]: [574]: [Unique Weapon] 
[02-12 14:14:43]Set quest [7]: [575]: [Pirate Vs Navy] 
[02-12 14:14:43]Set quest [8]: [584]: [The Curse] 
[02-12 14:14:43]Set quest [9]: [585]: [The Real Captain] 
[02-12 14:14:43]Set quest [10]: [586]: [The Gift] 
[02-12 14:14:43]Set quest [11]: [5676]: [Blood Shed Taurus Special Operation] 
[02-12 14:14:43]Set quest [1]: [894]: [Counter Probe] 
[02-12 14:14:43]Set quest [2]: [487]: [The Congregation] 
[02-12 14:14:43]Set quest [3]: [504]: [Blacksmith's Worries] 
[02-12 14:14:43]Set quest [4]: [508]: [Necklace of Love] 
[02-12 14:14:43]Set quest [5]: [509]: [Blacksmith's Promise] 
[02-12 14:14:43]Set quest [6]: [573]: [Unique Weapon] 
[02-12 14:14:43]Set quest [7]: [581]: [Elizabeth's Prayer] 
[02-12 14:14:43]Set quest [8]: [582]: [The Curse] 
[02-12 14:14:43]Set quest [9]: [583]: [The Curse] 
[02-12 14:14:43]Set quest [1]: [5593]: [TOP Ambassador 20] 
[02-12 14:14:43]Set quest [2]: [5594]: [TOP Ambassador 21] 
[02-12 14:14:43]Set quest [1]: [5595]: [TOP Ambassador 21] 
[02-12 14:14:43]Set quest [2]: [5596]: [TOP Hero 22] 
[02-12 14:14:43]Set quest [3]: [6056]: [Visit the Guardian of Heaven] 
[02-12 14:14:43]Set quest [4]: [6057]: [Testament of the Piety] 
[02-12 14:14:43]Set quest [5]: [6058]: [Testament of the Piety] 
[02-12 14:14:43]Set quest [6]: [6059]: [Testament of the Piety] 
[02-12 14:14:43]Set quest [7]: [6060]: [Visit the guardian of Argent] 
[02-12 14:14:43]Set quest [8]: [5726]: [TOP Ambassador 19] 
[02-12 14:14:43]Set quest [9]: [5727]: [TOP Ambassador 20] 
[02-12 14:14:43]Set quest [1]: [6071]: [New challenge] 
[02-12 14:21:24]Set quest [1]: [203]: [Secretary Message] 
[02-12 14:21:24]Set quest [2]: [204]: [Secretary Message] 
[02-12 14:21:24]Set quest [3]: [205]: [Secretary Message] 
[02-12 14:21:24]Set quest [4]: [206]: [A Small Task] 
[02-12 14:21:24]Set quest [5]: [221]: [Ditto's Report] 
[02-12 14:21:24]Set quest [6]: [222]: [A New Task] 
[02-12 14:21:24]Set quest [7]: [1002]: [A Swordsman's Life] 
[02-12 14:21:24]Set quest [8]: [1057]: [A Hunter's Life] 
[02-12 14:21:24]Set quest [9]: [1112]: [Doctor Class Quest] 
[02-12 14:21:24]Set quest [10]: [1166]: [An Explorer's Life] 
[02-12 14:21:24]Set quest [11]: [55]: [Letter for Salvier] 
[02-12 14:21:24]Set quest [12]: [56]: [Shroom Population] 
[02-12 14:21:24]Set quest [13]: [57]: [Letter for Goldie] 
[02-12 14:21:24]Set quest [14]: [1220]: [Commerce Quest] 
[02-12 14:21:24]Set quest [15]: [319]: [Nameless One] 
[02-12 14:21:24]Set quest [16]: [325]: [Lone Warrior] 
[02-12 14:21:24]Set quest [17]: [326]: [Powerful Backing] 
[02-12 14:21:24]Set quest [18]: [5037]: [Dust of the Century] 
[02-12 14:21:24]Set quest [1]: [703]: [Blacksmith's Greetings] 
[02-12 14:21:24]Set quest [2]: [1044]: [A Swordsman's Life] 
[02-12 14:21:24]Set quest [3]: [1096]: [A Hunter's Life] 
[02-12 14:21:24]Set quest [4]: [1155]: [Doctor Class Quest] 
[02-12 14:21:24]Set quest [5]: [1207]: [An Explorer's Life] 
[02-12 14:21:24]Set quest [6]: [58]: [Letter for Goldie] 
[02-12 14:21:24]Set quest [7]: [59]: [Conservation Activity] 
[02-12 14:21:24]Set quest [8]: [60]: [Letter for Senna] 
[02-12 14:21:24]Set quest [9]: [1221]: [Commerce Quest] 
[02-12 14:21:24]Set quest [1]: [100]: [A Swordsman's Life] 
[02-12 14:21:24]Set quest [2]: [204]: [Secretary Message] 
[02-12 14:21:24]Set quest [3]: [279]: [Behemoth's Escape] 
[02-12 14:21:24]Set quest [4]: [281]: [Scary Monsters] 
[02-12 14:21:24]Set quest [5]: [404]: [Tundra Exploration] 
[02-12 14:21:24]Set quest [6]: [749]: [Code of the Crusader] 
[02-12 14:21:24]Set quest [7]: [750]: [Champion's Valor] 
[02-12 14:21:24]Set quest [8]: [66]: [Swordsman Promotion] 
[02-12 14:21:24]Set quest [9]: [67]: [Swordsman Promotion] 
[02-12 14:21:24]Set quest [10]: [68]: [Swordsman Promotion] 
[02-12 14:21:24]Set quest [11]: [72]: [Swordsman Promotion] 
[02-12 14:21:24]Set quest [12]: [1222]: [Commerce Quest] 
[02-12 14:21:24]Set quest [13]: [5056]: [Sang Di's guidance] 
[02-12 14:21:24]Set quest [14]: [5060]: [Peter's suggestion] 
[02-12 14:21:24]Set quest [15]: [5068]: [Story of the Enlightened One] 
[02-12 14:21:24]Set quest [16]: [5167]: [Who is the Enlightened One] 
[02-12 14:21:24]Set quest [17]: [5089]: [Top Disciple] 
[02-12 14:21:24]Set quest [18]: [5093]: [Initial Disciple] 
[02-12 14:21:24]Set quest [19]: [5094]: [Lv2 Disciple] 
[02-12 14:21:24]Set quest [20]: [5095]: [3rd Grade Disciple] 
[02-12 14:21:24]Set quest [21]: [5096]: [Advance Disciple] 
[02-12 14:21:24]Set quest [22]: [5109]: [Qualified Disciple] 
[02-12 14:21:24]Set quest [23]: [6078]: [Report situation] 
[02-12 14:21:24]Set quest [24]: [6079]: [Gather feathers] 
[02-12 14:21:24]Set quest [25]: [6080]: [Help other people] 
[02-12 14:21:24]Set quest [26]: [6097]: [Spy for army information] 
[02-12 14:21:24]Set quest [27]: [6100]: [Spy for army information] 
[02-12 14:21:24]Set quest [28]: [6101]: [Peter's Revenge] 
[02-12 14:21:24]Set quest [1]: [1023]: [A Swordsman's Life] 
[02-12 14:21:24]Set quest [2]: [1080]: [A Hunter's Life] 
[02-12 14:21:24]Set quest [3]: [1135]: [Doctor Class Quest] 
[02-12 14:21:24]Set quest [4]: [1186]: [An Explorer's Life] 
[02-12 14:21:24]Set quest [5]: [1223]: [Commerce Quest] 
[02-12 14:21:24]Set quest [1]: [282]: [Scary Monsters] 
[02-12 14:21:24]Set quest [2]: [283]: [Granny's Pastries] 
[02-12 14:21:24]Set quest [3]: [1026]: [A Swordsman's Life] 
[02-12 14:21:24]Set quest [4]: [1084]: [A Hunter's Life] 
[02-12 14:21:24]Set quest [5]: [1137]: [Doctor Class Quest] 
[02-12 14:21:24]Set quest [6]: [1189]: [An Explorer's Life] 
[02-12 14:21:24]Set quest [7]: [1224]: [Commerce Quest] 
[02-12 14:21:24]Set quest [8]: [373]: [Beldi] 
[02-12 14:21:24]Set quest [9]: [374]: [Hometown] 
[02-12 14:21:24]Set quest [10]: [388]: [Language Barrier] 
[02-12 14:21:24]Set quest [11]: [5631]: [TOP Ambassador 4] 
[02-12 14:21:24]Set quest [12]: [5632]: [TOP Ambassador 5] 
[02-12 14:21:24]Set quest [1]: [748]: [Survival Compass] 
[02-12 14:21:24]Set quest [2]: [1045]: [A Swordsman's Life] 
[02-12 14:21:24]Set quest [3]: [1099]: [A Hunter's Life] 
[02-12 14:21:24]Set quest [4]: [1157]: [Doctor Class Quest] 
[02-12 14:21:24]Set quest [5]: [758]: [Journey of the Voyager] 
[02-12 14:21:24]Set quest [6]: [103]: [An Explorer's Life] 
[02-12 14:21:24]Set quest [7]: [191]: [Explorer Promotion] 
[02-12 14:21:24]Set quest [8]: [192]: [Explorer Promotion] 
[02-12 14:21:24]Set quest [9]: [193]: [Explorer Promotion] 
[02-12 14:21:24]Set quest [10]: [197]: [Explorer Promotion] 
[02-12 14:21:24]Set quest [11]: [1225]: [Commerce Quest] 
[02-12 14:21:24]Set quest [12]: [503]: [Skeleton of Sorrow Warrior] 
[02-12 14:21:24]Set quest [13]: [330]: [Secret of the Will] 
[02-12 14:21:24]Set quest [14]: [331]: [Jack Introduction] 
[02-12 14:21:24]Set quest [15]: [332]: [Rumour of the Bar] 
[02-12 14:21:24]Set quest [16]: [335]: [Love Entanglement] 
[02-12 14:21:24]Set quest [17]: [359]: [Exploration Spirit] 
[02-12 14:21:24]Set quest [18]: [360]: [Exploration Spirit] 
[02-12 14:21:24]Set quest [19]: [361]: [Exploration Spirit] 
[02-12 14:21:24]Set quest [20]: [362]: [Exploration Test] 
[02-12 14:21:24]Set quest [21]: [363]: [Exploration Test] 
[02-12 14:21:24]Set quest [22]: [364]: [Exploration Test] 
[02-12 14:21:24]Set quest [23]: [365]: [Exploration Test] 
[02-12 14:21:24]Set quest [24]: [366]: [Exploration Test] 
[02-12 14:21:24]Set quest [25]: [367]: [Exploration Test] 
[02-12 14:21:24]Set quest [26]: [368]: [Exploration Test] 
[02-12 14:21:24]Set quest [27]: [369]: [Exploration Test] 
[02-12 14:21:24]Set quest [28]: [370]: [Exploration Test] 
[02-12 14:21:24]Set quest [29]: [371]: [Exploration Test] 
[02-12 14:21:24]Set quest [30]: [522]: [Heart of Mermaid] 
[02-12 14:21:24]Set quest [31]: [5058]: [Sang Di's guidance] 
[02-12 14:21:24]Set quest [32]: [5062]: [Daniel's Suggestion] 
[02-12 14:21:24]Set quest [1]: [443]: [World's Finest Merchant] 
[02-12 14:21:24]Set quest [2]: [445]: [Argent Trade Center] 
[02-12 14:21:24]Set quest [3]: [447]: [Sea Commerce] 
[02-12 14:21:24]Set quest [4]: [1020]: [A Swordsman's Life] 
[02-12 14:21:24]Set quest [5]: [1076]: [A Hunter's Life] 
[02-12 14:21:24]Set quest [6]: [1132]: [Doctor Class Quest] 
[02-12 14:21:24]Set quest [7]: [1183]: [An Explorer's Life] 
[02-12 14:21:24]Set quest [8]: [1226]: [Commerce Quest] 
[02-12 14:21:24]Set quest [1]: [707]: [Physician's Greetings] 
[02-12 14:21:24]Set quest [2]: [214]: [Food Poisoning] 
[02-12 14:21:24]Set quest [3]: [215]: [Quest for Antidote] 
[02-12 14:21:24]Set quest [4]: [217]: [Tommy's Request] 
[02-12 14:21:24]Set quest [5]: [218]: [A Crazy Reason] 
[02-12 14:21:24]Set quest [6]: [219]: [Thorough Investigation] 
[02-12 14:21:24]Set quest [7]: [220]: [Ditto's Report] 
[02-12 14:21:24]Set quest [8]: [1046]: [A Swordsman's Life] 
[02-12 14:21:24]Set quest [9]: [1208]: [An Explorer's Life] 
[02-12 14:21:24]Set quest [10]: [73]: [Letter for Ditto] 
[02-12 14:21:24]Set quest [11]: [74]: [Decoction Recipe] 
[02-12 14:21:24]Set quest [12]: [75]: [Letter for Rouri] 
[02-12 14:21:24]Set quest [13]: [5027]: [Ingredient of Restoration Potion] 
[02-12 14:21:24]Set quest [14]: [5035]: [Whereabouts of Sunstone] 
[02-12 14:21:24]Set quest [15]: [5036]: [Eyedrop] 
[02-12 14:21:24]Set quest [1]: [1009]: [A Swordsman's Life] 
[02-12 14:21:24]Set quest [2]: [1173]: [An Explorer's Life] 
[02-12 14:21:24]Set quest [3]: [6123]: [The Fifth Task] 
[02-12 14:21:24]Set quest [4]: [6124]: [The Sixth Task] 
[02-12 14:21:24]Set quest [1]: [1039]: [A Swordsman's Life] 
[02-12 14:21:24]Set quest [2]: [1202]: [An Explorer's Life] 
[02-12 14:21:24]Set quest [3]: [80]: [Lost Items] 
[02-12 14:21:24]Set quest [4]: [81]: [Letter for Senna] 
[02-12 14:21:24]Set quest [5]: [79]: [Letter for Coddy] 
[02-12 14:21:24]Set quest [6]: [5510]: [Challenge Genesis] 
[02-12 14:21:24]Set quest [1]: [207]: [A Small Task] 
[02-12 14:21:24]Set quest [2]: [208]: [Food for the Navy] 
[02-12 14:21:24]Set quest [3]: [209]: [Missing Tommy] 
[02-12 14:21:24]Set quest [4]: [212]: [Report to General] 
[02-12 14:21:24]Set quest [5]: [213]: [Food Poisoning] 
[02-12 14:21:24]Set quest [6]: [216]: [Tommy's Request] 
[02-12 14:21:24]Set quest [7]: [274]: [Chairman's Dark Secret] 
[02-12 14:21:24]Set quest [8]: [275]: [Mine Investigation] 
[02-12 14:21:24]Set quest [9]: [276]: [Secret of the Slip] 
[02-12 14:21:24]Set quest [10]: [1016]: [A Swordsman's Life] 
[02-12 14:21:24]Set quest [11]: [1179]: [An Explorer's Life] 
[02-12 14:21:24]Set quest [12]: [69]: [Swordsman Promotion] 
[02-12 14:21:24]Set quest [13]: [70]: [Swordsman Promotion] 
[02-12 14:21:24]Set quest [14]: [71]: [Swordsman Promotion] 
[02-12 14:21:24]Set quest [15]: [194]: [Explorer Promotion] 
[02-12 14:21:24]Set quest [16]: [195]: [Explorer Promotion] 
[02-12 14:21:24]Set quest [17]: [196]: [Explorer Promotion] 
[02-12 14:21:24]Set quest [18]: [318]: [Soul of Navy] 
[02-12 14:21:24]Set quest [19]: [323]: [Sever Relationship] 
[02-12 14:21:24]Set quest [20]: [324]: [I'm not a PIRATE!] 
[02-12 14:21:24]Set quest [21]: [5053]: [Enchanted Pouch] 
[02-12 14:21:24]Set quest [1]: [1032]: [A Swordsman's Life] 
[02-12 14:21:24]Set quest [2]: [1195]: [An Explorer's Life] 
[02-12 14:21:24]Set quest [1]: [271]: [A Long Long Time Ago] 
[02-12 14:21:24]Set quest [2]: [277]: [Secret of the Slip] 
[02-12 14:21:24]Set quest [3]: [278]: [Behemoth's Escape] 
[02-12 14:21:24]Set quest [4]: [280]: [Ancient Bounty Token] 
[02-12 14:21:24]Set quest [5]: [286]: [Sea Haven] 
[02-12 14:21:24]Set quest [6]: [5076]: [Who is the Enlightened One] 
[02-12 14:21:24]Set quest [7]: [5077]: [Who is the Enlightened One] 
[02-12 14:21:24]Set quest [8]: [5078]: [Who is the Enlightened One] 
[02-12 14:21:24]Set quest [9]: [5079]: [Who is the Enlightened One] 
[02-12 14:21:24]Set quest [10]: [5088]: [Top Disciple] 
[02-12 14:21:24]Set quest [11]: [5110]: [Qualified Disciple] 
[02-12 14:21:24]Set quest [12]: [5112]: [Qualified Disciple] 
[02-12 14:21:24]Set quest [13]: [5114]: [Qualified Disciple] 
[02-12 14:21:24]Set quest [14]: [5116]: [Qualified Disciple] 
[02-12 14:21:24]Set quest [15]: [5147]: [The mystery has been solved] 
[02-12 14:21:24]Set quest [1]: [266]: [Wisdom of Argent] 
[02-12 14:21:24]Set quest [2]: [267]: [Blurry] 
[02-12 14:21:24]Set quest [3]: [270]: [A Long Long Time Ago] 
[02-12 14:21:24]Set quest [4]: [272]: [Wrong Question] 
[02-12 14:21:24]Set quest [5]: [273]: [Chairman's Dark Secret] 
[02-12 14:21:24]Set quest [6]: [337]: [Mystic Diary] 
[02-12 14:21:24]Set quest [7]: [338]: [Goddess's Follower] 
[02-12 14:21:24]Set quest [8]: [554]: [Tragedy] 
[02-12 14:21:24]Set quest [9]: [555]: [Tragedy] 
[02-12 14:21:24]Set quest [10]: [901]: [Pet Event] 
[02-12 14:21:24]Set quest [11]: [5557]: [TOP Ambassador 3] 
[02-12 14:21:24]Set quest [12]: [5558]: [TOP Ambassador 4] 
[02-12 14:21:24]Set quest [13]: [6168]: [The Hero’s Relic] 
[02-12 14:21:24]Set quest [14]: [6169]: [The Hero’s Relic] 
[02-12 14:21:24]Set quest [15]: [6170]: [The Brave Love] 
[02-12 14:21:24]Set quest [16]: [6173]: [The Brave Love] 
[02-12 14:21:24]Set quest [1]: [705]: [Tailor's Greetings] 
[02-12 14:21:24]Set quest [1]: [76]: [Letter for Rouri] 
[02-12 14:21:24]Set quest [2]: [77]: [Mushroom Mushroom] 
[02-12 14:21:24]Set quest [3]: [78]: [Letter for Coddy] 
[02-12 14:21:24]Set quest [1]: [2000]: [Adventure Start!] 
[02-12 14:21:24]Set quest [2]: [2001]: [Adventure Start 2] 
[02-12 14:21:24]Set quest [1]: [6086]: [The Dream for Loric Dragon Set] 
[02-12 14:21:24]Set quest [2]: [6089]: [The Dream for Loric Dragon Set] 
[02-12 14:21:24]Set quest [3]: [6090]: [The Dream for Loric Dragon Set] 
[02-12 14:21:24]Set quest [1]: [500]: [Drunkyard Secrets] 
[02-12 14:21:24]Set quest [2]: [501]: [Another Cup Please!] 
[02-12 14:21:24]Set quest [3]: [358]: [Exploration Spirit] 
[02-12 14:21:24]Set quest [4]: [372]: [Beldi] 
[02-12 14:21:24]Set quest [5]: [6082]: [Charm of the rose] 
[02-12 14:21:24]Set quest [1]: [210]: [Missing Tommy] 
[02-12 14:21:24]Set quest [2]: [211]: [Report to General] 
[02-12 14:21:24]Set quest [3]: [1034]: [A Swordsman's Life] 
[02-12 14:21:24]Set quest [4]: [1197]: [An Explorer's Life] 
[02-12 14:21:24]Set quest [1]: [1054]: [A Swordsman's Life] 
[02-12 14:21:24]Set quest [2]: [1216]: [An Explorer's Life] 
[02-12 14:21:24]Set quest [1]: [1000]: [A Swordsman's Life] 
[02-12 14:21:24]Set quest [2]: [1164]: [An Explorer's Life] 
[02-12 14:21:24]Set quest [1]: [1022]: [A Swordsman's Life] 
[02-12 14:21:24]Set quest [2]: [1079]: [A Hunter's Life] 
[02-12 14:21:24]Set quest [3]: [1134]: [Doctor Class Quest] 
[02-12 14:21:24]Set quest [4]: [1185]: [An Explorer's Life] 
[02-12 14:21:24]Set quest [5]: [378]: [Ancient Brooch] 
[02-12 14:21:24]Set quest [1]: [1038]: [A Swordsman's Life] 
[02-12 14:21:24]Set quest [2]: [1092]: [A Hunter's Life] 
[02-12 14:21:24]Set quest [3]: [1150]: [Doctor Class Quest] 
[02-12 14:21:24]Set quest [4]: [1201]: [An Explorer's Life] 
[02-12 14:21:24]Set quest [5]: [5535]: [Challenge Genesis 13] 
[02-12 14:21:24]Set quest [1]: [1021]: [A Swordsman's Life] 
[02-12 14:21:24]Set quest [2]: [1077]: [A Hunter's Life] 
[02-12 14:21:24]Set quest [3]: [1133]: [Doctor Class Quest] 
[02-12 14:21:24]Set quest [4]: [1184]: [An Explorer's Life] 
[02-12 14:21:24]Set quest [5]: [5728]: [TOP Ambassador 20] 
[02-12 14:21:24]Set quest [6]: [5729]: [TOP Ambassador 21] 
[02-12 14:21:24]Set quest [1]: [1024]: [A Swordsman's Life] 
[02-12 14:21:24]Set quest [2]: [1081]: [A Hunter's Life] 
[02-12 14:21:24]Set quest [3]: [1136]: [Doctor Class Quest] 
[02-12 14:21:24]Set quest [4]: [1187]: [An Explorer's Life] 
[02-12 14:21:24]Set quest [5]: [5130]: [Goodbye to 4th Gate] 
[02-12 14:21:24]Set quest [6]: [5131]: [5th Gate] 
[02-12 14:21:24]Set quest [7]: [5132]: [Goodbye to 5th Gate] 
[02-12 14:21:24]Set quest [1]: [1049]: [A Swordsman's Life] 
[02-12 14:21:24]Set quest [2]: [1103]: [A Hunter's Life] 
[02-12 14:21:24]Set quest [3]: [1159]: [Doctor Class Quest] 
[02-12 14:21:24]Set quest [4]: [1211]: [An Explorer's Life] 
[02-12 14:21:24]Set quest [5]: [320]: [Thundoria Bank] 
[02-12 14:21:24]Set quest [6]: [375]: [Earring of Beldi] 
[02-12 14:21:24]Set quest [7]: [376]: [Hometown] 
[02-12 14:21:24]Set quest [8]: [377]: [Hometown] 
[02-12 14:21:24]Set quest [9]: [432]: [Desert Exploration] 
[02-12 14:21:24]Set quest [10]: [560]: [Hometown] 
[02-12 14:21:24]Set quest [11]: [561]: [Hometown] 
[02-12 14:21:24]Set quest [12]: [542]: [Hassli's Deposit] 
[02-12 14:21:24]Set quest [13]: [562]: [Hometown] 
[02-12 14:21:24]Set quest [1]: [1042]: [A Swordsman's Life] 
[02-12 14:21:24]Set quest [2]: [1094]: [A Hunter's Life] 
[02-12 14:21:24]Set quest [3]: [1153]: [Doctor Class Quest] 
[02-12 14:21:24]Set quest [4]: [1205]: [An Explorer's Life] 
[02-12 14:21:24]Set quest [1]: [1036]: [A Swordsman's Life] 
[02-12 14:21:24]Set quest [2]: [1090]: [A Hunter's Life] 
[02-12 14:21:24]Set quest [3]: [1148]: [Doctor Class Quest] 
[02-12 14:21:24]Set quest [4]: [1199]: [An Explorer's Life] 
[02-12 14:21:24]Set quest [5]: [867]: [Phantom Blood Test] 
[02-12 14:21:24]Set quest [6]: [863]: [Test of the Sacred Forest] 
[02-12 14:21:24]Set quest [7]: [5536]: [Vampiric Aries Battle Hero] 
[02-12 14:21:24]Set quest [8]: [5537]: [Vampiric Aries Renown Hero] 
[02-12 14:21:24]Set quest [9]: [5538]: [Vampiric Aries Hero] 
[02-12 14:21:24]Set quest [10]: [5539]: [Vampiric Aries Honorable Hero] 
[02-12 14:21:24]Set quest [11]: [5540]: [Vampiric Aries Gatherer Ambassador] 
[02-12 14:21:24]Set quest [12]: [5541]: [Vampiric Aries C Sleeping Aries] 
[02-12 14:21:24]Set quest [13]: [5542]: [Vampiric Aries Battle Hero] 
[02-12 14:21:24]Set quest [14]: [5543]: [Vampiric Aries Renown Hero] 
[02-12 14:21:24]Set quest [15]: [5544]: [Vampiric Aries Hero] 
[02-12 14:21:24]Set quest [16]: [5545]: [Vampiric Aries Honorable Hero] 
[02-12 14:21:24]Set quest [17]: [5546]: [Vampiric Aries Gatherer Ambassador] 
[02-12 14:21:24]Set quest [18]: [5547]: [Vampiric Aries Battle Hero] 
[02-12 14:21:24]Set quest [19]: [5548]: [Vampiric Aries Renown Hero] 
[02-12 14:21:24]Set quest [20]: [5549]: [Vampiric Aries Hero] 
[02-12 14:21:24]Set quest [21]: [5550]: [Vampiric Aries Honorable Hero] 
[02-12 14:21:24]Set quest [22]: [5551]: [Vampiric Aries Gatherer Ambassador] 
[02-12 14:21:24]Set quest [23]: [5552]: [Vampiric Aries TOP Ambassador] 
[02-12 14:21:24]Set quest [24]: [5597]: [TOP Hero 22] 
[02-12 14:21:24]Set quest [25]: [5600]: [Special Operation C Vampiric Aries] 
[02-12 14:21:24]Set quest [1]: [1033]: [A Swordsman's Life] 
[02-12 14:21:24]Set quest [2]: [1088]: [A Hunter's Life] 
[02-12 14:21:24]Set quest [3]: [1145]: [Doctor Class Quest] 
[02-12 14:21:24]Set quest [4]: [1196]: [An Explorer's Life] 
[02-12 14:21:24]Set quest [1]: [1008]: [A Swordsman's Life] 
[02-12 14:21:24]Set quest [2]: [1063]: [A Hunter's Life] 
[02-12 14:21:24]Set quest [3]: [1118]: [Doctor Class Quest] 
[02-12 14:21:24]Set quest [4]: [1172]: [An Explorer's Life] 
[02-12 14:21:24]Set quest [5]: [850]: [Bloodied Hammer] 
[02-12 14:21:24]Set quest [6]: [861]: [Fallen Helmet] 
[02-12 14:21:24]Set quest [7]: [868]: [Dark Bow] 
[02-12 14:21:24]Set quest [1]: [1030]: [A Swordsman's Life] 
[02-12 14:21:24]Set quest [2]: [1086]: [A Hunter's Life] 
[02-12 14:21:24]Set quest [3]: [1139]: [Doctor Class Quest] 
[02-12 14:21:24]Set quest [4]: [1193]: [An Explorer's Life] 
[02-12 14:21:24]Set quest [1]: [1010]: [A Swordsman's Life] 
[02-12 14:21:24]Set quest [2]: [1066]: [A Hunter's Life] 
[02-12 14:21:24]Set quest [3]: [1122]: [Doctor Class Quest] 
[02-12 14:21:24]Set quest [4]: [1174]: [An Explorer's Life] 
[02-12 14:21:24]Set quest [1]: [1003]: [A Swordsman's Life] 
[02-12 14:21:24]Set quest [2]: [1058]: [A Hunter's Life] 
[02-12 14:21:24]Set quest [3]: [1113]: [Doctor Class Quest] 
[02-12 14:21:24]Set quest [4]: [1167]: [An Explorer's Life] 
[02-12 14:21:24]Set quest [5]: [6025]: [Visit the guardian of Thundoria] 
[02-12 14:21:24]Set quest [6]: [6026]: [Battle of Aries Palace] 
[02-12 14:21:24]Set quest [7]: [6027]: [Visit guardian of Shaitan] 
[02-12 14:21:24]Set quest [1]: [1019]: [A Swordsman's Life] 
[02-12 14:21:24]Set quest [2]: [1074]: [A Hunter's Life] 
[02-12 14:21:24]Set quest [3]: [1130]: [Doctor Class Quest] 
[02-12 14:21:24]Set quest [4]: [1182]: [An Explorer's Life] 
[02-12 14:21:24]Set quest [5]: [852]: [Vengence] 
[02-12 14:21:24]Set quest [6]: [855]: [Repel Spirit] 
[02-12 14:21:24]Set quest [7]: [865]: [Hidden Shadow] 
[02-12 14:21:24]Set quest [8]: [473]: [Thundoria Navy] 
[02-12 14:21:24]Set quest [1]: [1053]: [A Swordsman's Life] 
[02-12 14:21:24]Set quest [2]: [1107]: [A Hunter's Life] 
[02-12 14:21:24]Set quest [3]: [1163]: [Doctor Class Quest] 
[02-12 14:21:24]Set quest [4]: [1215]: [An Explorer's Life] 
[02-12 14:21:24]Set quest [1]: [1035]: [A Swordsman's Life] 
[02-12 14:21:24]Set quest [2]: [1089]: [A Hunter's Life] 
[02-12 14:21:24]Set quest [3]: [1147]: [Doctor Class Quest] 
[02-12 14:21:24]Set quest [4]: [1198]: [An Explorer's Life] 
[02-12 14:21:24]Set quest [1]: [1017]: [A Swordsman's Life] 
[02-12 14:21:24]Set quest [2]: [1071]: [A Hunter's Life] 
[02-12 14:21:24]Set quest [3]: [1127]: [Doctor Class Quest] 
[02-12 14:21:24]Set quest [4]: [1180]: [An Explorer's Life] 
[02-12 14:21:24]Set quest [5]: [5575]: [TOP Ambassador 11] 
[02-12 14:21:24]Set quest [6]: [5576]: [TOP Ambassador 12] 
[02-12 14:21:24]Set quest [1]: [849]: [Disintegration] 
[02-12 14:21:24]Set quest [2]: [856]: [Tribal Invasion] 
[02-12 14:21:24]Set quest [3]: [858]: [New Weapon] 
[02-12 14:21:24]Set quest [4]: [860]: [Expedition] 
[02-12 14:21:24]Set quest [5]: [866]: [Last Enemy] 
[02-12 14:21:24]Set quest [1]: [851]: [First Ingredient] 
[02-12 14:21:24]Set quest [2]: [853]: [Third Ingredient] 
[02-12 14:21:24]Set quest [3]: [854]: [Second Ingredient] 
[02-12 14:21:24]Set quest [4]: [862]: [Fourth Ingredient] 
[02-12 14:21:24]Set quest [5]: [864]: [Last Ingredient] 
[02-12 14:21:24]Set quest [1]: [859]: [Fallen Angel] 
[02-12 14:21:24]Set quest [2]: [857]: [Battle Reward] 
[02-12 14:21:24]Set quest [3]: [5690]: [TOP Ambassador] 
[02-12 14:21:24]Set quest [4]: [5691]: [TOP Ambassador 2] 
[02-12 14:21:24]Set quest [1]: [474]: [Deep Deep Forest] 
[02-12 14:21:24]Set quest [1]: [400]: [Wandering Creatures] 
[02-12 14:21:24]Set quest [2]: [52]: [Send a letter to Marcusa] 
[02-12 14:21:24]Set quest [3]: [53]: [Emergency] 
[02-12 14:21:24]Set quest [4]: [54]: [Letter for Salvier] 
[02-12 14:21:24]Set quest [5]: [5696]: [TOP Ambassador 4] 
[02-12 14:21:24]Set quest [6]: [5697]: [TOP Ambassador 5] 
[02-12 14:21:24]Set quest [1]: [471]: [Occupation Change] 
[02-12 14:21:24]Set quest [2]: [472]: [Thundoria Navy] 
[02-12 14:21:24]Set quest [3]: [753]: [Walk of the Cleric] 
[02-12 14:21:24]Set quest [1]: [1442]: [Commerce Quest] 
[02-12 14:21:24]Set quest [2]: [1900]: [Mid Lv Commerce] 
[02-12 14:21:24]Set quest [3]: [5567]: [TOP Ambassador 8] 
[02-12 14:21:24]Set quest [4]: [5568]: [TOP Ambassador 9] 
[02-12 14:21:24]Set quest [5]: [6052]: [World Tour] 
[02-12 14:21:24]Set quest [6]: [6053]: [World Tour] 
[02-12 14:21:24]Set quest [1]: [409]: [Argent's Invitation] 
[02-12 14:21:24]Set quest [2]: [415]: [Warrior Recruitment] 
[02-12 14:21:24]Set quest [3]: [424]: [Forest Exploration] 
[02-12 14:21:24]Set quest [4]: [426]: [Dangerous Times] 
[02-12 14:21:24]Set quest [5]: [449]: [Ambushed Swordsman] 
[02-12 14:21:24]Set quest [6]: [809]: [Vampiric Monster] 
[02-12 14:21:24]Set quest [7]: [813]: [Miner Mole] 
[02-12 14:21:24]Set quest [8]: [1431]: [Commerce Quest] 
[02-12 14:21:24]Set quest [9]: [1901]: [Mid Lv Commerce] 
[02-12 14:21:24]Set quest [10]: [5048]: [Mask of Zorro] 
[02-12 14:21:24]Set quest [11]: [5049]: [Final Password] 
[02-12 14:21:24]Set quest [12]: [5050]: [Stone of Destiny] 
[02-12 14:21:24]Set quest [13]: [5051]: [Destroy the mask] 
[02-12 14:21:24]Set quest [14]: [5052]: [Enchanted Pouch] 
[02-12 14:21:24]Set quest [15]: [6030]: [World Tour] 
[02-12 14:21:24]Set quest [16]: [6031]: [World Tour] 
[02-12 14:21:24]Set quest [1]: [603]: [Scholar Owlie] 
[02-12 14:21:24]Set quest [2]: [608]: [Unusual Satchet] 
[02-12 14:21:24]Set quest [3]: [613]: [The Contest] 
[02-12 14:21:24]Set quest [4]: [615]: [Grass Tortoise's Tradegy] 
[02-12 14:21:24]Set quest [5]: [618]: [A Terrible Curse] 
[02-12 14:21:24]Set quest [6]: [5702]: [TOP Ambassador 7] 
[02-12 14:21:24]Set quest [7]: [5703]: [TOP Ambassador 8] 
[02-12 14:21:24]Set quest [1]: [451]: [Traversing] 
[02-12 14:21:24]Set quest [2]: [457]: [Waala's Crisis] 
[02-12 14:21:24]Set quest [3]: [621]: [Expensive Herbs] 
[02-12 14:21:24]Set quest [4]: [625]: [Revenge] 
[02-12 14:21:24]Set quest [5]: [1590]: [Commerce Quest] 
[02-12 14:21:24]Set quest [6]: [1902]: [Mid Lv Commerce] 
[02-12 14:21:24]Set quest [7]: [1940]: [High Lv Commerce] 
[02-12 14:21:24]Set quest [8]: [5708]: [TOP Ambassador 10] 
[02-12 14:21:24]Set quest [9]: [5709]: [TOP Ambassador 11] 
[02-12 14:21:24]Set quest [1]: [425]: [Forest Exploration] 
[02-12 14:21:24]Set quest [2]: [431]: [Awakening] 
[02-12 14:21:24]Set quest [3]: [436]: [Dream Sea] 
[02-12 14:21:24]Set quest [4]: [442]: [World's Finest Merchant] 
[02-12 14:21:24]Set quest [5]: [448]: [Ambushed Swordsman] 
[02-12 14:21:24]Set quest [6]: [601]: [Bee Eradication] 
[02-12 14:21:24]Set quest [7]: [607]: [No More Odour!] 
[02-12 14:21:24]Set quest [8]: [610]: [The Terrible Bandits] 
[02-12 14:21:24]Set quest [9]: [612]: [Eradicate Stramonium] 
[02-12 14:21:24]Set quest [10]: [1001]: [A Swordsman's Life] 
[02-12 14:21:24]Set quest [11]: [1165]: [An Explorer's Life] 
[02-12 14:21:24]Set quest [1]: [475]: [Deep Deep Forest] 
[02-12 14:21:24]Set quest [1]: [437]: [Dream Sea] 
[02-12 14:21:24]Set quest [2]: [439]: [Navy Registration Now Open!] 
[02-12 14:21:24]Set quest [3]: [441]: [The Navy Office] 
[02-12 14:21:24]Set quest [4]: [5800]: [温情巨蟹之乱斗英雄] 
[02-12 14:21:24]Set quest [5]: [5801]: [温情巨蟹之名声英雄] 
[02-12 14:21:24]Set quest [6]: [5802]: [温情巨蟹之等级英雄] 
[02-12 14:21:24]Set quest [7]: [5803]: [温情巨蟹之荣誉英雄] 
[02-12 14:21:24]Set quest [8]: [5804]: [温情巨蟹之采集大使] 
[02-12 14:21:24]Set quest [9]: [5805]: [温情巨蟹之巨蟹末日] 
[02-12 14:21:24]Set quest [10]: [5806]: [温情巨蟹之乱斗英雄] 
[02-12 14:21:24]Set quest [11]: [5807]: [温情巨蟹之名声英雄] 
[02-12 14:21:24]Set quest [12]: [5808]: [温情巨蟹之等级英雄] 
[02-12 14:21:24]Set quest [13]: [5809]: [温情巨蟹之荣誉英雄] 
[02-12 14:21:24]Set quest [14]: [5810]: [温情巨蟹之采集大使] 
[02-12 14:21:24]Set quest [15]: [5811]: [温情巨蟹之乱斗英雄] 
[02-12 14:21:24]Set quest [16]: [5812]: [温情巨蟹之名声英雄] 
[02-12 14:21:24]Set quest [17]: [5813]: [温情巨蟹之等级英雄] 
[02-12 14:21:24]Set quest [18]: [5814]: [温情巨蟹之荣誉英雄] 
[02-12 14:21:24]Set quest [19]: [5815]: [温情巨蟹之采集大使] 
[02-12 14:21:24]Set quest [20]: [5816]: [社交大使1] 
[02-12 14:21:24]Set quest [21]: [5857]: [Community Hero 21] 
[02-12 14:21:24]Set quest [22]: [5858]: [巨蟹之特别行动一] 
[02-12 14:21:24]Set quest [23]: [5862]: [巨蟹之水手过关奖励] 
[02-12 14:21:24]Set quest [24]: [5863]: [巨蟹之海盗过关奖励] 
[02-12 14:21:24]Set quest [25]: [5864]: [巨蟹之船长过关奖励] 
[02-12 14:21:24]Set quest [1]: [289]: [Sea Haven] 
[02-12 14:21:24]Set quest [2]: [290]: [Navigation Map] 
[02-12 14:21:24]Set quest [1]: [419]: [Jungle Exploration] 
[02-12 14:21:24]Set quest [2]: [460]: [Mine Labyrinth] 
[02-12 14:21:24]Set quest [3]: [600]: [Honey Combs Heist] 
[02-12 14:21:24]Set quest [4]: [604]: [Cunning Owl] 
[02-12 14:21:24]Set quest [5]: [606]: [Tusk Boar's Resistance] 
[02-12 14:21:24]Set quest [6]: [611]: [Burning of Stramonium] 
[02-12 14:21:24]Set quest [7]: [614]: [Boxing Gloves] 
[02-12 14:21:24]Set quest [8]: [619]: [Boar Independence Day] 
[02-12 14:21:24]Set quest [9]: [1028]: [A Swordsman's Life] 
[02-12 14:21:24]Set quest [10]: [1191]: [An Explorer's Life] 
[02-12 14:21:24]Set quest [11]: [1434]: [Commerce Quest] 
[02-12 14:21:24]Set quest [12]: [1903]: [Mid Lv Commerce] 
[02-12 14:21:24]Set quest [13]: [5587]: [TOP Ambassador 17] 
[02-12 14:21:24]Set quest [14]: [5588]: [TOP Ambassador 18] 
[02-12 14:21:24]Set quest [15]: [6042]: [World Tour] 
[02-12 14:21:24]Set quest [16]: [6043]: [World Tour] 
[02-12 14:21:24]Set quest [1]: [450]: [Traversing] 
[02-12 14:21:24]Set quest [2]: [452]: [The Labyrinth Mystery] 
[02-12 14:21:24]Set quest [3]: [602]: [Unsettling Dream] 
[02-12 14:21:24]Set quest [4]: [605]: [Temptation of BBQ Tails] 
[02-12 14:21:24]Set quest [5]: [609]: [Missing Gold Coin] 
[02-12 14:21:24]Set quest [6]: [616]: [Stealing Tortoise Eggs] 
[02-12 14:21:24]Set quest [7]: [617]: [Smuggle Tortoise Shells] 
[02-12 14:21:24]Set quest [8]: [1435]: [Commerce Quest] 
[02-12 14:21:24]Set quest [9]: [1904]: [Mid Lv Commerce] 
[02-12 14:21:24]Set quest [1]: [623]: [Deer Skin Coat] 
[02-12 14:21:24]Set quest [2]: [627]: [Cruel Massacre] 
[02-12 14:21:24]Set quest [3]: [634]: [Mysterious Cape] 
[02-12 14:21:24]Set quest [4]: [1031]: [A Swordsman's Life] 
[02-12 14:21:24]Set quest [5]: [1194]: [An Explorer's Life] 
[02-12 14:21:24]Set quest [6]: [1591]: [Commerce Quest] 
[02-12 14:21:24]Set quest [7]: [1905]: [Mid Lv Commerce] 
[02-12 14:21:24]Set quest [8]: [1941]: [High Lv Commerce] 
[02-12 14:21:24]Set quest [9]: [5583]: [TOP Ambassador 15] 
[02-12 14:21:24]Set quest [10]: [5584]: [TOP Ambassador 16] 
[02-12 14:21:24]Set quest [1]: [622]: [Secret of the Grassland Elk] 
[02-12 14:21:24]Set quest [2]: [624]: [White Owlie] 
[02-12 14:21:24]Set quest [3]: [628]: [Boxing Trouble] 
[02-12 14:21:24]Set quest [4]: [630]: [Investigation of Slowpoke Snail] 
[02-12 14:21:24]Set quest [5]: [636]: [Emerald Fog] 
[02-12 14:21:24]Set quest [6]: [1006]: [A Swordsman's Life] 
[02-12 14:21:24]Set quest [7]: [1170]: [An Explorer's Life] 
[02-12 14:21:24]Set quest [8]: [1592]: [Commerce Quest] 
[02-12 14:21:24]Set quest [9]: [1906]: [Mid Lv Commerce] 
[02-12 14:21:24]Set quest [10]: [1942]: [High Lv Commerce] 
[02-12 14:21:24]Set quest [11]: [6036]: [World Tour] 
[02-12 14:21:24]Set quest [12]: [6037]: [World Tour] 
[02-12 14:21:24]Set quest [1]: [463]: [Search for Talent] 
[02-12 14:21:24]Set quest [2]: [620]: [Boar Challenge] 
[02-12 14:21:24]Set quest [3]: [626]: [Pursue of the Wolf] 
[02-12 14:21:24]Set quest [4]: [629]: [Lucky Magical Stone] 
[02-12 14:21:24]Set quest [5]: [631]: [The Slowpoke Snails] 
[02-12 14:21:24]Set quest [6]: [632]: [Fallen] 
[02-12 14:21:24]Set quest [7]: [633]: [Song of the Stinging Beak] 
[02-12 14:21:24]Set quest [8]: [635]: [Trading Fake Gems] 
[02-12 14:21:24]Set quest [9]: [637]: [Search for Velvet Stone] 
[02-12 14:21:24]Set quest [10]: [1015]: [A Swordsman's Life] 
[02-12 14:21:24]Set quest [11]: [1178]: [An Explorer's Life] 
[02-12 14:21:24]Set quest [12]: [1593]: [Commerce Quest] 
[02-12 14:21:24]Set quest [13]: [1907]: [Mid Lv Commerce] 
[02-12 14:21:24]Set quest [14]: [1943]: [High Lv Commerce] 
[02-12 14:21:24]Set quest [1]: [223]: [A New Task] 
[02-12 14:21:24]Set quest [2]: [224]: [The Lost Tool] 
[02-12 14:21:24]Set quest [3]: [225]: [Kill the Shrooms] 
[02-12 14:21:24]Set quest [4]: [226]: [Ditto's Request] 
[02-12 14:21:24]Set quest [5]: [227]: [Bandit Hideout Map] 
[02-12 14:21:24]Set quest [6]: [228]: [Ambush Bandit] 
[02-12 14:21:24]Set quest [7]: [229]: [Bounty] 
[02-12 14:21:24]Set quest [8]: [230]: [Desert Visit] 
[02-12 14:21:24]Set quest [9]: [1055]: [A Swordsman's Life] 
[02-12 14:21:24]Set quest [10]: [1217]: [An Explorer's Life] 
[02-12 14:21:24]Set quest [11]: [1432]: [Commerce Quest] 
[02-12 14:21:24]Set quest [12]: [1908]: [Mid Lv Commerce] 
[02-12 14:21:24]Set quest [1]: [401]: [Wandering Creatures] 
[02-12 14:21:24]Set quest [2]: [810]: [Miner Mole Safety Helmet] 
[02-12 14:21:24]Set quest [3]: [1040]: [A Swordsman's Life] 
[02-12 14:21:24]Set quest [4]: [1203]: [An Explorer's Life] 
[02-12 14:21:24]Set quest [5]: [1433]: [Commerce Quest] 
[02-12 14:21:24]Set quest [6]: [1909]: [Mid Lv Commerce] 
[02-12 14:21:24]Set quest [7]: [5579]: [TOP Ambassador 13] 
[02-12 14:21:24]Set quest [8]: [5580]: [TOP Ambassador 14] 
[02-12 14:21:24]Set quest [1]: [428]: [Reinforcement for Atlantis] 
[02-12 14:21:24]Set quest [2]: [812]: [Revenge of the Mud] 
[02-12 14:21:24]Set quest [3]: [1025]: [A Swordsman's Life] 
[02-12 14:21:24]Set quest [4]: [1188]: [An Explorer's Life] 
[02-12 14:21:24]Set quest [1]: [455]: [Mine Exploration] 
[02-12 14:21:24]Set quest [2]: [461]: [Mine Labyrinth] 
[02-12 14:21:24]Set quest [3]: [811]: [Weird Mud] 
[02-12 14:21:24]Set quest [4]: [814]: [Ninja Sword] 
[02-12 14:21:24]Set quest [5]: [1013]: [A Swordsman's Life] 
[02-12 14:21:24]Set quest [6]: [1014]: [A Swordsman's Life] 
[02-12 14:21:24]Set quest [7]: [1177]: [An Explorer's Life] 
[02-12 14:21:24]Set quest [8]: [6121]: [The Fourth Task] 
[02-12 14:21:24]Set quest [9]: [6122]: [The Fifth Task] 
[02-12 14:21:24]Set quest [1]: [1027]: [A Swordsman's Life] 
[02-12 14:21:24]Set quest [2]: [1190]: [An Explorer's Life] 
[02-12 14:21:24]Set quest [3]: [5139]: [Goodbye to 7th Gate] 
[02-12 14:21:24]Set quest [4]: [5140]: [8th Gate] 
[02-12 14:21:24]Set quest [5]: [5141]: [Instructions for last Gate] 
[02-12 14:21:24]Set quest [6]: [6044]: [World Tour] 
[02-12 14:21:24]Set quest [7]: [6045]: [World Tour] 
[02-12 14:21:24]Set quest [1]: [5563]: [TOP Ambassador 6] 
[02-12 14:21:24]Set quest [2]: [5564]: [TOP Ambassador 7] 
[02-12 14:21:24]Set quest [1]: [763]: [Journey of the Voyager] 
[02-12 14:21:24]Set quest [2]: [1742]: [Commerce Quest] 
[02-12 14:21:24]Set quest [3]: [1938]: [Mid Lv Commerce] 
[02-12 14:21:24]Set quest [4]: [1953]: [High Lv Commerce] 
[02-12 14:21:24]Set quest [5]: [5511]: [Challenge Genesis] 
[02-12 14:21:24]Set quest [6]: [5512]: [Challenge Genesis 2] 
[02-12 14:21:24]Set quest [1]: [379]: [Wheel of Fate] 
[02-12 14:21:24]Set quest [2]: [380]: [Wheel of Fate] 
[02-12 14:21:24]Set quest [3]: [5533]: [Challenge Genesis 12] 
[02-12 14:21:24]Set quest [4]: [5534]: [Challenge Genesis 13] 
[02-12 14:21:24]Set quest [1]: [1740]: [Commerce Quest] 
[02-12 14:21:24]Set quest [2]: [1936]: [Mid Lv Commerce] 
[02-12 14:21:24]Set quest [3]: [1951]: [High Lv Commerce] 
[02-12 14:21:24]Set quest [4]: [381]: [Wheel of Fate] 
[02-12 14:21:24]Set quest [5]: [382]: [Wheel of Fate] 
[02-12 14:21:24]Set quest [6]: [5531]: [Challenge Genesis 11] 
[02-12 14:21:24]Set quest [7]: [5532]: [Challenge Genesis 12] 
[02-12 14:21:24]Set quest [8]: [5655]: [TOP Ambassador 16] 
[02-12 14:21:24]Set quest [9]: [5656]: [TOP Ambassador 17] 
[02-12 14:21:24]Set quest [10]: [5861]: [巨蟹之特别行动二] 
[02-12 14:21:24]Set quest [1]: [1739]: [Commerce Quest] 
[02-12 14:21:24]Set quest [2]: [1935]: [Mid Lv Commerce] 
[02-12 14:21:24]Set quest [3]: [1950]: [High Lv Commerce] 
[02-12 14:21:24]Set quest [4]: [383]: [Wheel of Fate] 
[02-12 14:21:24]Set quest [5]: [384]: [Wheel of Fate] 
[02-12 14:21:24]Set quest [6]: [385]: [Wheel of Fate] 
[02-12 14:21:24]Set quest [7]: [5529]: [Challenge Genesis10] 
[02-12 14:21:24]Set quest [8]: [5530]: [Challenge Genesis 11] 
[02-12 14:21:24]Set quest [1]: [760]: [Journey of the Voyager] 
[02-12 14:21:24]Set quest [1]: [761]: [Journey of the Voyager] 
[02-12 14:21:24]Set quest [2]: [5643]: [TOP Ambassador 10] 
[02-12 14:21:24]Set quest [3]: [5644]: [TOP Ambassador 11] 
[02-12 14:21:24]Set quest [1]: [762]: [Journey of the Voyager] 
[02-12 14:21:24]Set quest [1]: [5720]: [TOP Ambassador 16] 
[02-12 14:21:24]Set quest [2]: [5721]: [TOP Ambassador 17] 
[02-12 14:21:24]Set quest [1]: [1436]: [Commerce Quest] 
[02-12 14:21:24]Set quest [2]: [1930]: [Mid Lv Commerce] 
[02-12 14:21:24]Set quest [1]: [5637]: [TOP Ambassador 7] 
[02-12 14:21:24]Set quest [2]: [5638]: [TOP Ambassador 8] 
[02-12 14:21:24]Set quest [1]: [5118]: [Grandeur Oracle] 
[02-12 14:21:24]Set quest [2]: [5119]: [First Gate] 
[02-12 14:21:24]Set quest [3]: [5120]: [Goodbye to First Gate] 
[02-12 14:21:24]Set quest [1]: [837]: [Test] 
[02-12 14:21:24]Set quest [2]: [838]: [Test] 
[02-12 14:21:24]Set quest [3]: [839]: [Hidden Agenda] 
[02-12 14:21:24]Set quest [1]: [840]: [Enthusiast] 
[02-12 14:21:24]Set quest [2]: [5591]: [TOP Ambassador 19] 
[02-12 14:21:24]Set quest [3]: [5592]: [TOP Ambassador 20] 
[02-12 14:21:24]Set quest [4]: [6048]: [World Tour] 
[02-12 14:21:24]Set quest [5]: [6049]: [World Tour] 
[02-12 14:21:24]Set quest [1]: [844]: [Candle Research] 
[02-12 14:21:24]Set quest [2]: [841]: [Sampling] 
[02-12 14:21:24]Set quest [3]: [842]: [Never Dying Candle] 
[02-12 14:21:24]Set quest [4]: [843]: [Black Monster] 
[02-12 14:21:24]Set quest [5]: [5625]: [TOP Ambassador] 
[02-12 14:21:24]Set quest [6]: [5626]: [TOP Ambassador 2] 
[02-12 14:21:24]Set quest [1]: [845]: [Rock Golem] 
[02-12 14:21:24]Set quest [2]: [846]: [Velvet Stone Research] 
[02-12 14:21:24]Set quest [3]: [847]: [Validity] 
[02-12 14:21:24]Set quest [4]: [848]: [Unyielding Helmet] 
[02-12 14:21:24]Set quest [5]: [5714]: [TOP Ambassador 13] 
[02-12 14:21:24]Set quest [6]: [5715]: [TOP Ambassador 14] 
[02-12 14:21:24]Set quest [1]: [5649]: [TOP Ambassador 13] 
[02-12 14:21:24]Set quest [2]: [5650]: [TOP Ambassador 14] 
[02-12 14:21:24]Set quest [1]: [918]: [Love Revival] 
[02-12 14:21:24]Set quest [2]: [5018]: [Amber Tear] 
[02-12 14:21:24]Set quest [3]: [5020]: [Calcium Replenishment] 
[02-12 14:21:24]Set quest [4]: [5021]: [Revival Clover] 
[02-12 14:21:24]Set quest [5]: [5022]: [Side effect] 
[02-12 14:21:24]Set quest [1]: [6001]: [Mark of a Warrior] 
[02-12 14:21:24]Set quest [2]: [6002]: [Little Mystery Man] 
[02-12 14:21:24]Set quest [3]: [5823]: [TOP Ambassador 4] 
[02-12 14:21:24]Set quest [4]: [5824]: [TOP Ambassador 5] 
[02-12 14:21:25]Set quest [1]: [505]: [Blacksmith's Worries] 
[02-12 14:21:25]Set quest [2]: [506]: [Elizabeth's Love Keepsake] 
[02-12 14:21:25]Set quest [3]: [507]: [Necklace of Love] 
[02-12 14:21:25]Set quest [4]: [579]: [General's Confession of Love] 
[02-12 14:21:25]Set quest [5]: [580]: [Elizabeth's Prayer] 
[02-12 14:21:25]Set quest [6]: [587]: [The Gift] 
[02-12 14:21:25]Set quest [7]: [588]: [Undeserving Love] 
[02-12 14:21:25]Set quest [8]: [591]: [Wellington's Blessing] 
[02-12 14:21:25]Set quest [9]: [5573]: [TOP Ambassador 10] 
[02-12 14:21:25]Set quest [10]: [5574]: [TOP Ambassador 11] 
[02-12 14:21:25]Set quest [11]: [5661]: [TOP Ambassador 19] 
[02-12 14:21:25]Set quest [12]: [5662]: [TOP Ambassador 20] 
[02-12 14:21:25]Set quest [13]: [6171]: [The Brave Love] 
[02-12 14:21:25]Set quest [14]: [6172]: [The Brave Love] 
[02-12 14:21:25]Set quest [1]: [897]: [Pirate's Food] 
[02-12 14:21:25]Set quest [2]: [898]: [Pirate's Annihilation] 
[02-12 14:21:25]Set quest [3]: [899]: [Cursed Black Jewel] 
[02-12 14:21:25]Set quest [4]: [476]: [Commander's Complaint] 
[02-12 14:21:25]Set quest [5]: [479]: [Secret of the Commander] 
[02-12 14:21:25]Set quest [6]: [480]: [Navy's Weapon] 
[02-12 14:21:25]Set quest [7]: [481]: [Navy Manual] 
[02-12 14:21:25]Set quest [8]: [576]: [Pirate Vs Navy] 
[02-12 14:21:25]Set quest [9]: [577]: [General's Confession of Love] 
[02-12 14:21:25]Set quest [10]: [578]: [General's Confession of Love] 
[02-12 14:21:25]Set quest [11]: [589]: [Undeserving Love] 
[02-12 14:21:25]Set quest [12]: [590]: [Wellington's Blessing] 
[02-12 14:21:25]Set quest [1]: [895]: [Peerless Pirate] 
[02-12 14:21:25]Set quest [2]: [896]: [Commander's Head] 
[02-12 14:21:25]Set quest [3]: [482]: [SOS] 
[02-12 14:21:25]Set quest [4]: [485]: [Jack Vs Jack] 
[02-12 14:21:25]Set quest [5]: [486]: [Treasure of the Caribbean] 
[02-12 14:21:25]Set quest [6]: [574]: [Unique Weapon] 
[02-12 14:21:25]Set quest [7]: [575]: [Pirate Vs Navy] 
[02-12 14:21:25]Set quest [8]: [584]: [The Curse] 
[02-12 14:21:25]Set quest [9]: [585]: [The Real Captain] 
[02-12 14:21:25]Set quest [10]: [586]: [The Gift] 
[02-12 14:21:25]Set quest [11]: [5676]: [Blood Shed Taurus Special Operation] 
[02-12 14:21:25]Set quest [1]: [894]: [Counter Probe] 
[02-12 14:21:25]Set quest [2]: [487]: [The Congregation] 
[02-12 14:21:25]Set quest [3]: [504]: [Blacksmith's Worries] 
[02-12 14:21:25]Set quest [4]: [508]: [Necklace of Love] 
[02-12 14:21:25]Set quest [5]: [509]: [Blacksmith's Promise] 
[02-12 14:21:25]Set quest [6]: [573]: [Unique Weapon] 
[02-12 14:21:25]Set quest [7]: [581]: [Elizabeth's Prayer] 
[02-12 14:21:25]Set quest [8]: [582]: [The Curse] 
[02-12 14:21:25]Set quest [9]: [583]: [The Curse] 
[02-12 14:21:25]Set quest [1]: [5593]: [TOP Ambassador 20] 
[02-12 14:21:25]Set quest [2]: [5594]: [TOP Ambassador 21] 
[02-12 14:21:25]Set quest [1]: [5595]: [TOP Ambassador 21] 
[02-12 14:21:25]Set quest [2]: [5596]: [TOP Hero 22] 
[02-12 14:21:25]Set quest [3]: [6056]: [Visit the Guardian of Heaven] 
[02-12 14:21:25]Set quest [4]: [6057]: [Testament of the Piety] 
[02-12 14:21:25]Set quest [5]: [6058]: [Testament of the Piety] 
[02-12 14:21:25]Set quest [6]: [6059]: [Testament of the Piety] 
[02-12 14:21:25]Set quest [7]: [6060]: [Visit the guardian of Argent] 
[02-12 14:21:25]Set quest [8]: [5726]: [TOP Ambassador 19] 
[02-12 14:21:25]Set quest [9]: [5727]: [TOP Ambassador 20] 
[02-12 14:21:25]Set quest [1]: [6071]: [New challenge] 
