[02-12 14:18:35]Enter game [      DelmonGates] [                 ] [Gold: 10000 Item: 0@]
[02-12 14:18:35]Enter game [      DelmonGates] [                 ] [Temporary Bag: 0@]
[02-12 14:18:35]Enter game [      DelmonGates] [                 ] [Bank ID(1):[1]0@; ]
[02-12 14:18:35]  Equip [      DelmonGates] [                 ] [Equipment: 34@Face 2[2555],0; ]
[02-12 14:18:35]Enter game [      DelmonGates] [                 ] [Character online]
[02-12 14:18:35]Enter game [      DelmonGates] [                 ] [Enter map [garner] Coordinatex = 222400, y = 278800.]
[02-12 14:18:44]Quest give [      DelmonGates] [                 ] [Assistant - Senna You have obtained 100 EXP!]
[02-12 14:18:44]Quest give [      DelmonGates] [                 ] [Assistant - Senna You have obtained 300 Life EXP Points!]
[02-12 14:18:44]Quest give [      DelmonGates] [                 ] [Assistant - Senna You have obtained 100 Gold!]
[02-12 14:18:44]Quest give [      DelmonGates] [                 ] [BoatSelected:Wrong type selected[1]]
[02-12 14:19:23]   Pick [      DelmonGates] [                 ] [Picked up item, name Blurry Blueprint [1000], number 1.]
[02-12 14:19:25]Quest give [      DelmonGates] [                 ] [Quantity: [1], Name: [Cooking Blueprint]]
[02-12 14:19:25]Consume [      DelmonGates] [                 ] [Item consumption, name Blurry Blueprint [1000], number 1]
[02-12 14:19:28]  Throw [      DelmonGates] [                 ] [Throw item, name Cooking Blueprint [2302], number 1.]
[02-12 14:19:31]   Pick [      DelmonGates] [                 ] [Picked up item, name Wing [1620], number 1.]
[02-12 14:19:34]  Throw [      DelmonGates] [                 ] [Throw item, name Wing [1620], number 1.]
[02-12 14:19:47]   Pick [      DelmonGates] [                 ] [Picked up item, name Elven Fruit [3116], number 1.]
[02-12 14:19:48]Consume [      DelmonGates] [                 ] [Item consumption, name Elven Fruit [3116], number 1]
[02-12 14:19:52]Exit game [      DelmonGates] [                 ] [Character offline]
[02-12 14:19:52]Exit game [      DelmonGates] [                 ] [Exit map [garner] Coordinatex = 215325, y = 276225.]
[02-12 14:19:52]Exit game [      DelmonGates] [                 ] [Gold: 100 Inventory: 1@Stats Reset(B)[15731],1;]
[02-12 14:19:52]Exit game [      DelmonGates] [                 ] [Temporary Bag: 0@]
[02-12 14:19:52]  Equip [      DelmonGates] [                 ] [Equipment: 34@Face 2[2555],0;Newbie Vest[289],1;Newbie Shoes[641],1;Newbie Knife[8],1;]
[02-12 14:19:52]   Bank [      DelmonGates] [                 ] [Bank ID(1):[1]0@;]
