[02-12 14:14:37]exec_sql_direct [SQL]: [select 				cha_id, cha_name, motto, icon, version, pk_ctrl, mem_addr, act_id, guild_id, guild_stat, guild_permission, job, degree, exp, 				hp, sp, ap, tp, gd, str, dex, agi, con, sta, luk, sail_lv, sail_exp, sail_left_exp, live_lv, live_exp, map, main_map, map_x, map_y, radius, 				angle, look, skillbag, shortcut, mission, misrecord, mistrigger, miscount, birth, login_cha, live_tp, bank, 				delflag, operdate, skill_state, kitbag, kitbag_tmp, kb_locked, credit, store_item 				from character 				(nolock) where 1=2]
[02-12 14:14:37]exec_sql_direct [SQL]: [select 				act_id, act_name, gm, cha_ids, last_ip, disc_reason, last_leave 				from account 				(nolock) where 1=2]
[02-12 14:14:37]exec_sql_direct [SQL]: [select 				guild_id, guild_name, motto, passwd, leader_id, type, stat, money, exp, member_total,				try_total, disband_date 				from guild 				(nolock) where 1=2]
[02-12 14:14:37]exec_sql_direct [SQL]: [select 				boat_id, boat_berth, boat_name, boat_boatid, boat_header, boat_body, boat_engine, boat_cannon, boat_equipment, 				boat_bag, boat_diecount, boat_isdead, boat_ownerid, boat_createtime, boat_isdeleted, cur_endure, mx_endure, cur_supply, mx_supply, skill_state, 				map, map_x, map_y, angle, degree, exp 				from boat 				(nolock) where 1=2]
[02-12 14:14:37]exec_sql_direct [SQL]: [select 				id, cha_id, type_id, content 				from resource 				(nolock) where 1=2]
[02-12 14:14:37]exec_sql_direct [SQL]: [select 				id, cha_id, content1, content2, content3, content4, content5 				from map_mask 				(nolock) where 1=2]
[02-12 14:14:37]exec_sql_direct [SQL]: [select 				   cha_id1, cha_id2, finish, relation				   from master 				   (nolock) where 1=2]
[02-12 14:14:37]exec_sql_direct [SQL]: [select section from LotterySetting (nolock) where 1=2]
[02-12 14:14:37]exec_sql_direct [SQL]: [select itemno from Ticket (nolock) where 1=2]
[02-12 14:14:37]exec_sql_direct [SQL]: [select issue from WinTicket (nolock) where 1=2]
[02-12 14:14:37]exec_sql_direct [SQL]: [select season from AmphitheaterSetting (nolock) where 1=2]
[02-12 14:14:37]exec_sql_direct [SQL]: [select id from AmphitheaterTeam (nolock) where 1=2]
[02-12 14:14:37]exec_sql_direct [SQL]: [select id, bag from holding (nolock) where 1=2]
[02-12 14:18:35]_get_row [SQL]: [select act_id, guild_stat, guild_id, hp, sp, exp, radius, angle, cha_name, motto, icon, version, pk_ctrl, degree, job, gd, ap, tp, str, dex, agi, con, sta, luk, sail_lv, sail_exp, sail_left_exp, live_lv, live_exp, live_tp, main_map, map_x, map_y, birth, look, skillbag, shortcut, mission, misrecord, mistrigger, miscount, login_cha, kitbag, kitbag_tmp, map_mask, skill_state, bank, kb_locked, credit, store_item, extend,guild_permission,chatColour from character (nolock)  where cha_id=6]
[02-12 14:18:35]_get_row [SQL]: [select  @@ROWCOUNT ]
[02-12 14:18:35]_get_row [SQL]: [select type, guild_name, motto from guild (nolock)  where guild_id =0]
[02-12 14:18:35]exec_sql_direct [SQL]: [insert resource (cha_id, type_id) 					values(6, 1) ]
[02-12 14:18:35]_get_row [SQL]: [select @@identity from resource (nolock)  where 1=1]
[02-12 14:18:35]_get_row3 [SQL]: [select cha_id, type_id, content from resource where id=13]
[02-12 14:18:35]_get_row [SQL]: [select  @@ROWCOUNT ]
[02-12 14:18:35]exec_sql_direct [SQL]: [update character set 				kitbag=13 				where cha_id=6]
[02-12 14:18:35]exec_sql_direct [SQL]: [insert resource (cha_id, type_id) 					values(6, 3) ]
[02-12 14:18:35]_get_row [SQL]: [select @@identity from resource (nolock)  where 1=1]
[02-12 14:18:35]_get_row3 [SQL]: [select cha_id, type_id, content from resource where id=14]
[02-12 14:18:35]_get_row [SQL]: [select  @@ROWCOUNT ]
[02-12 14:18:35]exec_sql_direct [SQL]: [update character set 				kitbag_tmp=14 				where cha_id=6]
[02-12 14:18:35]exec_sql_direct [SQL]: [insert resource (cha_id, type_id) 					values(6, 2) ]
[02-12 14:18:35]_get_row [SQL]: [select @@identity from resource (nolock)  where 1=1]
[02-12 14:18:35]_get_row3 [SQL]: [select cha_id, type_id, content from resource where id=15]
[02-12 14:18:35]_get_row [SQL]: [select  @@ROWCOUNT ]
[02-12 14:18:35]exec_sql_direct [SQL]: [update character set 				bank=15 				where cha_id=6]
[02-12 14:18:35]exec_sql_direct [SQL]: [insert map_mask (cha_id) 					values(6) ]
[02-12 14:18:35]_get_row [SQL]: [select @@identity from map_mask (nolock)  where 1=1]
[02-12 14:18:35]_get_row3 [SQL]: [select cha_id, content1 from map_mask where id=5]
[02-12 14:18:35]_get_row [SQL]: [select  @@ROWCOUNT ]
[02-12 14:18:35]exec_sql_direct [SQL]: [update character set 				map_mask=5 				where cha_id=6]
[02-12 14:18:35]_get_row [SQL]: [select gm, act_name, IMP,VIP from account (nolock)  where act_id=3]
[02-12 14:18:35]_get_row [SQL]: [select  @@ROWCOUNT ]
[02-12 14:18:35]exec_sql_direct [SQL]: [update character set mission='3,2,1,0,0,0,0,0,1,0,0,0,0,0,0,0,0,0,0,0,0,0,0,0,0,0,0,0,0,0,0,0,0,0,0,0,0,2,0,0,0,0,0,0,0,0,0,0,0,0,0,0,0,31,0,0,0,0,0,31,0,0,0,0,0,0,0,0,0,0,0,0,0,0,0,0,0,0,0,0,0,0,0,0,0,0,0,0,0,0,0,0,0,0,0,0,0,0,0,0,0,0,0,0,', misrecord='3,0,0,0,0,0,0,0,0,0,0,0,0,0,0,0,0,0,0,0,0,0,0,0,0,0,0,0,0,0,0,0,0,0,0,0,0,0,0,0,0,0,0,0,0,0,0,0,0,0,0,0,0,0,0,0,0,0,0,0,0,0,0,0,0,0,0,0,0,0,0,0,0,0,0,0,0,0,0,0,0,0,0,0,0,0,0,0,0,0,0,0,0,0,0,0,0,0,0,0,0,0,0,0,0,0,0,0,0,0,0,0,0,0,0,0,0,0,0,0,0,0,0,0,0,0,0,0,0,0,0,0,0,0,0,0,0,0,0,0,0,0,0,0,0,0,0,0,0,0,0,0,0,0,0,0,0,0,0,0,0,0,0,0,0,0,0,0,0,0,0,0,0,0,0,0,0,0,0,0,0,0,0,0,0,0,0,0,0,0,0,0,0,0,0,0,0,0,0,0,0,0,0,0,0,0,0,0,0,0,0,0,0,0,0,0,0,0,0,0,0,0,0,0,0,0,0,0,0,0,0,0,0,0,0,0,0,0,0,0,0,0,0,0,0,0,0,0,0,0,0,0,0,0,0,0,0,', mistrigger='3,4,60000,0,8,2,1,0,0,0,0,60001,0,8,5,1,0,0,0,0,60002,0,8,9,1,0,0,0,0,60003,0,8,10,1,0,0,0,0,' 		where cha_id=6]
[02-12 14:18:44]_get_row [SQL]: [select cha_id2 from master (nolock)  where cha_id1=6]
[02-12 14:18:44]SQL didn't fetch any data [select cha_id2 from master (nolock)  where cha_id1=6]
[02-12 14:18:44]_get_row [SQL]: [select  @@ROWCOUNT ]
[02-12 14:18:44]_get_row [SQL]: [select cha_id2 from master (nolock)  where cha_id1=6]
[02-12 14:18:44]SQL didn't fetch any data [select cha_id2 from master (nolock)  where cha_id1=6]
[02-12 14:18:44]_get_row [SQL]: [select  @@ROWCOUNT ]
[02-12 14:18:44]_get_row [SQL]: [select cha_id2 from master (nolock)  where cha_id1=6]
[02-12 14:18:44]SQL didn't fetch any data [select cha_id2 from master (nolock)  where cha_id1=6]
[02-12 14:18:44]_get_row [SQL]: [select  @@ROWCOUNT ]
[02-12 14:19:18]_get_row [SQL]: [select cha_id2 from master (nolock)  where cha_id1=6]
[02-12 14:19:18]SQL didn't fetch any data [select cha_id2 from master (nolock)  where cha_id1=6]
[02-12 14:19:18]_get_row [SQL]: [select  @@ROWCOUNT ]
[02-12 14:19:52]exec_sql_direct [SQL]: [update character set 					hp=160, sp=35, exp=164, map='garner', main_map='garner', map_x=215325, map_y=276225, radius=40, angle=63, pk_ctrl=0, degree=5, job='Newbie', gd=100, ap=8, tp=8, str=5, dex=5, agi=5, con=5, sta=5, luk=5, look='112#2,2068;0,0,0,0,0,0,0,0,0,0,0,0,0;0,0,0,2555,0,0,0,0,0,0,0,0,0;0,1,0,289,1,10000,10000,0,0,0,0,0,1,11,0,29,0,47,1,36,2,37,0;0,0,0,0,0,0,0,0,0,0,0,0,0;0,1,0,641,1,10000,10000,0,0,0,0,0,1,41,0,45,0,39,1,37,0,38,0;0,0,0,0,0,0,0,0,0,0,0,0,0;0,0,0,9999,0,0,0,0,0,0,0,0,0;0,0,0,0,0,0,0,0,0,0,0,0,0;0,0,0,0,0,0,0,0,0,0,0,0,0;0,1,0,8,1,10000,10000,0,0,0,0,0,1,26,0,27,0,28,0,29,0,30,0;0,0,0,0,0,0,0,0,0,0,0,0,0;0,0,0,0,0,0,0,0,0,0,0,0,0;0,0,0,0,0,0,0,0,0,0,0,0,0;0,0,0,0,0,0,0,0,0,0,0,0,0;0,0,0,0,0,0,0,0,0,0,0,0,0;0,0,0,0,0,0,0,0,0,0,0,0,0;0,0,0,0,0,0,0,0,0,0,0,0,0;0,0,0,0,0,0,0,0,0,0,0,0,0;0,0,0,0,0,0,0,0,0,0,0,0,0;0,0,0,0,0,0,0,0,0,0,0,0,0;0,0,0,0,0,0,0,0,0,0,0,0,0;0,0,0,0,0,0,0,0,0,0,0,0,0;0,0,0,0,0,0,0,0,0,0,0,0,0;0,0,0,0,0,0,0,0,0,0,0,0,0;0,0,0,0,0,0,0,0,0,0,0,0,0;0,0,0,0,0,0,0,0,0,0,0,0,0;0,0,0,0,0,0,0,0,0,0,0,0,0;0,0,0,0,0,0,0,0,0,0,0,0,0;0,0,0,0,0,0,0,0,0,0,0,0,0;0,0,0,0,0,0,0,0,0,0,0,0,0;0,0,0,0,0,0,0,0,0,0,0,0,0;0,0,0,0,0,0,0,0,0,0,0,0,0;0,0,0,0,0,0,0,0,0,0,0,0,0;0,0,0,0,0,0,0,0,0,0,0,0,0;76072', skillbag='8;25,1;28,1;29,1;32,1;33,1;35,1;37,1;38,1;', 					shortcut='0,0;0,0;0,0;0,0;0,0;0,0;0,0;0,0;0,0;0,0;0,0;0,0;0,0;0,0;0,0;0,0;0,0;0,0;0,0;0,0;0,0;0,0;0,0;0,0;0,0;0,0;0,0;0,0;0,0;0,0;0,0;0,0;0,0;0,0;0,0;0,0;', mission='3,0,', misrecord='3,2,0,0,-128,0,0,0,0,0,0,0,0,0,0,0,0,0,0,0,0,0,0,0,0,0,0,0,0,0,0,0,0,0,0,0,0,0,0,0,0,0,0,0,0,0,0,0,0,0,0,0,0,0,0,0,0,0,0,0,0,0,0,0,0,0,0,0,0,0,0,0,0,0,0,0,0,0,0,0,0,0,0,0,0,0,0,0,0,0,0,0,0,0,0,0,0,0,0,0,0,0,0,0,0,0,0,0,0,0,0,0,0,0,0,0,0,0,0,0,0,0,0,0,0,0,0,0,0,0,0,0,0,0,0,0,0,0,0,0,0,0,0,0,0,0,0,0,0,0,0,0,0,0,0,0,0,0,0,0,0,0,0,0,0,0,0,0,0,0,0,0,0,0,0,0,0,0,0,0,0,0,0,0,0,0,0,0,0,0,0,0,0,0,0,0,0,0,0,0,0,0,0,0,0,0,0,0,0,0,0,0,0,0,0,0,0,0,0,0,0,0,0,0,0,0,0,0,0,0,0,0,0,0,0,0,0,0,0,0,0,0,0,0,0,0,0,0,0,0,0,0,0,0,0,0,0,', mistrigger='3,2,60002,0,8,9,1,0,0,0,0,60003,0,8,10,1,0,0,0,0,', miscount='3,0,', birth='Argent City', login_cha='0,0', 					sail_lv=1, sail_exp=0, sail_left_exp=0, live_lv=1, live_exp=300, live_tp=0, kb_locked=0, credit=0, store_item=0, skill_state='', extend ='-1,-1,-1,-1,-1,-1,-1,-1,-1,-1' 					where cha_id=6]
[02-12 14:19:52]exec_sql_direct [SQL]: [Update account set IMP = 0 where act_id = 3;]
[02-12 14:19:52]_get_row [SQL]: [select  @@ROWCOUNT ]
[02-12 14:19:52]exec_sql_direct [SQL]: [update resource set 				   content='24@114#btikc^bkhli\a^abaeh\`^abaeh\`^abaehkaghid' 				   where id=13]
[02-12 14:19:52]exec_sql_direct [SQL]: [update resource set 				   content='32@114#bthka' 				   where id=14]
[02-12 14:21:17]exec_sql_direct [SQL]: [select 				cha_id, cha_name, motto, icon, version, pk_ctrl, mem_addr, act_id, guild_id, guild_stat, guild_permission, job, degree, exp, 				hp, sp, ap, tp, gd, str, dex, agi, con, sta, luk, sail_lv, sail_exp, sail_left_exp, live_lv, live_exp, map, main_map, map_x, map_y, radius, 				angle, look, skillbag, shortcut, mission, misrecord, mistrigger, miscount, birth, login_cha, live_tp, bank, 				delflag, operdate, skill_state, kitbag, kitbag_tmp, kb_locked, credit, store_item 				from character 				(nolock) where 1=2]
[02-12 14:21:17]exec_sql_direct [SQL]: [select 				act_id, act_name, gm, cha_ids, last_ip, disc_reason, last_leave 				from account 				(nolock) where 1=2]
[02-12 14:21:17]exec_sql_direct [SQL]: [select 				guild_id, guild_name, motto, passwd, leader_id, type, stat, money, exp, member_total,				try_total, disband_date 				from guild 				(nolock) where 1=2]
[02-12 14:21:17]exec_sql_direct [SQL]: [select 				boat_id, boat_berth, boat_name, boat_boatid, boat_header, boat_body, boat_engine, boat_cannon, boat_equipment, 				boat_bag, boat_diecount, boat_isdead, boat_ownerid, boat_createtime, boat_isdeleted, cur_endure, mx_endure, cur_supply, mx_supply, skill_state, 				map, map_x, map_y, angle, degree, exp 				from boat 				(nolock) where 1=2]
[02-12 14:21:17]exec_sql_direct [SQL]: [select 				id, cha_id, type_id, content 				from resource 				(nolock) where 1=2]
[02-12 14:21:17]exec_sql_direct [SQL]: [select 				id, cha_id, content1, content2, content3, content4, content5 				from map_mask 				(nolock) where 1=2]
[02-12 14:21:17]exec_sql_direct [SQL]: [select 				   cha_id1, cha_id2, finish, relation				   from master 				   (nolock) where 1=2]
[02-12 14:21:17]exec_sql_direct [SQL]: [select section from LotterySetting (nolock) where 1=2]
[02-12 14:21:17]exec_sql_direct [SQL]: [select itemno from Ticket (nolock) where 1=2]
[02-12 14:21:17]exec_sql_direct [SQL]: [select issue from WinTicket (nolock) where 1=2]
[02-12 14:21:17]exec_sql_direct [SQL]: [select season from AmphitheaterSetting (nolock) where 1=2]
[02-12 14:21:17]exec_sql_direct [SQL]: [select id from AmphitheaterTeam (nolock) where 1=2]
[02-12 14:21:17]exec_sql_direct [SQL]: [select id, bag from holding (nolock) where 1=2]
