[02-12 11:59:30]init Lua Script...
[02-12 11:59:40]Load Game Config File(Text Mode) [GameServer.cfg]
[02-12 11:59:40]Load Game Config File(Text Mode) [cmd.cfg]
[02-12 11:59:40]msgLoad Game Config File(Text Mode) [cmd.cfg] error! 
[02-12 11:59:40]Define __CATCH
[02-12 11:59:40]game map server [GameServer00] startup...
[02-12 11:59:40]start initialization GameApp
[02-12 11:59:40]initialization DB...
[02-12 11:59:41]database init...ok
[02-12 11:59:41]database init...ok
[02-12 11:59:42]start to assign every Entity memory
[02-12 11:59:42]initialization every form...
[02-12 11:59:46]initialization Lua Script...
[02-12 11:59:47]initialization map list...
[02-12 11:59:50]map garner init resource succeed
[02-12 11:59:50]map [garner] ok!
[02-12 11:59:50]map teampk init resource succeed
[02-12 11:59:50]map [teampk] ok!
[02-12 11:59:50]map lonetower init resource succeed
[02-12 11:59:50]map [lonetower] ok!
[02-12 11:59:50]map abandonedcity init resource succeed
[02-12 11:59:50]map [abandonedcity] ok!
[02-12 11:59:50]map abandonedcity2 init resource succeed
[02-12 11:59:50]map [abandonedcity2] ok!
[02-12 11:59:51]map abandonedcity3 init resource succeed
[02-12 11:59:51]map [abandonedcity3] ok!
[02-12 11:59:51]map pkmap init resource succeed
[02-12 11:59:51]map [pkmap] ok!
[02-12 11:59:51]map ctf init resource succeed
[02-12 11:59:51]map [ctf] ok!
[02-12 11:59:52]map egtown init resource succeed
[02-12 11:59:52]map [egtown] ok!
[02-12 11:59:52]map 07xmas2 init resource succeed
[02-12 11:59:52]map [07xmas2] ok!
[02-12 11:59:52]map jialebi init resource succeed
[02-12 11:59:52]map [jialebi] ok!
[02-12 11:59:52]map bountypk init resource succeed
[02-12 11:59:52]map [bountypk] ok!
[02-12 11:59:52]Succeed add HelpNPC[Drunkyard - Anthony]
[02-12 11:59:52]execute monster placement script/monster/baiyinlinqu.lua  
[02-12 11:59:52]execute monster placement script/monster/lietinglinqu.lua  
[02-12 11:59:52]execute monster placement script/monster/baiyinyuchang.lua  
[02-12 11:59:52]execute monster placement script/monster/jianazuixiayuchang.lua  
[02-12 11:59:52]execute monster placement script/monster/haifengyuchang.lua  
[02-12 11:59:52]execute monster placement script/monster/jianayunshi.lua  
[02-12 11:59:52]execute monster placement script/monster/bycduizhang.lua  
[02-12 11:59:52]execute monster placement script/monster/bycdaoguai.lua  
[02-12 11:59:52]garnerscript release monster ended! 
[02-12 11:59:52]execute monster placement script/monster/jimozhita.lua  
[02-12 11:59:52]lonetowerscript release monster ended! 
[02-12 11:59:52]execute monster placement script/monster/xieeshengdan.lua  
[02-12 11:59:52]xieeshengdan脚本放怪结束! 
[02-12 11:59:52]GameApp initialization finish!
[02-12 11:59:52]start init ServerApp
[02-12 11:59:52]ServerApp init over
[02-12 11:59:52]startup Gate server connect thread...
[02-12 11:59:52]startup information server connect thread...
[02-12 11:59:52]startup game thread...
[02-12 11:59:52]Game Thread ID = 6808
[02-12 11:59:52]start create Win32 control dialog box
[02-12 12:04:34]start to exit game map server
[02-12 12:04:34]game thread finish!
[02-12 12:04:35]game map server succeed to exit
[02-12 12:07:55]init Lua Script...
[02-12 12:08:07]Load Game Config File(Text Mode) [GameServer.cfg]
[02-12 12:08:07]Load Game Config File(Text Mode) [cmd.cfg]
[02-12 12:08:07]msgLoad Game Config File(Text Mode) [cmd.cfg] error! 
[02-12 12:08:07]Define __CATCH
[02-12 12:08:07]game map server [GameServer00] startup...
[02-12 12:08:07]start initialization GameApp
[02-12 12:08:07]initialization DB...
[02-12 12:08:07]database init...ok
[02-12 12:08:07]database init...ok
[02-12 12:08:07]start to assign every Entity memory
[02-12 12:08:07]initialization every form...
[02-12 12:08:10]initialization Lua Script...
[02-12 12:08:11]initialization map list...
[02-12 12:08:12]map garner init resource succeed
[02-12 12:08:12]map [garner] ok!
[02-12 12:08:12]map teampk init resource succeed
[02-12 12:08:12]map [teampk] ok!
[02-12 12:08:12]map lonetower init resource succeed
[02-12 12:08:12]map [lonetower] ok!
[02-12 12:08:12]map abandonedcity init resource succeed
[02-12 12:08:12]map [abandonedcity] ok!
[02-12 12:08:12]map abandonedcity2 init resource succeed
[02-12 12:08:12]map [abandonedcity2] ok!
[02-12 12:08:12]map abandonedcity3 init resource succeed
[02-12 12:08:12]map [abandonedcity3] ok!
[02-12 12:08:12]map pkmap init resource succeed
[02-12 12:08:12]map [pkmap] ok!
[02-12 12:08:12]map ctf init resource succeed
[02-12 12:08:12]map [ctf] ok!
[02-12 12:08:12]map egtown init resource succeed
[02-12 12:08:12]map [egtown] ok!
[02-12 12:08:12]map 07xmas2 init resource succeed
[02-12 12:08:12]map [07xmas2] ok!
[02-12 12:08:13]map jialebi init resource succeed
[02-12 12:08:13]map [jialebi] ok!
[02-12 12:08:13]map bountypk init resource succeed
[02-12 12:08:13]map [bountypk] ok!
[02-12 12:08:13]Succeed add HelpNPC[Drunkyard - Anthony]
[02-12 12:08:13]execute monster placement script/monster/baiyinlinqu.lua  
[02-12 12:08:13]execute monster placement script/monster/lietinglinqu.lua  
[02-12 12:08:13]execute monster placement script/monster/baiyinyuchang.lua  
[02-12 12:08:13]execute monster placement script/monster/jianazuixiayuchang.lua  
[02-12 12:08:13]execute monster placement script/monster/haifengyuchang.lua  
[02-12 12:08:13]execute monster placement script/monster/jianayunshi.lua  
[02-12 12:08:13]execute monster placement script/monster/bycduizhang.lua  
[02-12 12:08:13]execute monster placement script/monster/bycdaoguai.lua  
[02-12 12:08:13]garnerscript release monster ended! 
[02-12 12:08:13]execute monster placement script/monster/jimozhita.lua  
[02-12 12:08:13]lonetowerscript release monster ended! 
[02-12 12:08:13]execute monster placement script/monster/xieeshengdan.lua  
[02-12 12:08:13]xieeshengdan脚本放怪结束! 
[02-12 12:08:13]GameApp initialization finish!
[02-12 12:08:13]start init ServerApp
[02-12 12:08:13]ServerApp init over
[02-12 12:08:13]startup Gate server connect thread...
[02-12 12:08:13]startup information server connect thread...
[02-12 12:08:13]startup game thread...
[02-12 12:08:13]Game Thread ID = 2772
[02-12 12:08:13]start create Win32 control dialog box
[02-12 12:25:40]start to exit game map server
[02-12 12:25:40]game thread finish!
[02-12 12:25:40]game map server succeed to exit
[02-12 14:13:39]init Lua Script...
[02-12 14:13:53]Load Game Config File(Text Mode) [GameServer00.cfg]
[02-12 14:13:53]msgLoad Game Config File(Text Mode) [GameServer00.cfg] error! 
[02-12 14:13:53]config init...Fail!
[02-12 14:14:24]Load Game Config File(Text Mode) [GameServer00.cfg]
[02-12 14:14:24]msgLoad Game Config File(Text Mode) [GameServer00.cfg] error! 
[02-12 14:14:24]config init...Fail!
[02-12 14:14:37]Load Game Config File(Text Mode) [GameServer.cfg]
[02-12 14:14:37]Load Game Config File(Text Mode) [cmd.cfg]
[02-12 14:14:37]msgLoad Game Config File(Text Mode) [cmd.cfg] error! 
[02-12 14:14:37]Define __CATCH
[02-12 14:14:37]game map server [GameServer00] startup...
[02-12 14:14:37]start initialization GameApp
[02-12 14:14:37]initialization DB...
[02-12 14:14:37]database init...ok
[02-12 14:14:37]database init...ok
[02-12 14:14:38]start to assign every Entity memory
[02-12 14:14:38]initialization every form...
[02-12 14:14:40]initialization Lua Script...
[02-12 14:14:41]initialization map list...
[02-12 14:14:42]map garner init resource succeed
[02-12 14:14:42]map [garner] ok!
[02-12 14:14:42]map teampk init resource succeed
[02-12 14:14:42]map [teampk] ok!
[02-12 14:14:42]map lonetower init resource succeed
[02-12 14:14:42]map [lonetower] ok!
[02-12 14:14:42]map abandonedcity init resource succeed
[02-12 14:14:42]map [abandonedcity] ok!
[02-12 14:14:42]map abandonedcity2 init resource succeed
[02-12 14:14:42]map [abandonedcity2] ok!
[02-12 14:14:42]map abandonedcity3 init resource succeed
[02-12 14:14:42]map [abandonedcity3] ok!
[02-12 14:14:42]map pkmap init resource succeed
[02-12 14:14:42]map [pkmap] ok!
[02-12 14:14:42]map ctf init resource succeed
[02-12 14:14:42]map [ctf] ok!
[02-12 14:14:42]map egtown init resource succeed
[02-12 14:14:42]map [egtown] ok!
[02-12 14:14:42]map 07xmas2 init resource succeed
[02-12 14:14:42]map [07xmas2] ok!
[02-12 14:14:43]map jialebi init resource succeed
[02-12 14:14:43]map [jialebi] ok!
[02-12 14:14:43]map bountypk init resource succeed
[02-12 14:14:43]map [bountypk] ok!
[02-12 14:14:43]Succeed add HelpNPC[Drunkyard - Anthony]
[02-12 14:14:43]execute monster placement script/monster/baiyinlinqu.lua  
[02-12 14:14:43]execute monster placement script/monster/lietinglinqu.lua  
[02-12 14:14:43]execute monster placement script/monster/baiyinyuchang.lua  
[02-12 14:14:43]execute monster placement script/monster/jianazuixiayuchang.lua  
[02-12 14:14:43]execute monster placement script/monster/haifengyuchang.lua  
[02-12 14:14:43]execute monster placement script/monster/jianayunshi.lua  
[02-12 14:14:43]execute monster placement script/monster/bycduizhang.lua  
[02-12 14:14:43]execute monster placement script/monster/bycdaoguai.lua  
[02-12 14:14:43]garnerscript release monster ended! 
[02-12 14:14:43]execute monster placement script/monster/jimozhita.lua  
[02-12 14:14:43]lonetowerscript release monster ended! 
[02-12 14:14:43]execute monster placement script/monster/xieeshengdan.lua  
[02-12 14:14:43]xieeshengdan脚本放怪结束! 
[02-12 14:14:43]GameApp initialization finish!
[02-12 14:14:43]start init ServerApp
[02-12 14:14:43]ServerApp init over
[02-12 14:14:43]startup Gate server connect thread...
[02-12 14:14:43]startup information server connect thread...
[02-12 14:14:43]startup game thread...
[02-12 14:14:43]Game Thread ID = 2304
[02-12 14:14:43]start create Win32 control dialog box
[02-12 14:21:15]start to exit game map server
[02-12 14:21:15]game thread finish!
[02-12 14:21:15]game map server succeed to exit
[02-12 14:21:17]Load Game Config File(Text Mode) [GameServer.cfg]
[02-12 14:21:17]Load Game Config File(Text Mode) [cmd.cfg]
[02-12 14:21:17]msgLoad Game Config File(Text Mode) [cmd.cfg] error! 
[02-12 14:21:17]Define __CATCH
[02-12 14:21:17]game map server [GameServer00] startup...
[02-12 14:21:17]start initialization GameApp
[02-12 14:21:17]initialization DB...
[02-12 14:21:17]database init...ok
[02-12 14:21:17]database init...ok
[02-12 14:21:18]start to assign every Entity memory
[02-12 14:21:18]initialization every form...
[02-12 14:21:21]initialization Lua Script...
[02-12 14:21:23]initialization map list...
[02-12 14:21:24]map garner init resource succeed
[02-12 14:21:24]map [garner] ok!
[02-12 14:21:24]map teampk init resource succeed
[02-12 14:21:24]map [teampk] ok!
[02-12 14:21:24]map lonetower init resource succeed
[02-12 14:21:24]map [lonetower] ok!
[02-12 14:21:24]map abandonedcity init resource succeed
[02-12 14:21:24]map [abandonedcity] ok!
[02-12 14:21:24]map abandonedcity2 init resource succeed
[02-12 14:21:24]map [abandonedcity2] ok!
[02-12 14:21:24]map abandonedcity3 init resource succeed
[02-12 14:21:24]map [abandonedcity3] ok!
[02-12 14:21:24]map pkmap init resource succeed
[02-12 14:21:24]map [pkmap] ok!
[02-12 14:21:24]map ctf init resource succeed
[02-12 14:21:24]map [ctf] ok!
[02-12 14:21:24]map egtown init resource succeed
[02-12 14:21:24]map [egtown] ok!
[02-12 14:21:24]map 07xmas2 init resource succeed
[02-12 14:21:24]map [07xmas2] ok!
[02-12 14:21:25]map jialebi init resource succeed
[02-12 14:21:25]map [jialebi] ok!
[02-12 14:21:25]map bountypk init resource succeed
[02-12 14:21:25]map [bountypk] ok!
[02-12 14:21:25]Succeed add HelpNPC[Drunkyard - Anthony]
[02-12 14:21:25]execute monster placement script/monster/baiyinlinqu.lua  
[02-12 14:21:25]execute monster placement script/monster/lietinglinqu.lua  
[02-12 14:21:25]execute monster placement script/monster/baiyinyuchang.lua  
[02-12 14:21:25]execute monster placement script/monster/jianazuixiayuchang.lua  
[02-12 14:21:25]execute monster placement script/monster/haifengyuchang.lua  
[02-12 14:21:25]execute monster placement script/monster/jianayunshi.lua  
[02-12 14:21:25]execute monster placement script/monster/bycduizhang.lua  
[02-12 14:21:25]execute monster placement script/monster/bycdaoguai.lua  
[02-12 14:21:25]garnerscript release monster ended! 
[02-12 14:21:25]execute monster placement script/monster/jimozhita.lua  
[02-12 14:21:25]lonetowerscript release monster ended! 
[02-12 14:21:25]execute monster placement script/monster/xieeshengdan.lua  
[02-12 14:21:25]xieeshengdan脚本放怪结束! 
[02-12 14:21:25]GameApp initialization finish!
[02-12 14:21:25]start init ServerApp
[02-12 14:21:25]ServerApp init over
[02-12 14:21:25]startup Gate server connect thread...
[02-12 14:21:25]startup information server connect thread...
[02-12 14:21:25]startup game thread...
[02-12 14:21:25]Game Thread ID = 14816
[02-12 14:21:25]start create Win32 control dialog box
[02-12 14:21:27]start to exit game map server
[02-12 14:21:27]game thread finish!
[02-12 14:21:28]game map server succeed to exit
