[02-12 11:46:05]Add LG [RunLabel]
[02-12 11:51:20]Add LG [group_sql]
[02-12 11:51:38]Add LG [util_db]
[02-12 11:51:38]Add LG [util_db_error]
[02-12 11:51:44]Add LG [group_sql]
[02-12 11:52:01]Add LG [util_db]
[02-12 11:52:01]Add LG [util_db_error]
[02-12 11:52:06]Add LG [group_sql]
[02-12 11:52:08]Add LG [group_sql]
[02-12 11:52:26]Add LG [util_db]
[02-12 11:52:26]Add LG [util_db_error]
[02-12 11:56:24]Add LG [group_sql]
[02-12 11:56:42]Add LG [util_db]
[02-12 11:56:42]Add LG [util_db_error]
[02-12 11:56:46]Add LG [group_sql]
[02-12 11:57:04]Add LG [util_db]
[02-12 11:57:04]Add LG [util_db_error]
[02-12 11:57:08]Add LG [group_sql]
[02-12 11:57:26]Add LG [util_db]
[02-12 11:57:26]Add LG [util_db_error]
[02-12 11:59:29]Add LG [group_sql]
[02-12 11:59:30]Add LG [util_db]
[02-12 11:59:30]Add LG [GroupServer]
[02-12 11:59:30]Add LG [init]
[02-12 11:59:39]Add LG [group_cheat]
[02-12 11:59:40]Add LG [init]
[02-12 12:04:59]Add LG [RunLabel]
[02-12 12:05:24]Add LG [group_sql]
[02-12 12:05:25]Add LG [util_db]
[02-12 12:07:55]Add LG [group_sql]
[02-12 12:07:55]Add LG [util_db]
[02-12 12:07:55]Add LG [GroupServer]
[02-12 12:07:55]Add LG [init]
[02-12 12:08:05]Add LG [group_cheat]
[02-12 12:08:07]Add LG [init]
[02-12 12:08:37]Add LG [PASSWD]
[02-12 12:08:37]Add LG [AccountAuth]
[02-12 12:25:49]Add LG [RunLabel]
[02-12 12:26:18]Add LG [group_sql]
[02-12 12:26:18]Add LG [util_db]
[02-12 12:26:26]Add LG [group_sql]
[02-12 12:26:26]Add LG [util_db]
[02-12 14:13:38]Add LG [group_sql]
[02-12 14:13:38]Add LG [util_db]
[02-12 14:13:39]Add LG [GroupServer]
[02-12 14:13:39]Add LG [init]
[02-12 14:13:48]Add LG [group_cheat]
[02-12 14:13:53]Add LG [init]
[02-12 14:14:24]Add LG [init]
[02-12 14:14:37]Add LG [init]
[02-12 14:15:11]Add LG [AccountServer]
[02-12 14:15:22]Add LG [PASSWD]
[02-12 14:21:17]Add LG [init]
