[02-12 11:52:01]SQL Error State:08001, Native Error Code: 11, ODBC Error: [Microsoft][ODBC SQL Server Driver][DBNETLIB]SQL Server inexistente ou acesso negado.
[02-12 11:52:26]SQL Error State:08001, Native Error Code: 11, ODBC Error: [Microsoft][ODBC SQL Server Driver][DBNETLIB]SQL Server inexistente ou acesso negado.
[02-12 11:56:42]SQL Error State:08001, Native Error Code: 11, ODBC Error: [Microsoft][ODBC SQL Server Driver][DBNETLIB]SQL Server inexistente ou acesso negado.
[02-12 11:57:04]SQL Error State:08001, Native Error Code: 11, ODBC Error: [Microsoft][ODBC SQL Server Driver][DBNETLIB]SQL Server inexistente ou acesso negado.
[02-12 11:57:26]SQL Error State:08001, Native Error Code: 11, ODBC Error: [Microsoft][ODBC SQL Server Driver][DBNETLIB]SQL Server inexistente ou acesso negado.
[02-12 11:59:30]exec_sql_direct [SQL]: [drop trigger [TR_D_Character_Friends]]
[02-12 11:59:30]exec_sql_direct [SQL]: [drop trigger [TR_I_Character]]
[02-12 11:59:30]exec_sql_direct [SQL]: [CREATE TRIGGER TR_D_Character_Friends ON character 
				FOR DELETE 
				AS
				BEGIN
					declare @@stat tinyint
					declare @@gid  int
					select @@stat =guild_stat,@@gid =guild_id from deleted
					DELETE friends where friends.cha_id1 IN(select cha_id from deleted)
					if(@@gid >0)
					BEGIN
						update guild set try_total =try_total -(case when @@stat>0 then 1 else 0 end),
								member_total =member_total -(case when @@stat >0 then 0 else 1 end)
							where guild_id >0 and guild_id =@@gid
					END
				END
		]
[02-12 11:59:30]exec_sql_direct [SQL]: [CREATE TRIGGER TR_I_Character ON character
				FOR INSERT
				AS
				BEGIN
					declare @l_icon smallint
					select @l_icon =convert(smallint,SUBSTRING(inserted.look,5,1)) from inserted
					update character set icon =@l_icon where cha_id in (select cha_id from inserted)
				END
		]
[02-12 11:59:30]_get_row [SQL]: [select count(*) from guild (nolock) ]
[02-12 11:59:30]_get_row [SQL]: [select  @@ROWCOUNT ]
[02-12 11:59:30]exec_sql_direct [SQL]: [update character set mem_addr =0 where mem_addr != 0]
[02-12 11:59:39]exec_sql_direct [SQL]: [insert stat_log (login_num , play_num, wgplay_num) values (0, 0, 0)]
[02-12 11:59:49]exec_sql_direct [SQL]: [insert stat_log (login_num , play_num, wgplay_num) values (0, 0, 0)]
[02-12 11:59:59]exec_sql_direct [SQL]: [insert stat_log (login_num , play_num, wgplay_num) values (0, 0, 0)]
[02-12 12:00:09]exec_sql_direct [SQL]: [insert stat_log (login_num , play_num, wgplay_num) values (0, 0, 0)]
[02-12 12:00:19]exec_sql_direct [SQL]: [insert stat_log (login_num , play_num, wgplay_num) values (0, 0, 0)]
[02-12 12:00:29]exec_sql_direct [SQL]: [insert stat_log (login_num , play_num, wgplay_num) values (0, 0, 0)]
[02-12 12:00:39]exec_sql_direct [SQL]: [insert stat_log (login_num , play_num, wgplay_num) values (0, 0, 0)]
[02-12 12:00:49]exec_sql_direct [SQL]: [insert stat_log (login_num , play_num, wgplay_num) values (0, 0, 0)]
[02-12 12:00:59]exec_sql_direct [SQL]: [insert stat_log (login_num , play_num, wgplay_num) values (0, 0, 0)]
[02-12 12:01:09]exec_sql_direct [SQL]: [insert stat_log (login_num , play_num, wgplay_num) values (0, 0, 0)]
[02-12 12:01:19]exec_sql_direct [SQL]: [insert stat_log (login_num , play_num, wgplay_num) values (0, 0, 0)]
[02-12 12:01:29]exec_sql_direct [SQL]: [insert stat_log (login_num , play_num, wgplay_num) values (0, 0, 0)]
[02-12 12:01:39]exec_sql_direct [SQL]: [insert stat_log (login_num , play_num, wgplay_num) values (0, 0, 0)]
[02-12 12:01:49]exec_sql_direct [SQL]: [insert stat_log (login_num , play_num, wgplay_num) values (0, 0, 0)]
[02-12 12:01:59]exec_sql_direct [SQL]: [insert stat_log (login_num , play_num, wgplay_num) values (0, 0, 0)]
[02-12 12:02:09]exec_sql_direct [SQL]: [insert stat_log (login_num , play_num, wgplay_num) values (0, 0, 0)]
[02-12 12:02:19]exec_sql_direct [SQL]: [insert stat_log (login_num , play_num, wgplay_num) values (0, 0, 0)]
[02-12 12:02:29]exec_sql_direct [SQL]: [insert stat_log (login_num , play_num, wgplay_num) values (0, 0, 0)]
[02-12 12:02:39]exec_sql_direct [SQL]: [insert stat_log (login_num , play_num, wgplay_num) values (0, 0, 0)]
[02-12 12:02:49]exec_sql_direct [SQL]: [insert stat_log (login_num , play_num, wgplay_num) values (0, 0, 0)]
[02-12 12:02:59]exec_sql_direct [SQL]: [insert stat_log (login_num , play_num, wgplay_num) values (0, 0, 0)]
[02-12 12:03:09]exec_sql_direct [SQL]: [insert stat_log (login_num , play_num, wgplay_num) values (0, 0, 0)]
[02-12 12:03:19]exec_sql_direct [SQL]: [insert stat_log (login_num , play_num, wgplay_num) values (0, 0, 0)]
[02-12 12:03:29]exec_sql_direct [SQL]: [insert stat_log (login_num , play_num, wgplay_num) values (0, 0, 0)]
[02-12 12:03:39]exec_sql_direct [SQL]: [insert stat_log (login_num , play_num, wgplay_num) values (0, 0, 0)]
[02-12 12:03:49]exec_sql_direct [SQL]: [insert stat_log (login_num , play_num, wgplay_num) values (0, 0, 0)]
[02-12 12:03:59]exec_sql_direct [SQL]: [insert stat_log (login_num , play_num, wgplay_num) values (0, 0, 0)]
[02-12 12:04:09]exec_sql_direct [SQL]: [insert stat_log (login_num , play_num, wgplay_num) values (0, 0, 0)]
[02-12 12:04:19]exec_sql_direct [SQL]: [insert stat_log (login_num , play_num, wgplay_num) values (0, 0, 0)]
[02-12 12:04:29]exec_sql_direct [SQL]: [insert stat_log (login_num , play_num, wgplay_num) values (0, 0, 0)]
[02-12 12:04:39]exec_sql_direct [SQL]: [insert stat_log (login_num , play_num, wgplay_num) values (0, 0, 0)]
[02-12 12:04:49]exec_sql_direct [SQL]: [insert stat_log (login_num , play_num, wgplay_num) values (0, 0, 0)]
[02-12 12:04:59]exec_sql_direct [SQL]: [insert stat_log (login_num , play_num, wgplay_num) values (0, 0, 0)]
[02-12 12:05:09]exec_sql_direct [SQL]: [insert stat_log (login_num , play_num, wgplay_num) values (0, 0, 0)]
[02-12 12:05:19]exec_sql_direct [SQL]: [insert stat_log (login_num , play_num, wgplay_num) values (0, 0, 0)]
[02-12 12:05:25]exec_sql_direct [SQL]: [drop trigger [TR_D_Character_Friends]]
[02-12 12:05:25]exec_sql_direct [SQL]: [drop trigger [TR_I_Character]]
[02-12 12:05:25]exec_sql_direct [SQL]: [CREATE TRIGGER TR_D_Character_Friends ON character 
				FOR DELETE 
				AS
				BEGIN
					declare @@stat tinyint
					declare @@gid  int
					select @@stat =guild_stat,@@gid =guild_id from deleted
					DELETE friends where friends.cha_id1 IN(select cha_id from deleted)
					if(@@gid >0)
					BEGIN
						update guild set try_total =try_total -(case when @@stat>0 then 1 else 0 end),
								member_total =member_total -(case when @@stat >0 then 0 else 1 end)
							where guild_id >0 and guild_id =@@gid
					END
				END
		]
[02-12 12:05:25]exec_sql_direct [SQL]: [CREATE TRIGGER TR_I_Character ON character
				FOR INSERT
				AS
				BEGIN
					declare @l_icon smallint
					select @l_icon =convert(smallint,SUBSTRING(inserted.look,5,1)) from inserted
					update character set icon =@l_icon where cha_id in (select cha_id from inserted)
				END
		]
[02-12 12:05:25]_get_row [SQL]: [select count(*) from guild (nolock) ]
[02-12 12:05:25]_get_row [SQL]: [select  @@ROWCOUNT ]
[02-12 12:05:25]exec_sql_direct [SQL]: [update character set mem_addr =0 where mem_addr != 0]
[02-12 12:05:29]exec_sql_direct [SQL]: [insert stat_log (login_num , play_num, wgplay_num) values (0, 0, 0)]
[02-12 12:05:39]exec_sql_direct [SQL]: [insert stat_log (login_num , play_num, wgplay_num) values (0, 0, 0)]
[02-12 12:07:55]exec_sql_direct [SQL]: [drop trigger [TR_D_Character_Friends]]
[02-12 12:07:55]exec_sql_direct [SQL]: [drop trigger [TR_I_Character]]
[02-12 12:07:55]exec_sql_direct [SQL]: [CREATE TRIGGER TR_D_Character_Friends ON character 
				FOR DELETE 
				AS
				BEGIN
					declare @@stat tinyint
					declare @@gid  int
					select @@stat =guild_stat,@@gid =guild_id from deleted
					DELETE friends where friends.cha_id1 IN(select cha_id from deleted)
					if(@@gid >0)
					BEGIN
						update guild set try_total =try_total -(case when @@stat>0 then 1 else 0 end),
								member_total =member_total -(case when @@stat >0 then 0 else 1 end)
							where guild_id >0 and guild_id =@@gid
					END
				END
		]
[02-12 12:07:55]exec_sql_direct [SQL]: [CREATE TRIGGER TR_I_Character ON character
				FOR INSERT
				AS
				BEGIN
					declare @l_icon smallint
					select @l_icon =convert(smallint,SUBSTRING(inserted.look,5,1)) from inserted
					update character set icon =@l_icon where cha_id in (select cha_id from inserted)
				END
		]
[02-12 12:07:55]_get_row [SQL]: [select count(*) from guild (nolock) ]
[02-12 12:07:55]_get_row [SQL]: [select  @@ROWCOUNT ]
[02-12 12:07:55]exec_sql_direct [SQL]: [update character set mem_addr =0 where mem_addr != 0]
[02-12 12:08:05]exec_sql_direct [SQL]: [insert stat_log (login_num , play_num, wgplay_num) values (0, 0, 0)]
[02-12 12:08:15]exec_sql_direct [SQL]: [insert stat_log (login_num , play_num, wgplay_num) values (0, 0, 0)]
[02-12 12:08:25]exec_sql_direct [SQL]: [insert stat_log (login_num , play_num, wgplay_num) values (0, 0, 0)]
[02-12 12:08:35]exec_sql_direct [SQL]: [insert stat_log (login_num , play_num, wgplay_num) values (0, 0, 0)]
[02-12 12:08:45]exec_sql_direct [SQL]: [insert stat_log (login_num , play_num, wgplay_num) values (0, 0, 0)]
[02-12 12:08:55]exec_sql_direct [SQL]: [insert stat_log (login_num , play_num, wgplay_num) values (0, 0, 0)]
[02-12 12:09:05]exec_sql_direct [SQL]: [insert stat_log (login_num , play_num, wgplay_num) values (0, 0, 0)]
[02-12 12:09:15]exec_sql_direct [SQL]: [insert stat_log (login_num , play_num, wgplay_num) values (0, 0, 0)]
[02-12 12:09:24]_get_row [SQL]: [select act_id,gm,cha_ids,password,last_ip,disc_reason,convert(varchar(20),last_leave,120) from account (nolock)  where act_name='admin']
[02-12 12:09:24]_get_row [SQL]: [select  @@ROWCOUNT ]
[02-12 12:09:24]_get_row [SQL]: [select c.cha_name,c.motto,c.icon,				  case when c.guild_stat =0 then c.guild_id else 0 end,				  case when c.guild_stat <>0 or c.guild_id =0 then '' else g.guild_name end,				  c.job,c.degree,c.map,c.map_x,c.map_y,c.look,c.str,c.dex,c.agi,c.con,c.sta,c.luk,c.guild_permission,c.chatColour from character c,guild g (nolock)  where c.guild_id =g.guild_id and c.cha_id=1]
[02-12 12:09:24]_get_row [SQL]: [select  @@ROWCOUNT ]
[02-12 12:09:24]_get_row [SQL]: [select c.cha_name,c.motto,c.icon,				  case when c.guild_stat =0 then c.guild_id else 0 end,				  case when c.guild_stat <>0 or c.guild_id =0 then '' else g.guild_name end,				  c.job,c.degree,c.map,c.map_x,c.map_y,c.look,c.str,c.dex,c.agi,c.con,c.sta,c.luk,c.guild_permission,c.chatColour from character c,guild g (nolock)  where c.guild_id =g.guild_id and c.cha_id=2]
[02-12 12:09:24]_get_row [SQL]: [select  @@ROWCOUNT ]
[02-12 12:09:24]_get_row [SQL]: [select c.cha_name,c.motto,c.icon,				  case when c.guild_stat =0 then c.guild_id else 0 end,				  case when c.guild_stat <>0 or c.guild_id =0 then '' else g.guild_name end,				  c.job,c.degree,c.map,c.map_x,c.map_y,c.look,c.str,c.dex,c.agi,c.con,c.sta,c.luk,c.guild_permission,c.chatColour from character c,guild g (nolock)  where c.guild_id =g.guild_id and c.cha_id=5]
[02-12 12:09:24]_get_row [SQL]: [select  @@ROWCOUNT ]
[02-12 12:09:25]exec_sql_direct [SQL]: [insert stat_log (login_num , play_num, wgplay_num) values (1, 0, 0)]
[02-12 12:09:35]exec_sql_direct [SQL]: [insert stat_log (login_num , play_num, wgplay_num) values (1, 0, 0)]
[02-12 12:09:45]exec_sql_direct [SQL]: [insert stat_log (login_num , play_num, wgplay_num) values (1, 0, 0)]
[02-12 12:09:55]exec_sql_direct [SQL]: [insert stat_log (login_num , play_num, wgplay_num) values (1, 0, 0)]
[02-12 12:10:00]_get_row [SQL]: [select c.cha_name,c.motto,c.icon,				  case when c.guild_stat =0 then c.guild_id else 0 end,				  case when c.guild_stat <>0 or c.guild_id =0 then '' else g.guild_name end,				  c.job,c.degree,c.map,c.map_x,c.map_y,c.look,c.str,c.dex,c.agi,c.con,c.sta,c.luk,c.guild_permission,c.chatColour from character c,guild g (nolock)  where c.guild_id =g.guild_id and c.cha_id=1]
[02-12 12:10:00]_get_row [SQL]: [select  @@ROWCOUNT ]
[02-12 12:10:00]exec_sql_direct [SQL]: [update character set mem_addr =23469672 where cha_id =1]
[02-12 12:10:00]exec_sql_direct [SQL]: [update character set estop = getdate() where cha_id =1]
[02-12 12:10:00]_get_row [SQL]: [select estop from character (nolock)  where cha_id = 1 and dateadd(minute, estoptime, estop) > getdate()]
[02-12 12:10:00]SQL didn't fetch any data [select estop from character (nolock)  where cha_id = 1 and dateadd(minute, estoptime, estop) > getdate()]
[02-12 12:10:05]exec_sql_direct [SQL]: [insert stat_log (login_num , play_num, wgplay_num) values (1, 1, 0)]
[02-12 12:10:15]exec_sql_direct [SQL]: [insert stat_log (login_num , play_num, wgplay_num) values (1, 1, 0)]
[02-12 12:10:25]exec_sql_direct [SQL]: [insert stat_log (login_num , play_num, wgplay_num) values (1, 1, 0)]
[02-12 12:10:35]exec_sql_direct [SQL]: [insert stat_log (login_num , play_num, wgplay_num) values (1, 1, 0)]
[02-12 12:10:45]exec_sql_direct [SQL]: [insert stat_log (login_num , play_num, wgplay_num) values (1, 1, 0)]
[02-12 12:10:55]exec_sql_direct [SQL]: [insert stat_log (login_num , play_num, wgplay_num) values (1, 1, 0)]
[02-12 12:11:05]exec_sql_direct [SQL]: [insert stat_log (login_num , play_num, wgplay_num) values (1, 1, 0)]
[02-12 12:11:15]exec_sql_direct [SQL]: [insert stat_log (login_num , play_num, wgplay_num) values (1, 1, 0)]
[02-12 12:11:25]exec_sql_direct [SQL]: [insert stat_log (login_num , play_num, wgplay_num) values (1, 1, 0)]
[02-12 12:11:35]exec_sql_direct [SQL]: [insert stat_log (login_num , play_num, wgplay_num) values (1, 1, 0)]
[02-12 12:11:45]exec_sql_direct [SQL]: [insert stat_log (login_num , play_num, wgplay_num) values (1, 1, 0)]
[02-12 12:11:55]exec_sql_direct [SQL]: [insert stat_log (login_num , play_num, wgplay_num) values (1, 1, 0)]
[02-12 12:12:05]exec_sql_direct [SQL]: [insert stat_log (login_num , play_num, wgplay_num) values (1, 1, 0)]
[02-12 12:12:15]exec_sql_direct [SQL]: [insert stat_log (login_num , play_num, wgplay_num) values (1, 1, 0)]
[02-12 12:12:25]exec_sql_direct [SQL]: [insert stat_log (login_num , play_num, wgplay_num) values (1, 1, 0)]
[02-12 12:12:35]exec_sql_direct [SQL]: [insert stat_log (login_num , play_num, wgplay_num) values (1, 1, 0)]
[02-12 12:12:45]exec_sql_direct [SQL]: [insert stat_log (login_num , play_num, wgplay_num) values (1, 1, 0)]
[02-12 12:12:55]exec_sql_direct [SQL]: [insert stat_log (login_num , play_num, wgplay_num) values (1, 1, 0)]
[02-12 12:13:05]exec_sql_direct [SQL]: [insert stat_log (login_num , play_num, wgplay_num) values (1, 1, 0)]
[02-12 12:13:15]exec_sql_direct [SQL]: [insert stat_log (login_num , play_num, wgplay_num) values (1, 1, 0)]
[02-12 12:13:25]exec_sql_direct [SQL]: [insert stat_log (login_num , play_num, wgplay_num) values (1, 1, 0)]
[02-12 12:13:35]exec_sql_direct [SQL]: [insert stat_log (login_num , play_num, wgplay_num) values (1, 1, 0)]
[02-12 12:13:45]exec_sql_direct [SQL]: [insert stat_log (login_num , play_num, wgplay_num) values (1, 1, 0)]
[02-12 12:13:55]exec_sql_direct [SQL]: [insert stat_log (login_num , play_num, wgplay_num) values (1, 1, 0)]
[02-12 12:14:05]exec_sql_direct [SQL]: [insert stat_log (login_num , play_num, wgplay_num) values (1, 1, 0)]
[02-12 12:14:15]exec_sql_direct [SQL]: [insert stat_log (login_num , play_num, wgplay_num) values (1, 1, 0)]
[02-12 12:14:25]exec_sql_direct [SQL]: [insert stat_log (login_num , play_num, wgplay_num) values (1, 1, 0)]
[02-12 12:14:35]exec_sql_direct [SQL]: [insert stat_log (login_num , play_num, wgplay_num) values (1, 1, 0)]
[02-12 12:14:45]exec_sql_direct [SQL]: [insert stat_log (login_num , play_num, wgplay_num) values (1, 1, 0)]
[02-12 12:14:55]exec_sql_direct [SQL]: [insert stat_log (login_num , play_num, wgplay_num) values (1, 1, 0)]
[02-12 12:15:05]exec_sql_direct [SQL]: [insert stat_log (login_num , play_num, wgplay_num) values (1, 1, 0)]
[02-12 12:15:15]exec_sql_direct [SQL]: [insert stat_log (login_num , play_num, wgplay_num) values (1, 1, 0)]
[02-12 12:15:25]exec_sql_direct [SQL]: [insert stat_log (login_num , play_num, wgplay_num) values (1, 1, 0)]
[02-12 12:15:35]exec_sql_direct [SQL]: [insert stat_log (login_num , play_num, wgplay_num) values (1, 1, 0)]
[02-12 12:15:45]exec_sql_direct [SQL]: [insert stat_log (login_num , play_num, wgplay_num) values (1, 1, 0)]
[02-12 12:15:55]exec_sql_direct [SQL]: [insert stat_log (login_num , play_num, wgplay_num) values (1, 1, 0)]
[02-12 12:16:05]exec_sql_direct [SQL]: [insert stat_log (login_num , play_num, wgplay_num) values (1, 1, 0)]
[02-12 12:16:15]exec_sql_direct [SQL]: [insert stat_log (login_num , play_num, wgplay_num) values (1, 1, 0)]
[02-12 12:16:25]exec_sql_direct [SQL]: [insert stat_log (login_num , play_num, wgplay_num) values (1, 1, 0)]
[02-12 12:16:35]exec_sql_direct [SQL]: [insert stat_log (login_num , play_num, wgplay_num) values (1, 1, 0)]
[02-12 12:16:45]exec_sql_direct [SQL]: [insert stat_log (login_num , play_num, wgplay_num) values (1, 1, 0)]
[02-12 12:16:55]exec_sql_direct [SQL]: [insert stat_log (login_num , play_num, wgplay_num) values (1, 1, 0)]
[02-12 12:17:05]exec_sql_direct [SQL]: [insert stat_log (login_num , play_num, wgplay_num) values (1, 1, 0)]
[02-12 12:17:15]exec_sql_direct [SQL]: [insert stat_log (login_num , play_num, wgplay_num) values (1, 1, 0)]
[02-12 12:17:25]exec_sql_direct [SQL]: [insert stat_log (login_num , play_num, wgplay_num) values (1, 1, 0)]
[02-12 12:17:35]exec_sql_direct [SQL]: [insert stat_log (login_num , play_num, wgplay_num) values (1, 1, 0)]
[02-12 12:17:45]exec_sql_direct [SQL]: [insert stat_log (login_num , play_num, wgplay_num) values (1, 1, 0)]
[02-12 12:17:55]exec_sql_direct [SQL]: [insert stat_log (login_num , play_num, wgplay_num) values (1, 1, 0)]
[02-12 12:18:05]exec_sql_direct [SQL]: [insert stat_log (login_num , play_num, wgplay_num) values (1, 1, 0)]
[02-12 12:18:15]exec_sql_direct [SQL]: [insert stat_log (login_num , play_num, wgplay_num) values (1, 1, 0)]
[02-12 12:18:25]exec_sql_direct [SQL]: [insert stat_log (login_num , play_num, wgplay_num) values (1, 1, 0)]
[02-12 12:18:35]exec_sql_direct [SQL]: [insert stat_log (login_num , play_num, wgplay_num) values (1, 1, 0)]
[02-12 12:18:45]exec_sql_direct [SQL]: [insert stat_log (login_num , play_num, wgplay_num) values (1, 1, 0)]
[02-12 12:18:55]exec_sql_direct [SQL]: [insert stat_log (login_num , play_num, wgplay_num) values (1, 1, 0)]
[02-12 12:19:05]exec_sql_direct [SQL]: [insert stat_log (login_num , play_num, wgplay_num) values (1, 1, 0)]
[02-12 12:19:15]exec_sql_direct [SQL]: [insert stat_log (login_num , play_num, wgplay_num) values (1, 1, 0)]
[02-12 12:19:25]exec_sql_direct [SQL]: [insert stat_log (login_num , play_num, wgplay_num) values (1, 1, 0)]
[02-12 12:19:35]exec_sql_direct [SQL]: [insert stat_log (login_num , play_num, wgplay_num) values (1, 1, 0)]
[02-12 12:19:39]exec_sql_direct [SQL]: [update character set mem_addr =0 where cha_id =1]
[02-12 12:19:39]_get_row [SQL]: [select act_id,gm,cha_ids,password,last_ip,disc_reason,convert(varchar(20),last_leave,120) from account (nolock)  where act_name='admin']
[02-12 12:19:39]_get_row [SQL]: [select  @@ROWCOUNT ]
[02-12 12:19:39]_get_row [SQL]: [select c.cha_name,c.motto,c.icon,				  case when c.guild_stat =0 then c.guild_id else 0 end,				  case when c.guild_stat <>0 or c.guild_id =0 then '' else g.guild_name end,				  c.job,c.degree,c.map,c.map_x,c.map_y,c.look,c.str,c.dex,c.agi,c.con,c.sta,c.luk,c.guild_permission,c.chatColour from character c,guild g (nolock)  where c.guild_id =g.guild_id and c.cha_id=1]
[02-12 12:19:39]_get_row [SQL]: [select  @@ROWCOUNT ]
[02-12 12:19:39]_get_row [SQL]: [select c.cha_name,c.motto,c.icon,				  case when c.guild_stat =0 then c.guild_id else 0 end,				  case when c.guild_stat <>0 or c.guild_id =0 then '' else g.guild_name end,				  c.job,c.degree,c.map,c.map_x,c.map_y,c.look,c.str,c.dex,c.agi,c.con,c.sta,c.luk,c.guild_permission,c.chatColour from character c,guild g (nolock)  where c.guild_id =g.guild_id and c.cha_id=2]
[02-12 12:19:39]_get_row [SQL]: [select  @@ROWCOUNT ]
[02-12 12:19:39]_get_row [SQL]: [select c.cha_name,c.motto,c.icon,				  case when c.guild_stat =0 then c.guild_id else 0 end,				  case when c.guild_stat <>0 or c.guild_id =0 then '' else g.guild_name end,				  c.job,c.degree,c.map,c.map_x,c.map_y,c.look,c.str,c.dex,c.agi,c.con,c.sta,c.luk,c.guild_permission,c.chatColour from character c,guild g (nolock)  where c.guild_id =g.guild_id and c.cha_id=5]
[02-12 12:19:39]_get_row [SQL]: [select  @@ROWCOUNT ]
[02-12 12:19:45]exec_sql_direct [SQL]: [insert stat_log (login_num , play_num, wgplay_num) values (1, 0, 0)]
[02-12 12:19:45]_get_row [SQL]: [select c.cha_name,c.motto,c.icon,				  case when c.guild_stat =0 then c.guild_id else 0 end,				  case when c.guild_stat <>0 or c.guild_id =0 then '' else g.guild_name end,				  c.job,c.degree,c.map,c.map_x,c.map_y,c.look,c.str,c.dex,c.agi,c.con,c.sta,c.luk,c.guild_permission,c.chatColour from character c,guild g (nolock)  where c.guild_id =g.guild_id and c.cha_id=2]
[02-12 12:19:45]_get_row [SQL]: [select  @@ROWCOUNT ]
[02-12 12:19:45]exec_sql_direct [SQL]: [update character set mem_addr =23469672 where cha_id =2]
[02-12 12:19:45]exec_sql_direct [SQL]: [update character set estop = getdate() where cha_id =2]
[02-12 12:19:45]_get_row [SQL]: [select estop from character (nolock)  where cha_id = 2 and dateadd(minute, estoptime, estop) > getdate()]
[02-12 12:19:45]SQL didn't fetch any data [select estop from character (nolock)  where cha_id = 2 and dateadd(minute, estoptime, estop) > getdate()]
[02-12 12:19:55]exec_sql_direct [SQL]: [insert stat_log (login_num , play_num, wgplay_num) values (1, 1, 0)]
[02-12 12:20:05]exec_sql_direct [SQL]: [insert stat_log (login_num , play_num, wgplay_num) values (1, 1, 0)]
[02-12 12:20:15]exec_sql_direct [SQL]: [insert stat_log (login_num , play_num, wgplay_num) values (1, 1, 0)]
[02-12 12:20:25]exec_sql_direct [SQL]: [insert stat_log (login_num , play_num, wgplay_num) values (1, 1, 0)]
[02-12 12:20:35]exec_sql_direct [SQL]: [insert stat_log (login_num , play_num, wgplay_num) values (1, 1, 0)]
[02-12 12:20:45]exec_sql_direct [SQL]: [insert stat_log (login_num , play_num, wgplay_num) values (1, 1, 0)]
[02-12 12:20:55]exec_sql_direct [SQL]: [insert stat_log (login_num , play_num, wgplay_num) values (1, 1, 0)]
[02-12 12:21:05]exec_sql_direct [SQL]: [insert stat_log (login_num , play_num, wgplay_num) values (1, 1, 0)]
[02-12 12:21:15]exec_sql_direct [SQL]: [insert stat_log (login_num , play_num, wgplay_num) values (1, 1, 0)]
[02-12 12:21:25]exec_sql_direct [SQL]: [insert stat_log (login_num , play_num, wgplay_num) values (1, 1, 0)]
[02-12 12:21:35]exec_sql_direct [SQL]: [insert stat_log (login_num , play_num, wgplay_num) values (1, 1, 0)]
[02-12 12:21:45]exec_sql_direct [SQL]: [insert stat_log (login_num , play_num, wgplay_num) values (1, 1, 0)]
[02-12 12:21:55]exec_sql_direct [SQL]: [insert stat_log (login_num , play_num, wgplay_num) values (1, 1, 0)]
[02-12 12:22:05]exec_sql_direct [SQL]: [insert stat_log (login_num , play_num, wgplay_num) values (1, 1, 0)]
[02-12 12:22:15]exec_sql_direct [SQL]: [insert stat_log (login_num , play_num, wgplay_num) values (1, 1, 0)]
[02-12 12:22:25]exec_sql_direct [SQL]: [insert stat_log (login_num , play_num, wgplay_num) values (1, 1, 0)]
[02-12 12:22:35]exec_sql_direct [SQL]: [insert stat_log (login_num , play_num, wgplay_num) values (1, 1, 0)]
[02-12 12:22:45]exec_sql_direct [SQL]: [insert stat_log (login_num , play_num, wgplay_num) values (1, 1, 0)]
[02-12 12:22:55]exec_sql_direct [SQL]: [insert stat_log (login_num , play_num, wgplay_num) values (1, 1, 0)]
[02-12 12:23:05]exec_sql_direct [SQL]: [insert stat_log (login_num , play_num, wgplay_num) values (1, 1, 0)]
[02-12 12:23:15]exec_sql_direct [SQL]: [insert stat_log (login_num , play_num, wgplay_num) values (1, 1, 0)]
[02-12 12:23:25]exec_sql_direct [SQL]: [insert stat_log (login_num , play_num, wgplay_num) values (1, 1, 0)]
[02-12 12:23:35]exec_sql_direct [SQL]: [insert stat_log (login_num , play_num, wgplay_num) values (1, 1, 0)]
[02-12 12:23:45]exec_sql_direct [SQL]: [insert stat_log (login_num , play_num, wgplay_num) values (1, 1, 0)]
[02-12 12:23:55]exec_sql_direct [SQL]: [insert stat_log (login_num , play_num, wgplay_num) values (1, 1, 0)]
[02-12 12:24:05]exec_sql_direct [SQL]: [insert stat_log (login_num , play_num, wgplay_num) values (1, 1, 0)]
[02-12 12:24:15]exec_sql_direct [SQL]: [insert stat_log (login_num , play_num, wgplay_num) values (1, 1, 0)]
[02-12 12:24:25]exec_sql_direct [SQL]: [insert stat_log (login_num , play_num, wgplay_num) values (1, 1, 0)]
[02-12 12:24:35]exec_sql_direct [SQL]: [insert stat_log (login_num , play_num, wgplay_num) values (1, 1, 0)]
[02-12 12:24:45]exec_sql_direct [SQL]: [insert stat_log (login_num , play_num, wgplay_num) values (1, 1, 0)]
[02-12 12:24:55]exec_sql_direct [SQL]: [insert stat_log (login_num , play_num, wgplay_num) values (1, 1, 0)]
[02-12 12:25:05]exec_sql_direct [SQL]: [insert stat_log (login_num , play_num, wgplay_num) values (1, 1, 0)]
[02-12 12:25:15]exec_sql_direct [SQL]: [insert stat_log (login_num , play_num, wgplay_num) values (1, 1, 0)]
[02-12 12:25:25]exec_sql_direct [SQL]: [insert stat_log (login_num , play_num, wgplay_num) values (1, 1, 0)]
[02-12 12:25:30]exec_sql_direct [SQL]: [update account set last_ip='127.0.0.1',disc_reason ='',last_leave =getdate() where act_id =1]
[02-12 12:25:30]exec_sql_direct [SQL]: [update character set mem_addr =0 where cha_id =2]
[02-12 12:25:35]exec_sql_direct [SQL]: [insert stat_log (login_num , play_num, wgplay_num) values (0, 0, 0)]
[02-12 12:25:45]exec_sql_direct [SQL]: [insert stat_log (login_num , play_num, wgplay_num) values (0, 0, 0)]
[02-12 12:25:55]exec_sql_direct [SQL]: [insert stat_log (login_num , play_num, wgplay_num) values (0, 0, 0)]
[02-12 12:26:05]exec_sql_direct [SQL]: [insert stat_log (login_num , play_num, wgplay_num) values (0, 0, 0)]
[02-12 12:26:15]exec_sql_direct [SQL]: [insert stat_log (login_num , play_num, wgplay_num) values (0, 0, 0)]
[02-12 12:26:18]exec_sql_direct [SQL]: [drop trigger [TR_D_Character_Friends]]
[02-12 12:26:18]exec_sql_direct [SQL]: [drop trigger [TR_I_Character]]
[02-12 12:26:18]exec_sql_direct [SQL]: [CREATE TRIGGER TR_D_Character_Friends ON character 
				FOR DELETE 
				AS
				BEGIN
					declare @@stat tinyint
					declare @@gid  int
					select @@stat =guild_stat,@@gid =guild_id from deleted
					DELETE friends where friends.cha_id1 IN(select cha_id from deleted)
					if(@@gid >0)
					BEGIN
						update guild set try_total =try_total -(case when @@stat>0 then 1 else 0 end),
								member_total =member_total -(case when @@stat >0 then 0 else 1 end)
							where guild_id >0 and guild_id =@@gid
					END
				END
		]
[02-12 12:26:18]exec_sql_direct [SQL]: [CREATE TRIGGER TR_I_Character ON character
				FOR INSERT
				AS
				BEGIN
					declare @l_icon smallint
					select @l_icon =convert(smallint,SUBSTRING(inserted.look,5,1)) from inserted
					update character set icon =@l_icon where cha_id in (select cha_id from inserted)
				END
		]
[02-12 12:26:18]_get_row [SQL]: [select count(*) from guild (nolock) ]
[02-12 12:26:18]_get_row [SQL]: [select  @@ROWCOUNT ]
[02-12 12:26:18]exec_sql_direct [SQL]: [update character set mem_addr =0 where mem_addr != 0]
[02-12 12:26:25]exec_sql_direct [SQL]: [insert stat_log (login_num , play_num, wgplay_num) values (0, 0, 0)]
[02-12 12:26:26]exec_sql_direct [SQL]: [drop trigger [TR_D_Character_Friends]]
[02-12 12:26:26]exec_sql_direct [SQL]: [drop trigger [TR_I_Character]]
[02-12 12:26:26]exec_sql_direct [SQL]: [CREATE TRIGGER TR_D_Character_Friends ON character 
				FOR DELETE 
				AS
				BEGIN
					declare @@stat tinyint
					declare @@gid  int
					select @@stat =guild_stat,@@gid =guild_id from deleted
					DELETE friends where friends.cha_id1 IN(select cha_id from deleted)
					if(@@gid >0)
					BEGIN
						update guild set try_total =try_total -(case when @@stat>0 then 1 else 0 end),
								member_total =member_total -(case when @@stat >0 then 0 else 1 end)
							where guild_id >0 and guild_id =@@gid
					END
				END
		]
[02-12 12:26:26]exec_sql_direct [SQL]: [CREATE TRIGGER TR_I_Character ON character
				FOR INSERT
				AS
				BEGIN
					declare @l_icon smallint
					select @l_icon =convert(smallint,SUBSTRING(inserted.look,5,1)) from inserted
					update character set icon =@l_icon where cha_id in (select cha_id from inserted)
				END
		]
[02-12 12:26:26]_get_row [SQL]: [select count(*) from guild (nolock) ]
[02-12 12:26:26]_get_row [SQL]: [select  @@ROWCOUNT ]
[02-12 12:26:26]exec_sql_direct [SQL]: [update character set mem_addr =0 where mem_addr != 0]
[02-12 12:26:35]exec_sql_direct [SQL]: [insert stat_log (login_num , play_num, wgplay_num) values (0, 0, 0)]
[02-12 12:26:45]exec_sql_direct [SQL]: [insert stat_log (login_num , play_num, wgplay_num) values (0, 0, 0)]
[02-12 12:26:55]exec_sql_direct [SQL]: [insert stat_log (login_num , play_num, wgplay_num) values (0, 0, 0)]
[02-12 12:27:05]exec_sql_direct [SQL]: [insert stat_log (login_num , play_num, wgplay_num) values (0, 0, 0)]
[02-12 14:13:38]exec_sql_direct [SQL]: [drop trigger [TR_D_Character_Friends]]
[02-12 14:13:38]exec_sql_direct [SQL]: [drop trigger [TR_I_Character]]
[02-12 14:13:38]exec_sql_direct [SQL]: [CREATE TRIGGER TR_D_Character_Friends ON character 
				FOR DELETE 
				AS
				BEGIN
					declare @@stat tinyint
					declare @@gid  int
					select @@stat =guild_stat,@@gid =guild_id from deleted
					DELETE friends where friends.cha_id1 IN(select cha_id from deleted)
					if(@@gid >0)
					BEGIN
						update guild set try_total =try_total -(case when @@stat>0 then 1 else 0 end),
								member_total =member_total -(case when @@stat >0 then 0 else 1 end)
							where guild_id >0 and guild_id =@@gid
					END
				END
		]
[02-12 14:13:38]exec_sql_direct [SQL]: [CREATE TRIGGER TR_I_Character ON character
				FOR INSERT
				AS
				BEGIN
					declare @l_icon smallint
					select @l_icon =convert(smallint,SUBSTRING(inserted.look,5,1)) from inserted
					update character set icon =@l_icon where cha_id in (select cha_id from inserted)
				END
		]
[02-12 14:13:38]_get_row [SQL]: [select count(*) from guild (nolock) ]
[02-12 14:13:38]_get_row [SQL]: [select  @@ROWCOUNT ]
[02-12 14:13:38]exec_sql_direct [SQL]: [update character set mem_addr =0 where mem_addr != 0]
[02-12 14:13:48]exec_sql_direct [SQL]: [insert stat_log (login_num , play_num, wgplay_num) values (0, 0, 0)]
[02-12 14:13:58]exec_sql_direct [SQL]: [insert stat_log (login_num , play_num, wgplay_num) values (0, 0, 0)]
[02-12 14:14:08]exec_sql_direct [SQL]: [insert stat_log (login_num , play_num, wgplay_num) values (0, 0, 0)]
[02-12 14:14:18]exec_sql_direct [SQL]: [insert stat_log (login_num , play_num, wgplay_num) values (0, 0, 0)]
[02-12 14:14:28]exec_sql_direct [SQL]: [insert stat_log (login_num , play_num, wgplay_num) values (0, 0, 0)]
[02-12 14:14:38]exec_sql_direct [SQL]: [insert stat_log (login_num , play_num, wgplay_num) values (0, 0, 0)]
[02-12 14:14:48]exec_sql_direct [SQL]: [insert stat_log (login_num , play_num, wgplay_num) values (0, 0, 0)]
[02-12 14:14:58]exec_sql_direct [SQL]: [insert stat_log (login_num , play_num, wgplay_num) values (0, 0, 0)]
[02-12 14:15:08]exec_sql_direct [SQL]: [insert stat_log (login_num , play_num, wgplay_num) values (0, 0, 0)]
[02-12 14:15:11]_get_row [SQL]: [select act_id,gm,cha_ids,password,last_ip,disc_reason,convert(varchar(20),last_leave,120) from account (nolock)  where act_name='skulkills']
[02-12 14:15:11]SQL didn't fetch any data [select act_id,gm,cha_ids,password,last_ip,disc_reason,convert(varchar(20),last_leave,120) from account (nolock)  where act_name='skulkills']
[02-12 14:15:11]_get_row3 [SQL]: [select TOP 1 act_id from account ORDER BY act_id DESC]
[02-12 14:15:11]exec_sql_direct [SQL]: [insert account (act_id, act_name, cha_ids) values (3, 'skulkills', '0')]
[02-12 14:15:18]exec_sql_direct [SQL]: [insert stat_log (login_num , play_num, wgplay_num) values (0, 0, 0)]
[02-12 14:15:22]_get_row [SQL]: [select act_id,gm,cha_ids,password,last_ip,disc_reason,convert(varchar(20),last_leave,120) from account (nolock)  where act_name='skulkills']
[02-12 14:15:22]_get_row [SQL]: [select  @@ROWCOUNT ]
[02-12 14:15:28]exec_sql_direct [SQL]: [insert stat_log (login_num , play_num, wgplay_num) values (1, 0, 0)]
[02-12 14:15:36]exec_sql_direct [SQL]: [update account set password='670B14728AD9902AECBA32E22FA4F6BD' where act_id=3]
[02-12 14:15:38]exec_sql_direct [SQL]: [insert stat_log (login_num , play_num, wgplay_num) values (1, 0, 0)]
[02-12 14:15:48]exec_sql_direct [SQL]: [insert stat_log (login_num , play_num, wgplay_num) values (1, 0, 0)]
[02-12 14:15:58]exec_sql_direct [SQL]: [insert stat_log (login_num , play_num, wgplay_num) values (1, 0, 0)]
[02-12 14:16:08]exec_sql_direct [SQL]: [insert stat_log (login_num , play_num, wgplay_num) values (1, 0, 0)]
[02-12 14:16:18]exec_sql_direct [SQL]: [insert stat_log (login_num , play_num, wgplay_num) values (1, 0, 0)]
[02-12 14:16:28]exec_sql_direct [SQL]: [insert stat_log (login_num , play_num, wgplay_num) values (1, 0, 0)]
[02-12 14:16:38]exec_sql_direct [SQL]: [insert stat_log (login_num , play_num, wgplay_num) values (1, 0, 0)]
[02-12 14:16:48]exec_sql_direct [SQL]: [insert stat_log (login_num , play_num, wgplay_num) values (1, 0, 0)]
[02-12 14:16:58]exec_sql_direct [SQL]: [insert stat_log (login_num , play_num, wgplay_num) values (1, 0, 0)]
[02-12 14:17:08]exec_sql_direct [SQL]: [insert stat_log (login_num , play_num, wgplay_num) values (1, 0, 0)]
[02-12 14:17:18]exec_sql_direct [SQL]: [insert stat_log (login_num , play_num, wgplay_num) values (1, 0, 0)]
[02-12 14:17:28]exec_sql_direct [SQL]: [insert stat_log (login_num , play_num, wgplay_num) values (1, 0, 0)]
[02-12 14:17:38]exec_sql_direct [SQL]: [insert stat_log (login_num , play_num, wgplay_num) values (1, 0, 0)]
[02-12 14:17:48]exec_sql_direct [SQL]: [insert stat_log (login_num , play_num, wgplay_num) values (1, 0, 0)]
[02-12 14:17:58]exec_sql_direct [SQL]: [insert stat_log (login_num , play_num, wgplay_num) values (1, 0, 0)]
[02-12 14:18:08]exec_sql_direct [SQL]: [insert stat_log (login_num , play_num, wgplay_num) values (1, 0, 0)]
[02-12 14:18:18]exec_sql_direct [SQL]: [insert stat_log (login_num , play_num, wgplay_num) values (1, 0, 0)]
[02-12 14:18:22]exec_sql_direct [SQL]: [insert character (cha_name, act_id, birth,map,look) values ('DelmonGates', 3, 'Argent City','garner', '112#2,2068;0,0,0,0,0,0,0,0,0,0,0,0,0;0,0,0,2555,0,0,0,0,0,0,0,0,0;0,0,0,0,0,0,0,0,0,0,0,0,0;0,0,0,0,0,0,0,0,0,0,0,0,0;0,0,0,0,0,0,0,0,0,0,0,0,0;0,0,0,0,0,0,0,0,0,0,0,0,0;0,0,0,0,0,0,0,0,0,0,0,0,0;0,0,0,0,0,0,0,0,0,0,0,0,0;0,0,0,0,0,0,0,0,0,0,0,0,0;0,0,0,0,0,0,0,0,0,0,0,0,0;0,0,0,0,0,0,0,0,0,0,0,0,0;0,0,0,0,0,0,0,0,0,0,0,0,0;0,0,0,0,0,0,0,0,0,0,0,0,0;0,0,0,0,0,0,0,0,0,0,0,0,0;0,0,0,0,0,0,0,0,0,0,0,0,0;0,0,0,0,0,0,0,0,0,0,0,0,0;0,0,0,0,0,0,0,0,0,0,0,0,0;0,0,0,0,0,0,0,0,0,0,0,0,0;0,0,0,0,0,0,0,0,0,0,0,0,0;0,0,0,0,0,0,0,0,0,0,0,0,0;0,0,0,0,0,0,0,0,0,0,0,0,0;0,0,0,0,0,0,0,0,0,0,0,0,0;0,0,0,0,0,0,0,0,0,0,0,0,0;0,0,0,0,0,0,0,0,0,0,0,0,0;0,0,0,0,0,0,0,0,0,0,0,0,0;0,0,0,0,0,0,0,0,0,0,0,0,0;0,0,0,0,0,0,0,0,0,0,0,0,0;0,0,0,0,0,0,0,0,0,0,0,0,0;0,0,0,0,0,0,0,0,0,0,0,0,0;0,0,0,0,0,0,0,0,0,0,0,0,0;0,0,0,0,0,0,0,0,0,0,0,0,0;0,0,0,0,0,0,0,0,0,0,0,0,0;0,0,0,0,0,0,0,0,0,0,0,0,0;0,0,0,0,0,0,0,0,0,0,0,0,0;4625')]
[02-12 14:18:22]_get_row [SQL]: [select cha_id,motto,icon from character (nolock)  where cha_name='DelmonGates']
[02-12 14:18:22]_get_row [SQL]: [select  @@ROWCOUNT ]
[02-12 14:18:22]exec_sql_direct [SQL]: [update account set cha_ids='6;' where act_id=3]
[02-12 14:18:28]exec_sql_direct [SQL]: [insert stat_log (login_num , play_num, wgplay_num) values (1, 0, 0)]
[02-12 14:18:35]_get_row [SQL]: [select c.cha_name,c.motto,c.icon,				  case when c.guild_stat =0 then c.guild_id else 0 end,				  case when c.guild_stat <>0 or c.guild_id =0 then '' else g.guild_name end,				  c.job,c.degree,c.map,c.map_x,c.map_y,c.look,c.str,c.dex,c.agi,c.con,c.sta,c.luk,c.guild_permission,c.chatColour from character c,guild g (nolock)  where c.guild_id =g.guild_id and c.cha_id=6]
[02-12 14:18:35]_get_row [SQL]: [select  @@ROWCOUNT ]
[02-12 14:18:35]exec_sql_direct [SQL]: [update character set mem_addr =18951104 where cha_id =6]
[02-12 14:18:35]exec_sql_direct [SQL]: [update character set estop = getdate() where cha_id =6]
[02-12 14:18:35]_get_row [SQL]: [select estop from character (nolock)  where cha_id = 6 and dateadd(minute, estoptime, estop) > getdate()]
[02-12 14:18:35]SQL didn't fetch any data [select estop from character (nolock)  where cha_id = 6 and dateadd(minute, estoptime, estop) > getdate()]
[02-12 14:18:38]exec_sql_direct [SQL]: [insert stat_log (login_num , play_num, wgplay_num) values (1, 1, 0)]
[02-12 14:18:48]exec_sql_direct [SQL]: [insert stat_log (login_num , play_num, wgplay_num) values (1, 1, 0)]
[02-12 14:18:58]exec_sql_direct [SQL]: [insert stat_log (login_num , play_num, wgplay_num) values (1, 1, 0)]
[02-12 14:19:08]exec_sql_direct [SQL]: [insert stat_log (login_num , play_num, wgplay_num) values (1, 1, 0)]
[02-12 14:19:18]exec_sql_direct [SQL]: [insert stat_log (login_num , play_num, wgplay_num) values (1, 1, 0)]
[02-12 14:19:28]exec_sql_direct [SQL]: [insert stat_log (login_num , play_num, wgplay_num) values (1, 1, 0)]
[02-12 14:19:38]exec_sql_direct [SQL]: [insert stat_log (login_num , play_num, wgplay_num) values (1, 1, 0)]
[02-12 14:19:48]exec_sql_direct [SQL]: [insert stat_log (login_num , play_num, wgplay_num) values (1, 1, 0)]
[02-12 14:19:52]exec_sql_direct [SQL]: [update character set mem_addr =0 where cha_id =6]
[02-12 14:19:52]exec_sql_direct [SQL]: [update account set last_ip='127.0.0.1',disc_reason ='',last_leave =getdate() where act_id =3]
[02-12 14:19:58]exec_sql_direct [SQL]: [insert stat_log (login_num , play_num, wgplay_num) values (0, 0, 0)]
[02-12 14:20:08]exec_sql_direct [SQL]: [insert stat_log (login_num , play_num, wgplay_num) values (0, 0, 0)]
[02-12 14:20:18]exec_sql_direct [SQL]: [insert stat_log (login_num , play_num, wgplay_num) values (0, 0, 0)]
[02-12 14:20:28]exec_sql_direct [SQL]: [insert stat_log (login_num , play_num, wgplay_num) values (0, 0, 0)]
[02-12 14:20:38]exec_sql_direct [SQL]: [insert stat_log (login_num , play_num, wgplay_num) values (0, 0, 0)]
[02-12 14:20:48]exec_sql_direct [SQL]: [insert stat_log (login_num , play_num, wgplay_num) values (0, 0, 0)]
[02-12 14:20:58]exec_sql_direct [SQL]: [insert stat_log (login_num , play_num, wgplay_num) values (0, 0, 0)]
[02-12 14:21:08]exec_sql_direct [SQL]: [insert stat_log (login_num , play_num, wgplay_num) values (0, 0, 0)]
[02-12 14:21:18]exec_sql_direct [SQL]: [insert stat_log (login_num , play_num, wgplay_num) values (0, 0, 0)]
[02-12 14:21:28]exec_sql_direct [SQL]: [insert stat_log (login_num , play_num, wgplay_num) values (0, 0, 0)]
[02-12 14:21:38]exec_sql_direct [SQL]: [insert stat_log (login_num , play_num, wgplay_num) values (0, 0, 0)]
[02-12 14:21:48]exec_sql_direct [SQL]: [insert stat_log (login_num , play_num, wgplay_num) values (0, 0, 0)]
[02-12 14:21:58]exec_sql_direct [SQL]: [insert stat_log (login_num , play_num, wgplay_num) values (0, 0, 0)]
