[02-12 11:30:50]Log stream open success.
[02-12 11:30:50]
[02-12 11:30:52]
[02-12 11:30:57]
[02-12 11:30:59]
[02-12 11:31:04]
[02-12 11:31:06]
[02-12 11:31:08]Log stream open success.
[02-12 11:31:08]begin connect database
[02-12 11:31:11]
[02-12 11:31:13]
[02-12 11:31:18]
[02-12 11:31:20]
[02-12 11:31:25]
[02-12 11:31:26]File:..\src\GroupServerAppInit.cpp Line:152 desc:Unable to connect database

[02-12 11:31:27]
[02-12 11:31:30]Log stream open success.
[02-12 11:31:30]begin connect database
[02-12 11:31:32]
[02-12 11:31:34]
[02-12 11:31:39]
[02-12 11:31:41]
[02-12 11:31:46]
[02-12 11:31:48]File:..\src\GroupServerAppInit.cpp Line:152 desc:Unable to connect database

[02-12 11:31:48]
[02-12 11:31:53]
[02-12 11:31:54]Log stream open success.
[02-12 11:31:56]
[02-12 11:31:56]begin connect database
[02-12 11:32:01]
[02-12 11:32:03]
[02-12 11:32:08]
[02-12 11:32:10]
[02-12 11:32:12]File:..\src\GroupServerAppInit.cpp Line:152 desc:Unable to connect database

[02-12 11:32:15]
[02-12 11:32:17]
[02-12 11:32:17]Log stream open success.
[02-12 11:32:18]begin connect database
[02-12 11:32:22]
[02-12 11:32:24]
[02-12 11:32:29]
[02-12 11:32:31]
[02-12 11:32:36]File:..\src\GroupServerAppInit.cpp Line:152 desc:Unable to connect database

[02-12 11:32:36]
[02-12 11:32:38]
[02-12 11:32:43]
[02-12 11:32:45]
[02-12 11:32:50]
[02-12 11:32:52]
[02-12 11:32:57]
[02-12 11:32:59]
[02-12 11:33:04]
[02-12 11:33:06]
[02-12 11:33:11]
[02-12 11:33:13]
[02-12 11:33:18]
[02-12 11:33:20]
[02-12 11:33:25]
[02-12 11:33:27]
[02-12 11:33:32]
[02-12 11:33:34]
[02-12 11:33:39]
[02-12 11:33:41]
[02-12 11:33:46]
[02-12 11:33:48]
[02-12 11:33:53]
[02-12 11:33:55]
[02-12 11:34:00]
[02-12 11:34:02]
[02-12 11:34:07]
[02-12 11:34:10]
[02-12 11:34:15]
[02-12 11:34:17]
[02-12 11:34:22]
[02-12 11:34:24]
[02-12 11:34:29]
[02-12 11:34:31]
[02-12 11:34:36]
[02-12 11:34:38]
[02-12 11:34:43]
[02-12 11:34:45]
[02-12 11:34:50]
[02-12 11:34:52]
[02-12 11:34:57]
[02-12 11:34:59]
[02-12 11:35:04]
[02-12 11:35:06]
[02-12 11:35:11]
[02-12 11:35:13]
[02-12 11:35:18]
[02-12 11:35:20]
[02-12 11:35:25]
[02-12 11:35:25]Log stream open success.
[02-12 11:35:27]
[02-12 11:35:32]
[02-12 11:35:34]
[02-12 11:35:39]
[02-12 11:35:41]
[02-12 11:35:43]Log stream close success.
[02-12 11:35:46]
[02-12 11:35:48]
[02-12 11:35:53]
[02-12 11:35:55]
[02-12 11:36:00]
[02-12 11:36:02]
[02-12 11:36:07]
[02-12 11:36:09]
[02-12 11:36:14]
[02-12 11:36:16]
[02-12 11:36:21]
[02-12 11:36:23]
[02-12 11:36:28]
[02-12 11:36:30]
[02-12 11:36:30]Log stream open success.
[02-12 11:36:35]
[02-12 11:36:36]Log stream open success.
[02-12 11:36:36]begin connect database
[02-12 11:36:37]
[02-12 11:36:42]
[02-12 11:36:44]
[02-12 11:36:46]Log stream close success.
[02-12 11:36:49]
[02-12 11:36:51]
[02-12 11:36:54]File:..\src\GroupServerAppInit.cpp Line:152 desc:Unable to connect database

[02-12 11:36:56]
[02-12 11:36:58]
[02-12 11:37:03]
[02-12 11:37:05]
[02-12 11:37:10]
[02-12 11:37:12]
[02-12 11:37:17]
[02-12 11:37:19]
[02-12 11:37:23]Log stream open success.
[02-12 11:37:24]
[02-12 11:37:25]Log stream open success.
[02-12 11:37:25]begin connect database
[02-12 11:37:26]
[02-12 11:37:31]
[02-12 11:37:34]
[02-12 11:37:39]
[02-12 11:37:39]Log stream close success.
[02-12 11:37:40]Log stream open success.
[02-12 11:37:41]
[02-12 11:37:43]File:..\src\GroupServerAppInit.cpp Line:152 desc:Unable to connect database

[02-12 11:37:46]
[02-12 11:37:48]Log stream open success.
[02-12 11:37:48]
[02-12 11:37:48]begin connect database
[02-12 11:37:53]
[02-12 11:37:55]
[02-12 11:37:56]Log stream close success.
[02-12 11:37:56]Log stream open success.
[02-12 11:38:00]
[02-12 11:38:02]
[02-12 11:38:05]File:..\src\GroupServerAppInit.cpp Line:152 desc:Unable to connect database

[02-12 11:38:07]
[02-12 11:38:09]
[02-12 11:38:10]Log stream open success.
[02-12 11:38:10]begin connect database
[02-12 11:38:12]Log stream close success.
[02-12 11:38:13]Log stream open success.
[02-12 11:38:14]
[02-12 11:38:16]
[02-12 11:38:21]
[02-12 11:38:23]
[02-12 11:38:26]Log stream close success.
[02-12 11:38:27]Log stream open success.
[02-12 11:38:28]File:..\src\GroupServerAppInit.cpp Line:152 desc:Unable to connect database

[02-12 11:38:28]
[02-12 11:38:30]
[02-12 11:38:32]Log stream open success.
[02-12 11:38:32]begin connect database
[02-12 11:38:35]
[02-12 11:38:37]
[02-12 11:38:42]
[02-12 11:38:44]Log stream close success.
[02-12 11:38:44]
[02-12 11:38:44]Log stream open success.
[02-12 11:38:49]
[02-12 11:38:50]File:..\src\GroupServerAppInit.cpp Line:152 desc:Unable to connect database

[02-12 11:38:51]
[02-12 11:38:53]Log stream open success.
[02-12 11:38:54]begin connect database
[02-12 11:38:56]
[02-12 11:38:58]
[02-12 11:39:00]Log stream close success.
[02-12 11:39:00]Log stream open success.
[02-12 11:39:03]
[02-12 11:39:05]
[02-12 11:39:10]
[02-12 11:39:12]File:..\src\GroupServerAppInit.cpp Line:152 desc:Unable to connect database

[02-12 11:39:12]
[02-12 11:39:14]Log stream close success.
[02-12 11:39:15]Log stream open success.
[02-12 11:39:17]
[02-12 11:39:17]Log stream open success.
[02-12 11:39:18]begin connect database
[02-12 11:39:19]
[02-12 11:39:24]
[02-12 11:39:26]
[02-12 11:39:30]Log stream close success.
[02-12 11:39:31]Log stream open success.
[02-12 11:39:31]
[02-12 11:39:33]
[02-12 11:39:35]File:..\src\GroupServerAppInit.cpp Line:152 desc:Unable to connect database

[02-12 11:39:38]
[02-12 11:39:40]Log stream open success.
[02-12 11:39:40]begin connect database
[02-12 11:39:40]
[02-12 11:39:45]
[02-12 11:39:47]
[02-12 11:39:48]Log stream close success.
[02-12 11:39:50]Log stream open success.
[02-12 11:39:52]
[02-12 11:39:54]
[02-12 11:39:59]File:..\src\GroupServerAppInit.cpp Line:152 desc:Unable to connect database

[02-12 11:39:59]
[02-12 11:40:02]
[02-12 11:40:04]Log stream close success.
[02-12 11:40:05]Log stream open success.
[02-12 11:40:07]
[02-12 11:40:07]Log stream open success.
[02-12 11:40:07]begin connect database
[02-12 11:40:09]
[02-12 11:40:14]
[02-12 11:40:16]
[02-12 11:40:20]Log stream close success.
[02-12 11:40:21]Log stream open success.
[02-12 11:40:21]
[02-12 11:40:23]
[02-12 11:40:25]File:..\src\GroupServerAppInit.cpp Line:152 desc:Unable to connect database

[02-12 11:40:28]
[02-12 11:40:29]Log stream open success.
[02-12 11:40:29]begin connect database
[02-12 11:40:30]
[02-12 11:40:35]
[02-12 11:40:36]Log stream close success.
[02-12 11:40:37]
[02-12 11:40:42]
[02-12 11:40:44]
[02-12 11:40:47]File:..\src\GroupServerAppInit.cpp Line:152 desc:Unable to connect database

[02-12 11:40:49]
[02-12 11:40:51]
[02-12 11:40:56]
[02-12 11:40:58]
[02-12 11:41:03]
[02-12 11:41:05]
[02-12 11:41:10]
[02-12 11:41:12]
[02-12 11:41:17]
[02-12 11:41:19]
[02-12 11:41:24]
[02-12 11:41:26]
[02-12 11:41:31]
[02-12 11:41:33]
[02-12 11:41:38]
[02-12 11:41:40]
[02-12 11:41:45]
[02-12 11:41:47]
[02-12 11:41:52]
[02-12 11:41:54]
[02-12 11:41:59]
[02-12 11:42:01]
[02-12 11:42:06]
[02-12 11:42:08]
[02-12 11:42:13]
[02-12 11:42:15]
[02-12 11:42:20]
[02-12 11:42:23]
[02-12 11:42:28]
[02-12 11:42:30]
[02-12 11:42:35]
[02-12 11:42:37]
[02-12 11:42:42]
[02-12 11:42:44]
[02-12 11:42:49]
[02-12 11:42:51]
[02-12 11:42:56]
[02-12 11:42:58]
[02-12 11:43:03]
[02-12 11:43:05]
[02-12 11:43:10]
[02-12 11:43:12]
[02-12 11:43:17]
[02-12 11:43:19]
[02-12 11:43:24]
[02-12 11:43:26]
[02-12 11:43:31]
[02-12 11:43:33]
[02-12 11:43:38]
[02-12 11:43:40]
[02-12 11:43:45]
[02-12 11:43:47]
[02-12 11:43:52]
[02-12 11:43:54]
[02-12 11:43:59]
[02-12 11:44:01]
[02-12 11:44:06]
[02-12 11:44:08]
[02-12 11:44:13]
[02-12 11:44:15]
[02-12 11:44:20]
[02-12 11:44:22]
[02-12 11:44:27]
[02-12 11:44:29]
[02-12 11:44:34]
[02-12 11:44:36]
[02-12 11:44:41]
[02-12 11:44:43]
[02-12 11:44:48]
[02-12 11:44:50]
[02-12 11:44:55]
[02-12 11:44:57]
[02-12 11:45:02]Log stream open success.
[02-12 11:45:02]
[02-12 11:45:04]
[02-12 11:45:09]
[02-12 11:45:12]
[02-12 11:45:17]
[02-12 11:45:17]Log stream close success.
[02-12 11:45:17]Log stream open success.
[02-12 11:45:19]
[02-12 11:45:24]
[02-12 11:45:26]
[02-12 11:45:31]
[02-12 11:45:33]
[02-12 11:45:33]Log stream close success.
[02-12 11:45:34]Log stream open success.
[02-12 11:45:38]
[02-12 11:45:40]
[02-12 11:45:45]
[02-12 11:45:47]
[02-12 11:45:50]Log stream close success.
[02-12 11:45:50]Log stream open success.
[02-12 11:45:52]
[02-12 11:45:54]
[02-12 11:45:59]
[02-12 11:46:01]
[02-12 11:46:06]
[02-12 11:46:06]Log stream close success.
[02-12 11:46:08]
[02-12 11:46:13]
[02-12 11:46:15]
[02-12 11:46:20]
[02-12 11:46:22]
[02-12 11:46:27]
[02-12 11:46:29]
[02-12 11:46:34]
[02-12 11:46:36]
[02-12 11:46:41]
[02-12 11:46:43]
[02-12 11:46:48]
[02-12 11:46:50]
[02-12 11:46:55]
[02-12 11:46:57]
[02-12 11:47:02]
[02-12 11:47:04]
[02-12 11:47:09]
[02-12 11:47:11]
[02-12 11:47:16]
[02-12 11:47:18]
[02-12 11:47:23]
[02-12 11:47:25]
[02-12 11:47:30]
[02-12 11:47:32]
[02-12 11:47:37]
[02-12 11:47:39]
[02-12 11:47:44]
[02-12 11:47:46]
[02-12 11:47:51]
[02-12 11:47:53]
[02-12 11:47:58]
[02-12 11:48:00]
[02-12 11:48:05]
[02-12 11:48:07]
[02-12 11:48:12]
[02-12 11:48:14]
[02-12 11:48:19]
[02-12 11:48:21]
[02-12 11:48:26]
[02-12 11:48:28]
[02-12 11:48:33]
[02-12 11:48:35]
[02-12 11:48:40]
[02-12 11:48:43]
[02-12 11:48:48]
[02-12 11:48:50]
[02-12 11:48:55]
[02-12 11:48:57]
[02-12 11:49:02]
[02-12 11:49:04]
[02-12 11:49:09]
[02-12 11:49:11]
[02-12 11:49:16]
[02-12 11:49:18]
[02-12 11:49:23]
[02-12 11:49:25]
[02-12 11:49:30]
[02-12 11:49:32]
[02-12 11:49:37]
[02-12 11:49:39]
[02-12 11:49:44]
[02-12 11:49:46]
[02-12 11:49:51]
[02-12 11:49:53]
[02-12 11:49:58]
[02-12 11:50:00]
[02-12 11:50:05]
[02-12 11:50:07]
[02-12 11:50:12]
[02-12 11:50:14]
[02-12 11:50:19]
[02-12 11:50:21]
[02-12 11:50:26]
[02-12 11:50:28]
[02-12 11:50:33]
[02-12 11:50:35]
[02-12 11:50:40]
[02-12 11:50:42]
[02-12 11:50:47]
[02-12 11:50:49]
[02-12 11:50:54]
[02-12 11:50:56]
[02-12 11:51:01]
[02-12 11:51:03]
[02-12 11:51:08]
[02-12 11:51:10]
[02-12 11:51:15]
[02-12 11:51:17]
[02-12 11:51:20]Log stream open success.
[02-12 11:51:20]begin connect database
[02-12 11:51:22]
[02-12 11:51:24]
[02-12 11:51:25]Log stream open success.
[02-12 11:51:29]
[02-12 11:51:31]
[02-12 11:51:36]
[02-12 11:51:38]File:..\src\GroupServerAppInit.cpp Line:152 desc:Unable to connect database

[02-12 11:51:38]
[02-12 11:51:42]Log stream close success.
[02-12 11:51:42]Log stream open success.
[02-12 11:51:43]
[02-12 11:51:44]Log stream open success.
[02-12 11:51:44]begin connect database
[02-12 11:51:45]
[02-12 11:51:50]
[02-12 11:51:52]
[02-12 11:51:57]
[02-12 11:51:59]Log stream close success.
[02-12 11:51:59]
[02-12 11:52:00]Log stream open success.
[02-12 11:52:01]File:..\src\GroupServerAppInit.cpp Line:152 desc:Unable to connect database

[02-12 11:52:04]
[02-12 11:52:05]Log stream open success.
[02-12 11:52:06]begin connect database
[02-12 11:52:06]
[02-12 11:52:08]Log stream open success.
[02-12 11:52:08]begin connect database
[02-12 11:52:11]
[02-12 11:52:13]
[02-12 11:52:16]Log stream close success.
[02-12 11:52:18]
[02-12 11:52:20]
[02-12 11:52:25]
[02-12 11:52:26]File:..\src\GroupServerAppInit.cpp Line:152 desc:Unable to connect database

[02-12 11:52:27]
[02-12 11:52:32]
[02-12 11:52:35]
[02-12 11:52:40]
[02-12 11:52:42]
[02-12 11:52:47]
[02-12 11:52:49]
[02-12 11:52:54]
[02-12 11:52:56]
[02-12 11:53:01]
[02-12 11:53:03]
[02-12 11:53:08]
[02-12 11:53:10]
[02-12 11:53:15]
[02-12 11:53:17]
[02-12 11:53:22]
[02-12 11:53:24]
[02-12 11:53:29]
[02-12 11:53:31]
[02-12 11:53:36]
[02-12 11:53:38]
[02-12 11:53:43]
[02-12 11:53:45]
[02-12 11:53:50]
[02-12 11:53:52]
[02-12 11:53:57]
[02-12 11:53:59]
[02-12 11:54:04]
[02-12 11:54:06]
[02-12 11:54:11]
[02-12 11:54:13]
[02-12 11:54:18]
[02-12 11:54:20]
[02-12 11:54:25]
[02-12 11:54:27]
[02-12 11:54:32]
[02-12 11:54:34]
[02-12 11:54:39]
[02-12 11:54:41]
[02-12 11:54:46]
[02-12 11:54:48]
[02-12 11:54:53]
[02-12 11:54:55]
[02-12 11:55:00]
[02-12 11:55:02]
[02-12 11:55:07]
[02-12 11:55:09]
[02-12 11:55:14]
[02-12 11:55:16]
[02-12 11:55:21]
[02-12 11:55:23]
[02-12 11:55:28]
[02-12 11:55:30]
[02-12 11:55:35]
[02-12 11:55:37]
[02-12 11:55:42]
[02-12 11:55:44]
[02-12 11:55:49]
[02-12 11:55:51]
[02-12 11:55:56]
[02-12 11:55:59]
[02-12 11:56:04]
[02-12 11:56:06]
[02-12 11:56:11]
[02-12 11:56:13]
[02-12 11:56:18]
[02-12 11:56:20]
[02-12 11:56:24]Log stream open success.
[02-12 11:56:24]begin connect database
[02-12 11:56:25]
[02-12 11:56:27]
[02-12 11:56:32]
[02-12 11:56:34]
[02-12 11:56:39]
[02-12 11:56:41]
[02-12 11:56:42]File:..\src\GroupServerAppInit.cpp Line:152 desc:Unable to connect database

[02-12 11:56:46]
[02-12 11:56:46]Log stream open success.
[02-12 11:56:46]begin connect database
[02-12 11:56:48]
[02-12 11:56:53]
[02-12 11:56:55]
[02-12 11:57:00]
[02-12 11:57:02]
[02-12 11:57:04]File:..\src\GroupServerAppInit.cpp Line:152 desc:Unable to connect database

[02-12 11:57:07]
[02-12 11:57:08]Log stream open success.
[02-12 11:57:08]begin connect database
[02-12 11:57:09]
[02-12 11:57:14]
[02-12 11:57:16]
[02-12 11:57:21]
[02-12 11:57:23]
[02-12 11:57:26]File:..\src\GroupServerAppInit.cpp Line:152 desc:Unable to connect database

[02-12 11:57:28]
[02-12 11:57:30]
[02-12 11:57:35]
[02-12 11:57:37]
[02-12 11:57:42]
[02-12 11:57:44]
[02-12 11:57:49]
[02-12 11:57:51]
[02-12 11:57:56]
[02-12 11:57:58]
[02-12 11:58:03]
[02-12 11:58:05]
[02-12 11:58:10]
[02-12 11:58:12]
[02-12 11:58:17]
[02-12 11:58:19]
[02-12 11:58:24]
[02-12 11:58:26]
[02-12 11:58:31]
[02-12 11:58:33]
[02-12 11:58:38]
[02-12 11:58:40]
[02-12 11:58:45]
[02-12 11:58:47]
[02-12 11:58:52]
[02-12 11:58:54]
[02-12 11:58:59]
[02-12 11:59:02]
[02-12 11:59:07]
[02-12 11:59:09]
[02-12 11:59:14]
[02-12 11:59:16]
[02-12 11:59:21]
[02-12 11:59:23]
[02-12 11:59:28]
[02-12 11:59:29]Log stream open success.
[02-12 11:59:29]begin connect database
[02-12 11:59:30]
[02-12 11:59:30]begin init AccountServer connect
[02-12 11:59:30]AccountServer:127.0.0.1,1978come ! Socket num:1
[02-12 11:59:30]begin read GroupServer.cfg
[02-12 11:59:30]begin load ChaNameFilter.txt
[02-12 11:59:30]begin listen port:1975
[02-12 11:59:30]open listen port:1975success, init is ok
[02-12 11:59:33]Log stream open success.
[02-12 11:59:35]
[02-12 11:59:35]connect GroupServer: 127.0.0.1,Socket num:1
[02-12 11:59:35]GateServer:127.0.0.1,17759come ! Socket num:2
[02-12 11:59:35]
[02-12 11:59:50]Log stream close success.
[02-12 11:59:51]Log stream open success.
[02-12 12:00:07]Log stream close success.
[02-12 12:00:08]Log stream open success.
[02-12 12:00:24]Log stream close success.
[02-12 12:00:25]Log stream open success.
[02-12 12:00:40]Log stream close success.
[02-12 12:00:40]Log stream open success.
[02-12 12:00:56]Log stream close success.
[02-12 12:00:57]Log stream open success.
[02-12 12:01:12]Log stream close success.
[02-12 12:01:13]Log stream open success.
[02-12 12:01:29]Log stream close success.
[02-12 12:01:29]Log stream open success.
[02-12 12:01:46]Log stream close success.
[02-12 12:01:47]Log stream open success.
[02-12 12:02:01]Log stream close success.
[02-12 12:02:02]Log stream open success.
[02-12 12:02:17]Log stream close success.
[02-12 12:02:17]Log stream open success.
[02-12 12:02:32]Log stream close success.
[02-12 12:04:57]AccountServer:127.0.0.1,1978go ! Socket num:1reason=(-3)The connection was closed by the other party.
[02-12 12:05:24]Log stream open success.
[02-12 12:05:24]begin connect database
[02-12 12:05:25]begin init AccountServer connect
[02-12 12:05:40]disconnection with GroupServer,Socket num: 0,reason =Remote host forcibly closed an existing connection., reconnecting...
[02-12 12:05:41]
[02-12 12:05:43]
[02-12 12:05:48]
[02-12 12:05:50]
[02-12 12:05:55]
[02-12 12:05:57]
[02-12 12:06:02]
[02-12 12:06:04]
[02-12 12:06:09]
[02-12 12:06:11]
[02-12 12:06:16]
[02-12 12:06:18]
[02-12 12:06:23]
[02-12 12:06:25]
[02-12 12:06:30]
[02-12 12:06:32]
[02-12 12:06:37]
[02-12 12:06:39]
[02-12 12:06:44]
[02-12 12:06:46]
[02-12 12:06:51]
[02-12 12:06:53]
[02-12 12:06:58]
[02-12 12:07:00]
[02-12 12:07:05]
[02-12 12:07:07]
[02-12 12:07:12]
[02-12 12:07:14]
