[02-12 11:30:50]Log stream open success.
[02-12 11:35:25]Log stream open success.
[02-12 11:35:43]Log stream close success.
[02-12 11:36:30]Log stream open success.
[02-12 11:36:46]Log stream close success.
[02-12 11:37:23]Log stream open success.
[02-12 11:37:38]GameServer= [127.0.0.1] come,Socket num= 1
[02-12 11:37:38]recieve GameServer [GameServer00] map string [garner;teampk;lonetower;abandonedcity;abandonedcity2;abandonedcity3;pkmap;ctf;egtown;07xmas2;jialebi;bountypk;] total [12]
[02-12 11:37:38]not found [garner] map!!!
[02-12 11:37:38]not found [teampk] map!!!
[02-12 11:37:38]not found [lonetower] map!!!
[02-12 11:37:38]not found [abandonedcity] map!!!
[02-12 11:37:38]not found [abandonedcity2] map!!!
[02-12 11:37:38]not found [abandonedcity3] map!!!
[02-12 11:37:38]not found [pkmap] map!!!
[02-12 11:37:38]not found [ctf] map!!!
[02-12 11:37:38]not found [egtown] map!!!
[02-12 11:37:38]not found [07xmas2] map!!!
[02-12 11:37:38]not found [jialebi] map!!!
[02-12 11:37:38]not found [bountypk] map!!!
[02-12 11:37:38]add GameServer [GameServer00] ok
[02-12 11:37:38]add [GameServer00]  [garner] map ok
[02-12 11:37:38]add [GameServer00]  [teampk] map ok
[02-12 11:37:38]add [GameServer00]  [lonetower] map ok
[02-12 11:37:38]add [GameServer00]  [abandonedcity] map ok
[02-12 11:37:38]add [GameServer00]  [abandonedcity2] map ok
[02-12 11:37:38]add [GameServer00]  [abandonedcity3] map ok
[02-12 11:37:38]add [GameServer00]  [pkmap] map ok
[02-12 11:37:38]add [GameServer00]  [ctf] map ok
[02-12 11:37:38]add [GameServer00]  [egtown] map ok
[02-12 11:37:38]add [GameServer00]  [07xmas2] map ok
[02-12 11:37:38]add [GameServer00]  [jialebi] map ok
[02-12 11:37:38]add [GameServer00]  [bountypk] map ok
[02-12 11:37:39]Log stream close success.
[02-12 11:37:40]Log stream open success.
[02-12 11:37:56]Log stream close success.
[02-12 11:37:56]Log stream open success.
[02-12 11:38:12]Log stream close success.
[02-12 11:38:13]Log stream open success.
[02-12 11:38:26]Log stream close success.
[02-12 11:38:27]Log stream open success.
[02-12 11:38:44]Log stream close success.
[02-12 11:38:44]Log stream open success.
[02-12 11:39:00]Log stream close success.
[02-12 11:39:00]Log stream open success.
[02-12 11:39:14]Log stream close success.
[02-12 11:39:15]Log stream open success.
[02-12 11:39:30]Log stream close success.
[02-12 11:39:31]Log stream open success.
[02-12 11:39:48]Log stream close success.
[02-12 11:39:50]Log stream open success.
[02-12 11:40:04]Log stream close success.
[02-12 11:40:04]client: 127.0.0.1	come...Socket num: 1
[02-12 11:40:05]Log stream open success.
[02-12 11:40:06]IsReady = false
[02-12 11:40:06]client: 127.0.0.1	login error: GroupServer is disresponse!

[02-12 11:40:06]client: 127.0.0.1 gone...Socket num: 0 ,reason=
[02-12 11:40:19]GameServer= [127.0.0.1] gone,Socket num= 1,reason= The connection was closed by the other party.
[02-12 11:40:19] delete [GameServer00]
[02-12 11:40:19]delete map [garner]
[02-12 11:40:19]delete map [teampk]
[02-12 11:40:19]delete map [lonetower]
[02-12 11:40:19]delete map [abandonedcity]
[02-12 11:40:19]delete map [abandonedcity2]
[02-12 11:40:19]delete map [abandonedcity3]
[02-12 11:40:19]delete map [pkmap]
[02-12 11:40:19]delete map [ctf]
[02-12 11:40:19]delete map [egtown]
[02-12 11:40:19]delete map [07xmas2]
[02-12 11:40:19]delete map [jialebi]
[02-12 11:40:19]delete map [bountypk]
[02-12 11:40:19]becaulse GameServer trouble, notice 0 user offline
[02-12 11:40:20]Log stream close success.
[02-12 11:40:21]Log stream open success.
[02-12 11:40:36]Log stream close success.
[02-12 11:45:02]Log stream open success.
[02-12 11:45:17]Log stream close success.
[02-12 11:45:17]Log stream open success.
[02-12 11:45:33]Log stream close success.
[02-12 11:45:34]Log stream open success.
[02-12 11:45:50]Log stream close success.
[02-12 11:45:50]Log stream open success.
[02-12 11:46:06]Log stream close success.
[02-12 11:51:25]Log stream open success.
[02-12 11:51:42]Log stream close success.
[02-12 11:51:42]Log stream open success.
[02-12 11:51:59]Log stream close success.
[02-12 11:52:00]Log stream open success.
[02-12 11:52:16]Log stream close success.
[02-12 11:59:33]Log stream open success.
[02-12 11:59:50]Log stream close success.
[02-12 11:59:51]Log stream open success.
[02-12 11:59:52]GameServer= [127.0.0.1] come,Socket num= 1
[02-12 11:59:52]recieve GameServer [GameServer00] map string [garner;teampk;lonetower;abandonedcity;abandonedcity2;abandonedcity3;pkmap;ctf;egtown;07xmas2;jialebi;bountypk;] total [12]
[02-12 11:59:52]not found [garner] map!!!
[02-12 11:59:52]not found [teampk] map!!!
[02-12 11:59:52]not found [lonetower] map!!!
[02-12 11:59:52]not found [abandonedcity] map!!!
[02-12 11:59:52]not found [abandonedcity2] map!!!
[02-12 11:59:52]not found [abandonedcity3] map!!!
[02-12 11:59:52]not found [pkmap] map!!!
[02-12 11:59:52]not found [ctf] map!!!
[02-12 11:59:52]not found [egtown] map!!!
[02-12 11:59:52]not found [07xmas2] map!!!
[02-12 11:59:52]not found [jialebi] map!!!
[02-12 11:59:52]not found [bountypk] map!!!
[02-12 11:59:52]add GameServer [GameServer00] ok
[02-12 11:59:52]add [GameServer00]  [garner] map ok
[02-12 11:59:52]add [GameServer00]  [teampk] map ok
[02-12 11:59:52]add [GameServer00]  [lonetower] map ok
[02-12 11:59:52]add [GameServer00]  [abandonedcity] map ok
[02-12 11:59:52]add [GameServer00]  [abandonedcity2] map ok
[02-12 11:59:52]add [GameServer00]  [abandonedcity3] map ok
[02-12 11:59:52]add [GameServer00]  [pkmap] map ok
[02-12 11:59:52]add [GameServer00]  [ctf] map ok
[02-12 11:59:52]add [GameServer00]  [egtown] map ok
[02-12 11:59:52]add [GameServer00]  [07xmas2] map ok
[02-12 11:59:52]add [GameServer00]  [jialebi] map ok
[02-12 11:59:52]add [GameServer00]  [bountypk] map ok
[02-12 12:00:02]not found [magicsea] map!!!
[02-12 12:00:07]not found [magicsea] map!!!
[02-12 12:00:07]Log stream close success.
[02-12 12:00:08]Log stream open success.
[02-12 12:00:12]not found [magicsea] map!!!
[02-12 12:00:17]not found [magicsea] map!!!
[02-12 12:00:22]not found [magicsea] map!!!
[02-12 12:00:24]Log stream close success.
[02-12 12:00:25]Log stream open success.
[02-12 12:00:27]not found [magicsea] map!!!
[02-12 12:00:32]not found [magicsea] map!!!
[02-12 12:00:37]not found [magicsea] map!!!
[02-12 12:00:40]Log stream close success.
[02-12 12:00:40]Log stream open success.
[02-12 12:00:42]not found [magicsea] map!!!
[02-12 12:00:47]not found [magicsea] map!!!
[02-12 12:00:52]not found [magicsea] map!!!
[02-12 12:00:56]Log stream close success.
[02-12 12:00:57]not found [magicsea] map!!!
[02-12 12:00:57]Log stream open success.
[02-12 12:01:02]not found [magicsea] map!!!
[02-12 12:01:07]not found [magicsea] map!!!
[02-12 12:01:12]not found [magicsea] map!!!
[02-12 12:01:12]Log stream close success.
[02-12 12:01:13]Log stream open success.
[02-12 12:01:17]not found [magicsea] map!!!
[02-12 12:01:22]not found [magicsea] map!!!
[02-12 12:01:27]not found [magicsea] map!!!
[02-12 12:01:29]Log stream close success.
[02-12 12:01:29]Log stream open success.
[02-12 12:01:32]not found [magicsea] map!!!
[02-12 12:01:37]not found [magicsea] map!!!
[02-12 12:01:42]not found [magicsea] map!!!
[02-12 12:01:46]Log stream close success.
[02-12 12:01:47]not found [magicsea] map!!!
[02-12 12:01:47]Log stream open success.
[02-12 12:01:52]not found [magicsea] map!!!
[02-12 12:01:57]not found [magicsea] map!!!
[02-12 12:02:01]Log stream close success.
[02-12 12:02:02]not found [magicsea] map!!!
[02-12 12:02:02]Log stream open success.
[02-12 12:02:07]not found [magicsea] map!!!
[02-12 12:02:12]not found [magicsea] map!!!
[02-12 12:02:17]not found [magicsea] map!!!
[02-12 12:02:17]Log stream close success.
[02-12 12:02:17]Log stream open success.
[02-12 12:02:22]not found [magicsea] map!!!
[02-12 12:02:27]not found [magicsea] map!!!
[02-12 12:02:32]not found [magicsea] map!!!
[02-12 12:02:32]Log stream close success.
[02-12 12:02:37]not found [magicsea] map!!!
[02-12 12:02:42]not found [magicsea] map!!!
[02-12 12:02:47]not found [magicsea] map!!!
[02-12 12:02:52]not found [magicsea] map!!!
[02-12 12:02:57]not found [magicsea] map!!!
[02-12 12:03:02]not found [magicsea] map!!!
[02-12 12:03:07]not found [magicsea] map!!!
[02-12 12:03:12]not found [magicsea] map!!!
[02-12 12:03:17]not found [magicsea] map!!!
[02-12 12:03:22]not found [magicsea] map!!!
[02-12 12:03:27]not found [magicsea] map!!!
[02-12 12:03:32]not found [magicsea] map!!!
[02-12 12:03:37]not found [magicsea] map!!!
[02-12 12:03:42]not found [magicsea] map!!!
[02-12 12:03:47]not found [magicsea] map!!!
[02-12 12:03:52]not found [magicsea] map!!!
[02-12 12:03:57]not found [magicsea] map!!!
[02-12 12:04:02]not found [magicsea] map!!!
[02-12 12:04:07]not found [magicsea] map!!!
[02-12 12:04:12]not found [magicsea] map!!!
[02-12 12:04:17]not found [magicsea] map!!!
[02-12 12:04:22]not found [magicsea] map!!!
[02-12 12:04:27]not found [magicsea] map!!!
[02-12 12:04:32]not found [magicsea] map!!!
[02-12 12:04:34]GameServer= [127.0.0.1] gone,Socket num= 1,reason= The connection was closed by the other party.
[02-12 12:04:34] delete [GameServer00]
[02-12 12:04:34]delete map [garner]
[02-12 12:04:34]delete map [teampk]
[02-12 12:04:34]delete map [lonetower]
[02-12 12:04:34]delete map [abandonedcity]
[02-12 12:04:34]delete map [abandonedcity2]
[02-12 12:04:34]delete map [abandonedcity3]
[02-12 12:04:34]delete map [pkmap]
[02-12 12:04:34]delete map [ctf]
[02-12 12:04:34]delete map [egtown]
[02-12 12:04:34]delete map [07xmas2]
[02-12 12:04:34]delete map [jialebi]
[02-12 12:04:34]delete map [bountypk]
[02-12 12:04:35]becaulse GameServer trouble, notice 0 user offline
