[02-12 12:07:57]Log stream open success.
[02-12 12:08:13]GameServer= [127.0.0.1] come,Socket num= 1
[02-12 12:08:13]recieve GameServer [GameServer00] map string [garner;teampk;lonetower;abandonedcity;abandonedcity2;abandonedcity3;pkmap;ctf;egtown;07xmas2;jialebi;bountypk;] total [12]
[02-12 12:08:13]not found [garner] map!!!
[02-12 12:08:13]not found [teampk] map!!!
[02-12 12:08:13]not found [lonetower] map!!!
[02-12 12:08:13]not found [abandonedcity] map!!!
[02-12 12:08:13]not found [abandonedcity2] map!!!
[02-12 12:08:13]not found [abandonedcity3] map!!!
[02-12 12:08:13]not found [pkmap] map!!!
[02-12 12:08:13]not found [ctf] map!!!
[02-12 12:08:13]not found [egtown] map!!!
[02-12 12:08:13]not found [07xmas2] map!!!
[02-12 12:08:13]not found [jialebi] map!!!
[02-12 12:08:13]not found [bountypk] map!!!
[02-12 12:08:13]add GameServer [GameServer00] ok
[02-12 12:08:13]add [GameServer00]  [garner] map ok
[02-12 12:08:13]add [GameServer00]  [teampk] map ok
[02-12 12:08:13]add [GameServer00]  [lonetower] map ok
[02-12 12:08:13]add [GameServer00]  [abandonedcity] map ok
[02-12 12:08:13]add [GameServer00]  [abandonedcity2] map ok
[02-12 12:08:13]add [GameServer00]  [abandonedcity3] map ok
[02-12 12:08:13]add [GameServer00]  [pkmap] map ok
[02-12 12:08:13]add [GameServer00]  [ctf] map ok
[02-12 12:08:13]add [GameServer00]  [egtown] map ok
[02-12 12:08:13]add [GameServer00]  [07xmas2] map ok
[02-12 12:08:13]add [GameServer00]  [jialebi] map ok
[02-12 12:08:13]add [GameServer00]  [bountypk] map ok
[02-12 12:08:17]not found [magicsea] map!!!
[02-12 12:08:22]not found [magicsea] map!!!
[02-12 12:08:27]not found [magicsea] map!!!
[02-12 12:08:32]not found [magicsea] map!!!
[02-12 12:08:36]client: 127.0.0.1	come...Socket num: 1
[02-12 12:08:37]not found [magicsea] map!!!
[02-12 12:08:37]client: 127.0.0.1	login error, error:1002
[02-12 12:08:38]client: 127.0.0.1 gone...Socket num: 0 ,reason=
[02-12 12:08:42]not found [magicsea] map!!!
[02-12 12:08:47]not found [magicsea] map!!!
[02-12 12:08:51]client: 127.0.0.1	come...Socket num: 1
[02-12 12:08:52]client: 127.0.0.1	login error, error:1002
[02-12 12:08:52]client: 127.0.0.1 gone...Socket num: 0 ,reason=
[02-12 12:08:52]not found [magicsea] map!!!
[02-12 12:08:57]not found [magicsea] map!!!
[02-12 12:09:02]not found [magicsea] map!!!
[02-12 12:09:07]not found [magicsea] map!!!
[02-12 12:09:12]not found [magicsea] map!!!
[02-12 12:09:17]not found [magicsea] map!!!
[02-12 12:09:22]not found [magicsea] map!!!
[02-12 12:09:23]client: 127.0.0.1	come...Socket num: 1
[02-12 12:09:24]client: 127.0.0.1	login ok.
[02-12 12:09:27]not found [magicsea] map!!!
[02-12 12:09:32]not found [magicsea] map!!!
[02-12 12:09:37]not found [magicsea] map!!!
[02-12 12:09:42]not found [magicsea] map!!!
[02-12 12:09:47]not found [magicsea] map!!!
[02-12 12:09:52]not found [magicsea] map!!!
[02-12 12:09:57]not found [magicsea] map!!!
[02-12 12:10:00]client: 127.0.0.1:6144	BeginPlay entry map,Gate to[127.0.0.1]send EnterMap command,dbid:1,Gate address:144EBF0
[02-12 12:10:00]clinet: 127.0.0.1:6144	recieve Gate  from [127.0.0.1]success EnterMap command,Game address:430D024,Gate address:144EBF0
[02-12 12:10:02]not found [magicsea] map!!!
[02-12 12:10:07]not found [magicsea] map!!!
[02-12 12:10:12]not found [magicsea] map!!!
[02-12 12:10:17]not found [magicsea] map!!!
[02-12 12:10:22]not found [magicsea] map!!!
[02-12 12:10:27]not found [magicsea] map!!!
[02-12 12:10:32]not found [magicsea] map!!!
[02-12 12:10:37]not found [magicsea] map!!!
[02-12 12:10:42]not found [magicsea] map!!!
[02-12 12:10:47]not found [magicsea] map!!!
[02-12 12:10:52]not found [magicsea] map!!!
[02-12 12:10:57]not found [magicsea] map!!!
[02-12 12:11:02]not found [magicsea] map!!!
[02-12 12:11:07]not found [magicsea] map!!!
[02-12 12:11:12]not found [magicsea] map!!!
[02-12 12:11:17]not found [magicsea] map!!!
[02-12 12:11:22]not found [magicsea] map!!!
[02-12 12:11:27]not found [magicsea] map!!!
[02-12 12:11:32]not found [magicsea] map!!!
[02-12 12:11:37]not found [magicsea] map!!!
[02-12 12:11:42]not found [magicsea] map!!!
[02-12 12:11:47]not found [magicsea] map!!!
[02-12 12:11:52]not found [magicsea] map!!!
[02-12 12:11:57]not found [magicsea] map!!!
[02-12 12:12:02]not found [magicsea] map!!!
[02-12 12:12:07]not found [magicsea] map!!!
[02-12 12:12:12]not found [magicsea] map!!!
[02-12 12:12:17]not found [magicsea] map!!!
[02-12 12:12:22]not found [magicsea] map!!!
[02-12 12:12:27]not found [magicsea] map!!!
[02-12 12:12:32]not found [magicsea] map!!!
[02-12 12:12:37]not found [magicsea] map!!!
[02-12 12:12:42]not found [magicsea] map!!!
[02-12 12:12:47]not found [magicsea] map!!!
[02-12 12:12:52]not found [magicsea] map!!!
[02-12 12:12:57]not found [magicsea] map!!!
[02-12 12:13:02]not found [magicsea] map!!!
[02-12 12:13:07]not found [magicsea] map!!!
[02-12 12:13:12]not found [magicsea] map!!!
[02-12 12:13:17]not found [magicsea] map!!!
[02-12 12:13:22]not found [magicsea] map!!!
[02-12 12:13:27]not found [magicsea] map!!!
[02-12 12:13:32]not found [magicsea] map!!!
[02-12 12:13:37]not found [magicsea] map!!!
[02-12 12:13:42]not found [magicsea] map!!!
[02-12 12:13:47]not found [magicsea] map!!!
[02-12 12:13:52]not found [magicsea] map!!!
[02-12 12:13:57]not found [magicsea] map!!!
[02-12 12:14:02]not found [magicsea] map!!!
[02-12 12:14:07]not found [magicsea] map!!!
[02-12 12:14:12]not found [magicsea] map!!!
[02-12 12:14:17]not found [magicsea] map!!!
[02-12 12:14:22]not found [magicsea] map!!!
[02-12 12:14:27]not found [magicsea] map!!!
[02-12 12:14:32]not found [magicsea] map!!!
[02-12 12:14:37]not found [magicsea] map!!!
[02-12 12:14:42]not found [magicsea] map!!!
[02-12 12:14:47]not found [magicsea] map!!!
[02-12 12:14:52]not found [magicsea] map!!!
[02-12 12:14:57]not found [magicsea] map!!!
[02-12 12:15:02]not found [magicsea] map!!!
[02-12 12:15:07]not found [magicsea] map!!!
[02-12 12:15:12]not found [magicsea] map!!!
[02-12 12:15:17]not found [magicsea] map!!!
[02-12 12:15:22]not found [magicsea] map!!!
[02-12 12:15:27]not found [magicsea] map!!!
[02-12 12:15:32]not found [magicsea] map!!!
[02-12 12:15:37]not found [magicsea] map!!!
[02-12 12:15:42]not found [magicsea] map!!!
[02-12 12:15:47]not found [magicsea] map!!!
[02-12 12:15:52]not found [magicsea] map!!!
[02-12 12:15:57]not found [magicsea] map!!!
[02-12 12:16:02]not found [magicsea] map!!!
[02-12 12:16:07]not found [magicsea] map!!!
[02-12 12:16:12]not found [magicsea] map!!!
[02-12 12:16:17]not found [magicsea] map!!!
[02-12 12:16:22]not found [magicsea] map!!!
[02-12 12:16:27]not found [magicsea] map!!!
[02-12 12:16:32]not found [magicsea] map!!!
[02-12 12:16:37]not found [magicsea] map!!!
[02-12 12:16:42]not found [magicsea] map!!!
[02-12 12:16:47]not found [magicsea] map!!!
[02-12 12:16:52]not found [magicsea] map!!!
[02-12 12:16:57]not found [magicsea] map!!!
[02-12 12:17:02]not found [magicsea] map!!!
[02-12 12:17:07]not found [magicsea] map!!!
[02-12 12:17:12]not found [magicsea] map!!!
[02-12 12:17:17]not found [magicsea] map!!!
[02-12 12:17:22]not found [magicsea] map!!!
[02-12 12:17:27]not found [magicsea] map!!!
[02-12 12:17:32]not found [magicsea] map!!!
[02-12 12:17:37]not found [magicsea] map!!!
[02-12 12:17:42]not found [magicsea] map!!!
[02-12 12:17:47]not found [magicsea] map!!!
[02-12 12:17:52]not found [magicsea] map!!!
[02-12 12:17:57]not found [magicsea] map!!!
[02-12 12:18:02]not found [magicsea] map!!!
[02-12 12:18:07]not found [magicsea] map!!!
[02-12 12:18:12]not found [magicsea] map!!!
[02-12 12:18:17]not found [magicsea] map!!!
[02-12 12:18:22]not found [magicsea] map!!!
[02-12 12:18:27]not found [magicsea] map!!!
[02-12 12:18:32]not found [magicsea] map!!!
[02-12 12:18:37]not found [magicsea] map!!!
[02-12 12:18:42]not found [magicsea] map!!!
[02-12 12:18:47]not found [magicsea] map!!!
[02-12 12:18:52]not found [magicsea] map!!!
[02-12 12:18:57]not found [magicsea] map!!!
[02-12 12:19:02]not found [magicsea] map!!!
[02-12 12:19:07]not found [magicsea] map!!!
[02-12 12:19:12]not found [magicsea] map!!!
[02-12 12:19:17]not found [magicsea] map!!!
[02-12 12:19:22]not found [magicsea] map!!!
[02-12 12:19:27]not found [magicsea] map!!!
[02-12 12:19:32]not found [magicsea] map!!!
[02-12 12:19:37]not found [magicsea] map!!!
[02-12 12:19:39]client: 127.0.0.1:6144	GoOut map,Gate to[127.0.0.1] send GoOutMap command,dbid:1,Gate address:144EBF0,Game address:430D024
[02-12 12:19:42]not found [magicsea] map!!!
[02-12 12:19:45]client: 127.0.0.1:6144	BeginPlay entry map,Gate to[127.0.0.1]send EnterMap command,dbid:2,Gate address:144EBF0
[02-12 12:19:45]clinet: 127.0.0.1:6144	recieve Gate  from [127.0.0.1]success EnterMap command,Game address:430D024,Gate address:144EBF0
[02-12 12:19:47]not found [magicsea] map!!!
[02-12 12:19:52]not found [magicsea] map!!!
[02-12 12:19:57]not found [magicsea] map!!!
[02-12 12:20:02]not found [magicsea] map!!!
[02-12 12:20:07]not found [magicsea] map!!!
[02-12 12:20:12]not found [magicsea] map!!!
[02-12 12:20:17]not found [magicsea] map!!!
[02-12 12:20:22]not found [magicsea] map!!!
[02-12 12:20:27]not found [magicsea] map!!!
[02-12 12:20:32]not found [magicsea] map!!!
[02-12 12:20:37]not found [magicsea] map!!!
[02-12 12:20:42]not found [magicsea] map!!!
[02-12 12:20:47]not found [magicsea] map!!!
[02-12 12:20:52]not found [magicsea] map!!!
[02-12 12:20:57]not found [magicsea] map!!!
[02-12 12:21:02]not found [magicsea] map!!!
[02-12 12:21:07]not found [magicsea] map!!!
[02-12 12:21:12]not found [magicsea] map!!!
[02-12 12:21:17]not found [magicsea] map!!!
[02-12 12:21:22]not found [magicsea] map!!!
[02-12 12:21:27]not found [magicsea] map!!!
[02-12 12:21:32]not found [magicsea] map!!!
[02-12 12:21:37]not found [magicsea] map!!!
[02-12 12:21:42]not found [magicsea] map!!!
[02-12 12:21:44]clinet: 127.0.0.1:6144	recieve Gate  from [127.0.0.1]success EnterMap command,Game address:430D024,Gate address:144EBF0
[02-12 12:21:47]not found [magicsea] map!!!
[02-12 12:21:52]not found [magicsea] map!!!
[02-12 12:21:57]not found [magicsea] map!!!
[02-12 12:22:02]not found [magicsea] map!!!
[02-12 12:22:07]not found [magicsea] map!!!
[02-12 12:22:12]not found [magicsea] map!!!
[02-12 12:22:17]not found [magicsea] map!!!
[02-12 12:22:22]not found [magicsea] map!!!
[02-12 12:22:27]not found [magicsea] map!!!
[02-12 12:22:32]not found [magicsea] map!!!
[02-12 12:22:37]not found [magicsea] map!!!
[02-12 12:22:42]not found [magicsea] map!!!
[02-12 12:22:47]not found [magicsea] map!!!
[02-12 12:22:52]not found [magicsea] map!!!
[02-12 12:22:57]not found [magicsea] map!!!
[02-12 12:23:02]not found [magicsea] map!!!
[02-12 12:23:07]not found [magicsea] map!!!
[02-12 12:23:12]not found [magicsea] map!!!
[02-12 12:23:17]not found [magicsea] map!!!
[02-12 12:23:22]not found [magicsea] map!!!
[02-12 12:23:27]not found [magicsea] map!!!
[02-12 12:23:32]not found [magicsea] map!!!
[02-12 12:23:37]not found [magicsea] map!!!
[02-12 12:23:42]not found [magicsea] map!!!
[02-12 12:23:47]not found [magicsea] map!!!
[02-12 12:23:52]not found [magicsea] map!!!
[02-12 12:23:57]not found [magicsea] map!!!
[02-12 12:24:02]not found [magicsea] map!!!
[02-12 12:24:07]not found [magicsea] map!!!
[02-12 12:24:12]not found [magicsea] map!!!
[02-12 12:24:17]not found [magicsea] map!!!
[02-12 12:24:22]not found [magicsea] map!!!
[02-12 12:24:27]not found [magicsea] map!!!
[02-12 12:24:32]not found [magicsea] map!!!
[02-12 12:24:37]not found [magicsea] map!!!
[02-12 12:24:42]not found [magicsea] map!!!
[02-12 12:24:47]not found [magicsea] map!!!
[02-12 12:24:52]not found [magicsea] map!!!
[02-12 12:24:57]not found [magicsea] map!!!
[02-12 12:25:02]not found [magicsea] map!!!
[02-12 12:25:07]not found [magicsea] map!!!
[02-12 12:25:12]not found [magicsea] map!!!
[02-12 12:25:17]not found [magicsea] map!!!
[02-12 12:25:22]not found [magicsea] map!!!
[02-12 12:25:27]not found [magicsea] map!!!
[02-12 12:25:30]client: 127.0.0.1:6144	GoOut map,Gate to [127.0.0.1]send GoOutMap command,dbid:2,Gate address:144EBF0,Game address:430D024
[02-12 12:25:30]client: 127.0.0.1 gone...Socket num: 0 ,reason=The connection was closed by the other party.
[02-12 12:25:32]not found [magicsea] map!!!
[02-12 12:25:37]not found [magicsea] map!!!
[02-12 12:25:40]GameServer= [127.0.0.1] gone,Socket num= 1,reason= The connection was closed by the other party.
[02-12 12:25:40] delete [GameServer00]
[02-12 12:25:40]delete map [garner]
[02-12 12:25:40]delete map [teampk]
[02-12 12:25:40]delete map [lonetower]
[02-12 12:25:40]delete map [abandonedcity]
[02-12 12:25:40]delete map [abandonedcity2]
[02-12 12:25:40]delete map [abandonedcity3]
[02-12 12:25:40]delete map [pkmap]
[02-12 12:25:40]delete map [ctf]
[02-12 12:25:40]delete map [egtown]
[02-12 12:25:40]delete map [07xmas2]
[02-12 12:25:40]delete map [jialebi]
[02-12 12:25:40]delete map [bountypk]
[02-12 12:25:40]becaulse GameServer trouble, notice 0 user offline
