[02-12 14:13:47]Log stream open success.
[02-12 14:14:43]GameServer= [127.0.0.1] come,Socket num= 1
[02-12 14:14:43]recieve GameServer [GameServer00] map string [garner;teampk;lonetower;abandonedcity;abandonedcity2;abandonedcity3;pkmap;ctf;egtown;07xmas2;jialebi;bountypk;] total [12]
[02-12 14:14:43]not found [garner] map!!!
[02-12 14:14:43]not found [teampk] map!!!
[02-12 14:14:43]not found [lonetower] map!!!
[02-12 14:14:43]not found [abandonedcity] map!!!
[02-12 14:14:43]not found [abandonedcity2] map!!!
[02-12 14:14:43]not found [abandonedcity3] map!!!
[02-12 14:14:43]not found [pkmap] map!!!
[02-12 14:14:43]not found [ctf] map!!!
[02-12 14:14:43]not found [egtown] map!!!
[02-12 14:14:43]not found [07xmas2] map!!!
[02-12 14:14:43]not found [jialebi] map!!!
[02-12 14:14:43]not found [bountypk] map!!!
[02-12 14:14:43]add GameServer [GameServer00] ok
[02-12 14:14:43]add [GameServer00]  [garner] map ok
[02-12 14:14:43]add [GameServer00]  [teampk] map ok
[02-12 14:14:43]add [GameServer00]  [lonetower] map ok
[02-12 14:14:43]add [GameServer00]  [abandonedcity] map ok
[02-12 14:14:43]add [GameServer00]  [abandonedcity2] map ok
[02-12 14:14:43]add [GameServer00]  [abandonedcity3] map ok
[02-12 14:14:43]add [GameServer00]  [pkmap] map ok
[02-12 14:14:43]add [GameServer00]  [ctf] map ok
[02-12 14:14:43]add [GameServer00]  [egtown] map ok
[02-12 14:14:43]add [GameServer00]  [07xmas2] map ok
[02-12 14:14:43]add [GameServer00]  [jialebi] map ok
[02-12 14:14:43]add [GameServer00]  [bountypk] map ok
[02-12 14:15:10]client: 127.0.0.1	come...Socket num: 1
[02-12 14:15:11]client: 127.0.0.1 gone...Socket num: 0 ,reason=The connection was closed by the other party.
[02-12 14:15:21]client: 127.0.0.1	come...Socket num: 1
[02-12 14:15:22]client: 127.0.0.1	login ok.
[02-12 14:18:35]client: 127.0.0.1:21261	BeginPlay entry map,Gate to[127.0.0.1]send EnterMap command,dbid:6,Gate address:775CC8
[02-12 14:18:35]clinet: 127.0.0.1:21261	recieve Gate  from [127.0.0.1]success EnterMap command,Game address:3D1F024,Gate address:775CC8
[02-12 14:19:52]client: 127.0.0.1:21261	GoOut map,Gate to [127.0.0.1]send GoOutMap command,dbid:6,Gate address:775CC8,Game address:3D1F024
[02-12 14:19:52]client: 127.0.0.1 gone...Socket num: 0 ,reason=The connection was closed by the other party.
[02-12 14:21:15]GameServer= [127.0.0.1] gone,Socket num= 1,reason= The connection was closed by the other party.
[02-12 14:21:15] delete [GameServer00]
[02-12 14:21:15]delete map [garner]
[02-12 14:21:15]delete map [teampk]
[02-12 14:21:15]delete map [lonetower]
[02-12 14:21:15]delete map [abandonedcity]
[02-12 14:21:15]delete map [abandonedcity2]
[02-12 14:21:15]delete map [abandonedcity3]
[02-12 14:21:15]delete map [pkmap]
[02-12 14:21:15]delete map [ctf]
[02-12 14:21:15]delete map [egtown]
[02-12 14:21:15]delete map [07xmas2]
[02-12 14:21:15]delete map [jialebi]
[02-12 14:21:15]delete map [bountypk]
[02-12 14:21:15]becaulse GameServer trouble, notice 0 user offline
[02-12 14:21:25]GameServer= [127.0.0.1] come,Socket num= 1
[02-12 14:21:25]recieve GameServer [GameServer00] map string [garner;teampk;lonetower;abandonedcity;abandonedcity2;abandonedcity3;pkmap;ctf;egtown;07xmas2;jialebi;bountypk;] total [12]
[02-12 14:21:25]not found [garner] map!!!
[02-12 14:21:25]not found [teampk] map!!!
[02-12 14:21:25]not found [lonetower] map!!!
[02-12 14:21:25]not found [abandonedcity] map!!!
[02-12 14:21:25]not found [abandonedcity2] map!!!
[02-12 14:21:25]not found [abandonedcity3] map!!!
[02-12 14:21:25]not found [pkmap] map!!!
[02-12 14:21:25]not found [ctf] map!!!
[02-12 14:21:25]not found [egtown] map!!!
[02-12 14:21:25]not found [07xmas2] map!!!
[02-12 14:21:25]not found [jialebi] map!!!
[02-12 14:21:25]not found [bountypk] map!!!
[02-12 14:21:25]add GameServer [GameServer00] ok
[02-12 14:21:25]add [GameServer00]  [garner] map ok
[02-12 14:21:25]add [GameServer00]  [teampk] map ok
[02-12 14:21:25]add [GameServer00]  [lonetower] map ok
[02-12 14:21:25]add [GameServer00]  [abandonedcity] map ok
[02-12 14:21:25]add [GameServer00]  [abandonedcity2] map ok
[02-12 14:21:25]add [GameServer00]  [abandonedcity3] map ok
[02-12 14:21:25]add [GameServer00]  [pkmap] map ok
[02-12 14:21:25]add [GameServer00]  [ctf] map ok
[02-12 14:21:25]add [GameServer00]  [egtown] map ok
[02-12 14:21:25]add [GameServer00]  [07xmas2] map ok
[02-12 14:21:25]add [GameServer00]  [jialebi] map ok
[02-12 14:21:25]add [GameServer00]  [bountypk] map ok
[02-12 14:21:28]GameServer= [127.0.0.1] gone,Socket num= 1,reason= The connection was closed by the other party.
[02-12 14:21:28] delete [GameServer00]
[02-12 14:21:28]delete map [garner]
[02-12 14:21:28]delete map [teampk]
[02-12 14:21:28]delete map [lonetower]
[02-12 14:21:28]delete map [abandonedcity]
[02-12 14:21:28]delete map [abandonedcity2]
[02-12 14:21:28]delete map [abandonedcity3]
[02-12 14:21:28]delete map [pkmap]
[02-12 14:21:28]delete map [ctf]
[02-12 14:21:28]delete map [egtown]
[02-12 14:21:28]delete map [07xmas2]
[02-12 14:21:28]delete map [jialebi]
[02-12 14:21:28]delete map [bountypk]
[02-12 14:21:28]becaulse GameServer trouble, notice 0 user offline
