[01-10 21:01:37]Log stream open success.
[01-10 21:01:48]GameServer= [127.0.0.1] come,Socket num= 1
[01-10 21:01:48]recieve GameServer [GameServer00] map string [garner;teampk;lonetower;abandonedcity;abandonedcity2;abandonedcity3;pkmap;ctf;egtown;07xmas2;jialebi;bountypk;] total [12]
[01-10 21:01:48]not found [garner] map!!!
[01-10 21:01:48]not found [teampk] map!!!
[01-10 21:01:48]not found [lonetower] map!!!
[01-10 21:01:48]not found [abandonedcity] map!!!
[01-10 21:01:48]not found [abandonedcity2] map!!!
[01-10 21:01:48]not found [abandonedcity3] map!!!
[01-10 21:01:48]not found [pkmap] map!!!
[01-10 21:01:48]not found [ctf] map!!!
[01-10 21:01:48]not found [egtown] map!!!
[01-10 21:01:48]not found [07xmas2] map!!!
[01-10 21:01:48]not found [jialebi] map!!!
[01-10 21:01:48]not found [bountypk] map!!!
[01-10 21:01:48]add GameServer [GameServer00] ok
[01-10 21:01:48]add [GameServer00]  [garner] map ok
[01-10 21:01:48]add [GameServer00]  [teampk] map ok
[01-10 21:01:48]add [GameServer00]  [lonetower] map ok
[01-10 21:01:48]add [GameServer00]  [abandonedcity] map ok
[01-10 21:01:48]add [GameServer00]  [abandonedcity2] map ok
[01-10 21:01:48]add [GameServer00]  [abandonedcity3] map ok
[01-10 21:01:48]add [GameServer00]  [pkmap] map ok
[01-10 21:01:48]add [GameServer00]  [ctf] map ok
[01-10 21:01:48]add [GameServer00]  [egtown] map ok
[01-10 21:01:48]add [GameServer00]  [07xmas2] map ok
[01-10 21:01:48]add [GameServer00]  [jialebi] map ok
[01-10 21:01:48]add [GameServer00]  [bountypk] map ok
[01-10 21:01:50]GameServer= [127.0.0.1] come,Socket num= 2
[01-10 21:01:50]recieve GameServer [GameServer02] map string [darkblue;eastgoaf;prisonisland;garner2;puzzleworld;puzzleworld2;leiting2;] total [7]
[01-10 21:01:50]not found [darkblue] map!!!
[01-10 21:01:50]not found [eastgoaf] map!!!
[01-10 21:01:50]not found [prisonisland] map!!!
[01-10 21:01:50]not found [garner2] map!!!
[01-10 21:01:50]not found [puzzleworld] map!!!
[01-10 21:01:50]not found [puzzleworld2] map!!!
[01-10 21:01:50]not found [leiting2] map!!!
[01-10 21:01:50]add GameServer [GameServer02] ok
[01-10 21:01:50]add [GameServer02]  [darkblue] map ok
[01-10 21:01:50]add [GameServer02]  [eastgoaf] map ok
[01-10 21:01:50]add [GameServer02]  [prisonisland] map ok
[01-10 21:01:50]add [GameServer02]  [garner2] map ok
[01-10 21:01:50]add [GameServer02]  [puzzleworld] map ok
[01-10 21:01:50]add [GameServer02]  [puzzleworld2] map ok
[01-10 21:01:50]add [GameServer02]  [leiting2] map ok
[01-10 21:01:52]GameServer= [127.0.0.1] come,Socket num= 3
[01-10 21:01:52]recieve GameServer [GameServer03] map string [magicsea;shalan2;mjing1;mjing2;mjing3;mjing4;hell;hell2;hell3;hell4;hell5;] total [11]
[01-10 21:01:52]not found [magicsea] map!!!
[01-10 21:01:52]not found [shalan2] map!!!
[01-10 21:01:52]not found [mjing1] map!!!
[01-10 21:01:52]not found [mjing2] map!!!
[01-10 21:01:52]not found [mjing3] map!!!
[01-10 21:01:52]not found [mjing4] map!!!
[01-10 21:01:52]not found [hell] map!!!
[01-10 21:01:52]not found [hell2] map!!!
[01-10 21:01:52]not found [hell3] map!!!
[01-10 21:01:52]not found [hell4] map!!!
[01-10 21:01:52]not found [hell5] map!!!
[01-10 21:01:52]add GameServer [GameServer03] ok
[01-10 21:01:52]add [GameServer03]  [magicsea] map ok
[01-10 21:01:52]add [GameServer03]  [shalan2] map ok
[01-10 21:01:52]add [GameServer03]  [mjing1] map ok
[01-10 21:01:52]add [GameServer03]  [mjing2] map ok
[01-10 21:01:52]add [GameServer03]  [mjing3] map ok
[01-10 21:01:52]add [GameServer03]  [mjing4] map ok
[01-10 21:01:52]add [GameServer03]  [hell] map ok
[01-10 21:01:52]add [GameServer03]  [hell2] map ok
[01-10 21:01:52]add [GameServer03]  [hell3] map ok
[01-10 21:01:52]add [GameServer03]  [hell4] map ok
[01-10 21:01:52]add [GameServer03]  [hell5] map ok
[01-10 21:01:54]GameServer= [127.0.0.1] come,Socket num= 4
[01-10 21:01:54]recieve GameServer [GameServer04] map string [guildhouse;] total [1]
[01-10 21:01:54]not found [guildhouse] map!!!
[01-10 21:01:54]add GameServer [GameServer04] ok
[01-10 21:01:54]add [GameServer04]  [guildhouse] map ok
[01-10 21:01:57]not found [winterland] map!!!
[01-10 21:01:57]not found [winterland] map!!!
[01-10 21:01:57]not found [winterland] map!!!
[01-10 21:01:57]not found [winterland] map!!!
[01-10 21:02:02]not found [winterland] map!!!
[01-10 21:02:02]not found [winterland] map!!!
[01-10 21:02:02]not found [winterland] map!!!
[01-10 21:02:02]not found [winterland] map!!!
[01-10 21:02:07]not found [winterland] map!!!
[01-10 21:02:07]not found [winterland] map!!!
[01-10 21:02:07]not found [winterland] map!!!
[01-10 21:02:07]not found [winterland] map!!!
[01-10 21:02:12]not found [winterland] map!!!
[01-10 21:02:12]not found [winterland] map!!!
[01-10 21:02:12]not found [winterland] map!!!
[01-10 21:02:12]not found [winterland] map!!!
[01-10 21:02:17]not found [winterland] map!!!
[01-10 21:02:17]not found [winterland] map!!!
[01-10 21:02:17]not found [winterland] map!!!
[01-10 21:02:17]not found [winterland] map!!!
[01-10 21:02:19]client: 127.0.0.1	come...Socket num: 1
[01-10 21:02:20]client: 127.0.0.1	login ok.
[01-10 21:02:22]not found [winterland] map!!!
[01-10 21:02:22]not found [winterland] map!!!
[01-10 21:02:22]not found [winterland] map!!!
[01-10 21:02:22]not found [winterland] map!!!
[01-10 21:02:27]not found [winterland] map!!!
[01-10 21:02:27]not found [winterland] map!!!
[01-10 21:02:27]not found [winterland] map!!!
[01-10 21:02:27]not found [winterland] map!!!
[01-10 21:02:31]client: 127.0.0.1:24540	BeginPlay entry map,Gate to[127.0.0.1]send EnterMap command,dbid:1,Gate address:754C78
[01-10 21:02:31]clinet: 127.0.0.1:24540	recieve Gate  from [127.0.0.1]success EnterMap command,Game address:3B86024,Gate address:754C78
[01-10 21:02:32]not found [winterland] map!!!
[01-10 21:02:32]not found [winterland] map!!!
[01-10 21:02:32]not found [winterland] map!!!
[01-10 21:02:32]not found [winterland] map!!!
[01-10 21:02:37]not found [winterland] map!!!
[01-10 21:02:37]not found [winterland] map!!!
[01-10 21:02:37]not found [winterland] map!!!
[01-10 21:02:37]not found [winterland] map!!!
[01-10 21:02:42]not found [winterland] map!!!
[01-10 21:02:42]not found [winterland] map!!!
[01-10 21:02:42]not found [winterland] map!!!
[01-10 21:02:42]not found [winterland] map!!!
[01-10 21:02:47]not found [winterland] map!!!
[01-10 21:02:47]not found [winterland] map!!!
[01-10 21:02:47]not found [winterland] map!!!
[01-10 21:02:47]not found [winterland] map!!!
[01-10 21:02:52]not found [winterland] map!!!
[01-10 21:02:52]not found [winterland] map!!!
[01-10 21:02:52]not found [winterland] map!!!
[01-10 21:02:52]not found [winterland] map!!!
[01-10 21:02:57]not found [winterland] map!!!
[01-10 21:02:57]not found [winterland] map!!!
[01-10 21:02:57]not found [winterland] map!!!
[01-10 21:02:57]not found [winterland] map!!!
[01-10 21:03:02]not found [winterland] map!!!
[01-10 21:03:02]not found [winterland] map!!!
[01-10 21:03:02]not found [winterland] map!!!
[01-10 21:03:02]not found [winterland] map!!!
[01-10 21:03:07]not found [winterland] map!!!
[01-10 21:03:07]not found [winterland] map!!!
[01-10 21:03:07]not found [winterland] map!!!
[01-10 21:03:07]not found [winterland] map!!!
[01-10 21:03:12]not found [winterland] map!!!
[01-10 21:03:12]not found [winterland] map!!!
[01-10 21:03:12]not found [winterland] map!!!
[01-10 21:03:12]not found [winterland] map!!!
[01-10 21:03:16]client: 127.0.0.1:24540	GoOut map,Gate to [127.0.0.1]send GoOutMap command,dbid:1,Gate address:754C78,Game address:3B86024
[01-10 21:03:17]client: 127.0.0.1 gone...Socket num: 0 ,reason=The connection was closed by the other party.
[01-10 21:03:17]not found [winterland] map!!!
[01-10 21:03:17]not found [winterland] map!!!
[01-10 21:03:17]not found [winterland] map!!!
[01-10 21:03:17]not found [winterland] map!!!
[01-10 21:03:22]not found [winterland] map!!!
[01-10 21:03:22]not found [winterland] map!!!
[01-10 21:03:22]not found [winterland] map!!!
[01-10 21:03:22]not found [winterland] map!!!
[01-10 21:03:27]not found [winterland] map!!!
[01-10 21:03:27]not found [winterland] map!!!
[01-10 21:03:27]not found [winterland] map!!!
[01-10 21:03:27]not found [winterland] map!!!
[01-10 21:03:32]not found [winterland] map!!!
[01-10 21:03:32]not found [winterland] map!!!
[01-10 21:03:32]not found [winterland] map!!!
[01-10 21:03:32]not found [winterland] map!!!
[01-10 21:03:37]not found [winterland] map!!!
[01-10 21:03:37]not found [winterland] map!!!
[01-10 21:03:37]not found [winterland] map!!!
[01-10 21:03:37]not found [winterland] map!!!
[01-10 21:03:42]not found [winterland] map!!!
[01-10 21:03:42]not found [winterland] map!!!
[01-10 21:03:42]not found [winterland] map!!!
[01-10 21:03:42]not found [winterland] map!!!
[01-10 21:03:47]not found [winterland] map!!!
[01-10 21:03:47]not found [winterland] map!!!
[01-10 21:03:47]not found [winterland] map!!!
[01-10 21:03:47]not found [winterland] map!!!
[01-10 21:03:52]not found [winterland] map!!!
[01-10 21:03:52]not found [winterland] map!!!
[01-10 21:03:52]not found [winterland] map!!!
[01-10 21:03:52]not found [winterland] map!!!
[01-10 21:03:57]not found [winterland] map!!!
[01-10 21:03:57]not found [winterland] map!!!
[01-10 21:03:57]not found [winterland] map!!!
[01-10 21:03:57]not found [winterland] map!!!
[01-10 21:04:02]not found [winterland] map!!!
[01-10 21:04:02]not found [winterland] map!!!
[01-10 21:04:02]not found [winterland] map!!!
[01-10 21:04:02]not found [winterland] map!!!
[01-10 21:04:07]not found [winterland] map!!!
[01-10 21:04:07]not found [winterland] map!!!
[01-10 21:04:07]not found [winterland] map!!!
[01-10 21:04:07]not found [winterland] map!!!
[01-10 21:04:12]not found [winterland] map!!!
[01-10 21:04:12]not found [winterland] map!!!
[01-10 21:04:12]not found [winterland] map!!!
[01-10 21:04:12]not found [winterland] map!!!
[01-10 21:04:17]not found [winterland] map!!!
[01-10 21:04:17]not found [winterland] map!!!
[01-10 21:04:17]not found [winterland] map!!!
[01-10 21:04:17]not found [winterland] map!!!
[01-10 21:04:22]not found [winterland] map!!!
[01-10 21:04:22]not found [winterland] map!!!
[01-10 21:04:22]not found [winterland] map!!!
[01-10 21:04:22]not found [winterland] map!!!
[01-10 21:04:27]not found [winterland] map!!!
[01-10 21:04:27]not found [winterland] map!!!
[01-10 21:04:27]not found [winterland] map!!!
[01-10 21:04:27]not found [winterland] map!!!
[01-10 21:04:32]not found [winterland] map!!!
[01-10 21:04:32]not found [winterland] map!!!
[01-10 21:04:32]not found [winterland] map!!!
[01-10 21:04:32]not found [winterland] map!!!
[01-10 21:04:37]not found [winterland] map!!!
[01-10 21:04:37]not found [winterland] map!!!
[01-10 21:04:37]not found [winterland] map!!!
[01-10 21:04:37]not found [winterland] map!!!
[01-10 21:04:42]not found [winterland] map!!!
[01-10 21:04:42]not found [winterland] map!!!
[01-10 21:04:42]not found [winterland] map!!!
[01-10 21:04:42]not found [winterland] map!!!
[01-10 21:04:47]not found [winterland] map!!!
[01-10 21:04:47]not found [winterland] map!!!
[01-10 21:04:47]not found [winterland] map!!!
[01-10 21:04:47]not found [winterland] map!!!
[01-10 21:04:52]not found [winterland] map!!!
[01-10 21:04:52]not found [winterland] map!!!
[01-10 21:04:52]not found [winterland] map!!!
[01-10 21:04:52]not found [winterland] map!!!
[01-10 21:04:57]not found [winterland] map!!!
[01-10 21:04:57]not found [winterland] map!!!
[01-10 21:04:57]not found [winterland] map!!!
[01-10 21:04:57]not found [winterland] map!!!
[01-10 21:05:02]not found [winterland] map!!!
[01-10 21:05:02]not found [winterland] map!!!
[01-10 21:05:02]not found [winterland] map!!!
[01-10 21:05:02]not found [winterland] map!!!
[01-10 21:05:07]not found [winterland] map!!!
[01-10 21:05:07]not found [winterland] map!!!
[01-10 21:05:07]not found [winterland] map!!!
[01-10 21:05:07]not found [winterland] map!!!
[01-10 21:05:12]not found [winterland] map!!!
[01-10 21:05:12]not found [winterland] map!!!
[01-10 21:05:12]not found [winterland] map!!!
[01-10 21:05:12]not found [winterland] map!!!
[01-10 21:05:17]not found [winterland] map!!!
[01-10 21:05:17]not found [winterland] map!!!
[01-10 21:05:17]not found [winterland] map!!!
[01-10 21:05:17]not found [winterland] map!!!
[01-10 21:05:22]not found [winterland] map!!!
[01-10 21:05:22]not found [winterland] map!!!
[01-10 21:05:22]not found [winterland] map!!!
[01-10 21:05:22]not found [winterland] map!!!
[01-10 21:05:27]not found [winterland] map!!!
[01-10 21:05:27]not found [winterland] map!!!
[01-10 21:05:27]not found [winterland] map!!!
[01-10 21:05:27]not found [winterland] map!!!
[01-10 21:05:32]not found [winterland] map!!!
[01-10 21:05:32]not found [winterland] map!!!
[01-10 21:05:32]not found [winterland] map!!!
[01-10 21:05:32]not found [winterland] map!!!
[01-10 21:05:37]not found [winterland] map!!!
[01-10 21:05:37]not found [winterland] map!!!
[01-10 21:05:37]not found [winterland] map!!!
[01-10 21:05:37]not found [winterland] map!!!
[01-10 21:05:42]not found [winterland] map!!!
[01-10 21:05:42]not found [winterland] map!!!
[01-10 21:05:42]not found [winterland] map!!!
[01-10 21:05:42]not found [winterland] map!!!
[01-10 21:05:47]not found [winterland] map!!!
[01-10 21:05:47]not found [winterland] map!!!
[01-10 21:05:47]not found [winterland] map!!!
[01-10 21:05:47]not found [winterland] map!!!
[01-10 21:05:52]not found [winterland] map!!!
[01-10 21:05:52]not found [winterland] map!!!
[01-10 21:05:52]not found [winterland] map!!!
[01-10 21:05:52]not found [winterland] map!!!
[01-10 21:05:57]not found [winterland] map!!!
[01-10 21:05:57]not found [winterland] map!!!
[01-10 21:05:57]not found [winterland] map!!!
[01-10 21:05:57]not found [winterland] map!!!
[01-10 21:06:02]not found [winterland] map!!!
[01-10 21:06:02]not found [winterland] map!!!
[01-10 21:06:02]not found [winterland] map!!!
[01-10 21:06:02]not found [winterland] map!!!
[01-10 21:06:07]not found [winterland] map!!!
[01-10 21:06:07]not found [winterland] map!!!
[01-10 21:06:07]not found [winterland] map!!!
[01-10 21:06:07]not found [winterland] map!!!
[01-10 21:06:12]not found [winterland] map!!!
[01-10 21:06:12]not found [winterland] map!!!
[01-10 21:06:12]not found [winterland] map!!!
[01-10 21:06:12]not found [winterland] map!!!
[01-10 21:06:17]not found [winterland] map!!!
[01-10 21:06:17]not found [winterland] map!!!
[01-10 21:06:17]not found [winterland] map!!!
[01-10 21:06:17]not found [winterland] map!!!
[01-10 21:06:22]not found [winterland] map!!!
[01-10 21:06:22]not found [winterland] map!!!
[01-10 21:06:22]not found [winterland] map!!!
[01-10 21:06:22]not found [winterland] map!!!
[01-10 21:06:27]not found [winterland] map!!!
[01-10 21:06:27]not found [winterland] map!!!
[01-10 21:06:27]not found [winterland] map!!!
[01-10 21:06:27]not found [winterland] map!!!
[01-10 21:06:32]not found [winterland] map!!!
[01-10 21:06:32]not found [winterland] map!!!
[01-10 21:06:32]not found [winterland] map!!!
[01-10 21:06:32]not found [winterland] map!!!
[01-10 21:06:37]not found [winterland] map!!!
[01-10 21:06:37]not found [winterland] map!!!
[01-10 21:06:37]not found [winterland] map!!!
[01-10 21:06:37]not found [winterland] map!!!
[01-10 21:06:42]not found [winterland] map!!!
[01-10 21:06:42]not found [winterland] map!!!
[01-10 21:06:42]not found [winterland] map!!!
[01-10 21:06:42]not found [winterland] map!!!
[01-10 21:06:47]not found [winterland] map!!!
[01-10 21:06:47]not found [winterland] map!!!
[01-10 21:06:47]not found [winterland] map!!!
[01-10 21:06:47]not found [winterland] map!!!
[01-10 21:06:52]not found [winterland] map!!!
[01-10 21:06:52]not found [winterland] map!!!
[01-10 21:06:52]not found [winterland] map!!!
[01-10 21:06:52]not found [winterland] map!!!
[01-10 21:06:57]not found [winterland] map!!!
[01-10 21:06:57]not found [winterland] map!!!
[01-10 21:06:57]not found [winterland] map!!!
[01-10 21:06:57]not found [winterland] map!!!
[01-10 21:07:02]not found [winterland] map!!!
[01-10 21:07:02]not found [winterland] map!!!
[01-10 21:07:02]not found [winterland] map!!!
[01-10 21:07:02]not found [winterland] map!!!
[01-10 21:07:07]not found [winterland] map!!!
[01-10 21:07:07]not found [winterland] map!!!
[01-10 21:07:07]not found [winterland] map!!!
[01-10 21:07:07]not found [winterland] map!!!
[01-10 21:07:12]not found [winterland] map!!!
[01-10 21:07:12]not found [winterland] map!!!
[01-10 21:07:12]not found [winterland] map!!!
[01-10 21:07:12]not found [winterland] map!!!
[01-10 21:07:17]not found [winterland] map!!!
[01-10 21:07:17]not found [winterland] map!!!
[01-10 21:07:17]not found [winterland] map!!!
[01-10 21:07:17]not found [winterland] map!!!
[01-10 21:07:22]not found [winterland] map!!!
[01-10 21:07:22]not found [winterland] map!!!
[01-10 21:07:22]not found [winterland] map!!!
[01-10 21:07:22]not found [winterland] map!!!
[01-10 21:07:27]not found [winterland] map!!!
[01-10 21:07:27]not found [winterland] map!!!
[01-10 21:07:27]not found [winterland] map!!!
[01-10 21:07:27]not found [winterland] map!!!
[01-10 21:07:32]not found [winterland] map!!!
[01-10 21:07:32]not found [winterland] map!!!
[01-10 21:07:32]not found [winterland] map!!!
[01-10 21:07:32]not found [winterland] map!!!
[01-10 21:07:37]not found [winterland] map!!!
[01-10 21:07:37]not found [winterland] map!!!
[01-10 21:07:37]not found [winterland] map!!!
[01-10 21:07:37]not found [winterland] map!!!
[01-10 21:07:42]not found [winterland] map!!!
[01-10 21:07:42]not found [winterland] map!!!
[01-10 21:07:42]not found [winterland] map!!!
[01-10 21:07:42]not found [winterland] map!!!
[01-10 21:07:47]not found [winterland] map!!!
[01-10 21:07:47]not found [winterland] map!!!
[01-10 21:07:47]not found [winterland] map!!!
[01-10 21:07:47]not found [winterland] map!!!
[01-10 21:07:52]not found [winterland] map!!!
[01-10 21:07:52]not found [winterland] map!!!
[01-10 21:07:52]not found [winterland] map!!!
[01-10 21:07:52]not found [winterland] map!!!
[01-10 21:07:57]not found [winterland] map!!!
[01-10 21:07:57]not found [winterland] map!!!
[01-10 21:07:57]not found [winterland] map!!!
[01-10 21:07:57]not found [winterland] map!!!
[01-10 21:08:02]not found [winterland] map!!!
[01-10 21:08:02]not found [winterland] map!!!
[01-10 21:08:02]not found [winterland] map!!!
[01-10 21:08:02]not found [winterland] map!!!
[01-10 21:08:07]not found [winterland] map!!!
[01-10 21:08:07]not found [winterland] map!!!
[01-10 21:08:07]not found [winterland] map!!!
[01-10 21:08:07]not found [winterland] map!!!
[01-10 21:08:12]not found [winterland] map!!!
[01-10 21:08:12]not found [winterland] map!!!
[01-10 21:08:12]not found [winterland] map!!!
[01-10 21:08:12]not found [winterland] map!!!
[01-10 21:08:17]not found [winterland] map!!!
[01-10 21:08:17]not found [winterland] map!!!
[01-10 21:08:17]not found [winterland] map!!!
[01-10 21:08:17]not found [winterland] map!!!
[01-10 21:08:22]not found [winterland] map!!!
[01-10 21:08:22]not found [winterland] map!!!
[01-10 21:08:22]not found [winterland] map!!!
[01-10 21:08:22]not found [winterland] map!!!
[01-10 21:08:27]not found [winterland] map!!!
[01-10 21:08:27]not found [winterland] map!!!
[01-10 21:08:27]not found [winterland] map!!!
[01-10 21:08:27]not found [winterland] map!!!
[01-10 21:08:32]not found [winterland] map!!!
[01-10 21:08:32]not found [winterland] map!!!
[01-10 21:08:32]not found [winterland] map!!!
[01-10 21:08:32]not found [winterland] map!!!
[01-10 21:08:37]not found [winterland] map!!!
[01-10 21:08:37]not found [winterland] map!!!
[01-10 21:08:37]not found [winterland] map!!!
[01-10 21:08:37]not found [winterland] map!!!
[01-10 21:08:42]not found [winterland] map!!!
[01-10 21:08:42]not found [winterland] map!!!
[01-10 21:08:42]not found [winterland] map!!!
[01-10 21:08:42]not found [winterland] map!!!
[01-10 21:08:47]not found [winterland] map!!!
[01-10 21:08:47]not found [winterland] map!!!
[01-10 21:08:47]not found [winterland] map!!!
[01-10 21:08:47]not found [winterland] map!!!
[01-10 21:08:52]not found [winterland] map!!!
[01-10 21:08:52]not found [winterland] map!!!
[01-10 21:08:52]not found [winterland] map!!!
[01-10 21:08:52]not found [winterland] map!!!
[01-10 21:08:57]not found [winterland] map!!!
[01-10 21:08:57]not found [winterland] map!!!
[01-10 21:08:57]not found [winterland] map!!!
[01-10 21:08:57]not found [winterland] map!!!
[01-10 21:09:02]not found [winterland] map!!!
[01-10 21:09:02]not found [winterland] map!!!
[01-10 21:09:02]not found [winterland] map!!!
[01-10 21:09:02]not found [winterland] map!!!
[01-10 21:09:07]not found [winterland] map!!!
[01-10 21:09:07]not found [winterland] map!!!
[01-10 21:09:07]not found [winterland] map!!!
[01-10 21:09:07]not found [winterland] map!!!
[01-10 21:09:12]not found [winterland] map!!!
[01-10 21:09:12]not found [winterland] map!!!
[01-10 21:09:12]not found [winterland] map!!!
[01-10 21:09:12]not found [winterland] map!!!
[01-10 21:09:17]not found [winterland] map!!!
[01-10 21:09:17]not found [winterland] map!!!
[01-10 21:09:17]not found [winterland] map!!!
[01-10 21:09:17]not found [winterland] map!!!
[01-10 21:09:22]not found [winterland] map!!!
[01-10 21:09:22]not found [winterland] map!!!
[01-10 21:09:22]not found [winterland] map!!!
[01-10 21:09:22]not found [winterland] map!!!
[01-10 21:09:27]not found [winterland] map!!!
[01-10 21:09:27]not found [winterland] map!!!
[01-10 21:09:27]not found [winterland] map!!!
[01-10 21:09:27]not found [winterland] map!!!
[01-10 21:09:32]not found [winterland] map!!!
[01-10 21:09:32]not found [winterland] map!!!
[01-10 21:09:32]not found [winterland] map!!!
[01-10 21:09:32]not found [winterland] map!!!
[01-10 21:09:37]not found [winterland] map!!!
[01-10 21:09:37]not found [winterland] map!!!
[01-10 21:09:37]not found [winterland] map!!!
[01-10 21:09:37]not found [winterland] map!!!
[01-10 21:09:42]not found [winterland] map!!!
[01-10 21:09:42]not found [winterland] map!!!
[01-10 21:09:42]not found [winterland] map!!!
[01-10 21:09:42]not found [winterland] map!!!
[01-10 21:09:47]not found [winterland] map!!!
[01-10 21:09:47]not found [winterland] map!!!
[01-10 21:09:47]not found [winterland] map!!!
[01-10 21:09:47]not found [winterland] map!!!
[01-10 21:09:52]not found [winterland] map!!!
[01-10 21:09:52]not found [winterland] map!!!
[01-10 21:09:52]not found [winterland] map!!!
[01-10 21:09:52]not found [winterland] map!!!
[01-10 21:09:57]not found [winterland] map!!!
[01-10 21:09:57]not found [winterland] map!!!
[01-10 21:09:57]not found [winterland] map!!!
[01-10 21:09:57]not found [winterland] map!!!
[01-10 21:10:02]not found [winterland] map!!!
[01-10 21:10:02]not found [winterland] map!!!
[01-10 21:10:02]not found [winterland] map!!!
[01-10 21:10:02]not found [winterland] map!!!
